INFO - 2023-10-07 20:52:28 --> Session: Class initialized using 'CodeIgniter\Session\Handlers\FileHandler' driver.
ERROR - 2023-10-07 20:54:37 --> Error connecting to the database: mysqli_sql_exception: No se puede establecer una conexión ya que el equipo de destino denegó expresamente dicha conexión in C:\xampp\htdocs\SistemaDeInventarios\system\Database\MySQLi\Connection.php:173
Stack trace:
#0 C:\xampp\htdocs\SistemaDeInventarios\system\Database\MySQLi\Connection.php(173): mysqli->real_connect('localhost', 'root', Object(SensitiveParameterValue), 'inventario_inab', 3306, '', 0)
#1 C:\xampp\htdocs\SistemaDeInventarios\system\Database\BaseConnection.php(391): CodeIgniter\Database\MySQLi\Connection->connect(false)
#2 C:\xampp\htdocs\SistemaDeInventarios\system\Database\BaseConnection.php(574): CodeIgniter\Database\BaseConnection->initialize()
#3 C:\xampp\htdocs\SistemaDeInventarios\system\Database\BaseBuilder.php(1616): CodeIgniter\Database\BaseConnection->query('SELECT *\nFROM `...', Array, false)
#4 C:\xampp\htdocs\SistemaDeInventarios\system\Model.php(268): CodeIgniter\Database\BaseBuilder->get()
#5 C:\xampp\htdocs\SistemaDeInventarios\system\BaseModel.php(656): CodeIgniter\Model->doFirst()
#6 C:\xampp\htdocs\SistemaDeInventarios\app\Models\Model_Login.php(15): CodeIgniter\BaseModel->first()
#7 C:\xampp\htdocs\SistemaDeInventarios\app\Controllers\Login.php(28): App\Models\Model_Login->getUserBy('per_correo', 'carlos@carlos.c...')
#8 C:\xampp\htdocs\SistemaDeInventarios\system\CodeIgniter.php(932): App\Controllers\Login->signin()
#9 C:\xampp\htdocs\SistemaDeInventarios\system\CodeIgniter.php(497): CodeIgniter\CodeIgniter->runController(Object(App\Controllers\Login))
#10 C:\xampp\htdocs\SistemaDeInventarios\system\CodeIgniter.php(366): CodeIgniter\CodeIgniter->handleRequest(NULL, Object(Config\Cache), false)
#11 C:\xampp\htdocs\SistemaDeInventarios\index.php(67): CodeIgniter\CodeIgniter->run()
#12 {main}

Next CodeIgniter\Database\Exceptions\DatabaseException: No se puede establecer una conexión ya que el equipo de destino denegó expresamente dicha conexión in C:\xampp\htdocs\SistemaDeInventarios\system\Database\MySQLi\Connection.php:218
Stack trace:
#0 C:\xampp\htdocs\SistemaDeInventarios\system\Database\BaseConnection.php(391): CodeIgniter\Database\MySQLi\Connection->connect(false)
#1 C:\xampp\htdocs\SistemaDeInventarios\system\Database\BaseConnection.php(574): CodeIgniter\Database\BaseConnection->initialize()
#2 C:\xampp\htdocs\SistemaDeInventarios\system\Database\BaseBuilder.php(1616): CodeIgniter\Database\BaseConnection->query('SELECT *\nFROM `...', Array, false)
#3 C:\xampp\htdocs\SistemaDeInventarios\system\Model.php(268): CodeIgniter\Database\BaseBuilder->get()
#4 C:\xampp\htdocs\SistemaDeInventarios\system\BaseModel.php(656): CodeIgniter\Model->doFirst()
#5 C:\xampp\htdocs\SistemaDeInventarios\app\Models\Model_Login.php(15): CodeIgniter\BaseModel->first()
#6 C:\xampp\htdocs\SistemaDeInventarios\app\Controllers\Login.php(28): App\Models\Model_Login->getUserBy('per_correo', 'carlos@carlos.c...')
#7 C:\xampp\htdocs\SistemaDeInventarios\system\CodeIgniter.php(932): App\Controllers\Login->signin()
#8 C:\xampp\htdocs\SistemaDeInventarios\system\CodeIgniter.php(497): CodeIgniter\CodeIgniter->runController(Object(App\Controllers\Login))
#9 C:\xampp\htdocs\SistemaDeInventarios\system\CodeIgniter.php(366): CodeIgniter\CodeIgniter->handleRequest(NULL, Object(Config\Cache), false)
#10 C:\xampp\htdocs\SistemaDeInventarios\index.php(67): CodeIgniter\CodeIgniter->run()
#11 {main}
CRITICAL - 2023-10-07 20:54:37 --> Unable to connect to the database.
Main connection [MySQLi]: No se puede establecer una conexión ya que el equipo de destino denegó expresamente dicha conexión
in SYSTEMPATH\Database\BaseConnection.php on line 427.
 1 SYSTEMPATH\Database\BaseConnection.php(574): CodeIgniter\Database\BaseConnection->initialize()
 2 SYSTEMPATH\Database\BaseBuilder.php(1616): CodeIgniter\Database\BaseConnection->query('SELECT *
FROM `per_personal`
WHERE `per_correo` = :per_correo:
 LIMIT 1', [...], false)
 3 SYSTEMPATH\Model.php(268): CodeIgniter\Database\BaseBuilder->get()
 4 SYSTEMPATH\BaseModel.php(656): CodeIgniter\Model->doFirst()
 5 APPPATH\Models\Model_Login.php(15): CodeIgniter\BaseModel->first()
 6 APPPATH\Controllers\Login.php(28): App\Models\Model_Login->getUserBy('per_correo', 'carlos@carlos.com')
 7 SYSTEMPATH\CodeIgniter.php(932): App\Controllers\Login->signin()
 8 SYSTEMPATH\CodeIgniter.php(497): CodeIgniter\CodeIgniter->runController(Object(App\Controllers\Login))
 9 SYSTEMPATH\CodeIgniter.php(366): CodeIgniter\CodeIgniter->handleRequest(null, Object(Config\Cache), false)
10 FCPATH\index.php(67): CodeIgniter\CodeIgniter->run()
ERROR - 2023-10-07 20:54:38 --> Error connecting to the database: mysqli_sql_exception: No se puede establecer una conexión ya que el equipo de destino denegó expresamente dicha conexión in C:\xampp\htdocs\SistemaDeInventarios\system\Database\MySQLi\Connection.php:173
Stack trace:
#0 C:\xampp\htdocs\SistemaDeInventarios\system\Database\MySQLi\Connection.php(173): mysqli->real_connect('localhost', 'root', Object(SensitiveParameterValue), 'inventario_inab', 3306, '', 0)
#1 C:\xampp\htdocs\SistemaDeInventarios\system\Database\BaseConnection.php(391): CodeIgniter\Database\MySQLi\Connection->connect(false)
#2 C:\xampp\htdocs\SistemaDeInventarios\system\Database\BaseConnection.php(574): CodeIgniter\Database\BaseConnection->initialize()
#3 C:\xampp\htdocs\SistemaDeInventarios\system\Database\BaseBuilder.php(1616): CodeIgniter\Database\BaseConnection->query('SELECT *\nFROM `...', Array, false)
#4 C:\xampp\htdocs\SistemaDeInventarios\system\Model.php(268): CodeIgniter\Database\BaseBuilder->get()
#5 C:\xampp\htdocs\SistemaDeInventarios\system\BaseModel.php(656): CodeIgniter\Model->doFirst()
#6 C:\xampp\htdocs\SistemaDeInventarios\app\Models\Model_Login.php(15): CodeIgniter\BaseModel->first()
#7 C:\xampp\htdocs\SistemaDeInventarios\app\Controllers\Login.php(28): App\Models\Model_Login->getUserBy('per_correo', 'carlos@carlos.c...')
#8 C:\xampp\htdocs\SistemaDeInventarios\system\CodeIgniter.php(932): App\Controllers\Login->signin()
#9 C:\xampp\htdocs\SistemaDeInventarios\system\CodeIgniter.php(497): CodeIgniter\CodeIgniter->runController(Object(App\Controllers\Login))
#10 C:\xampp\htdocs\SistemaDeInventarios\system\CodeIgniter.php(366): CodeIgniter\CodeIgniter->handleRequest(NULL, Object(Config\Cache), false)
#11 C:\xampp\htdocs\SistemaDeInventarios\index.php(67): CodeIgniter\CodeIgniter->run()
#12 {main}

Next CodeIgniter\Database\Exceptions\DatabaseException: No se puede establecer una conexión ya que el equipo de destino denegó expresamente dicha conexión in C:\xampp\htdocs\SistemaDeInventarios\system\Database\MySQLi\Connection.php:218
Stack trace:
#0 C:\xampp\htdocs\SistemaDeInventarios\system\Database\BaseConnection.php(391): CodeIgniter\Database\MySQLi\Connection->connect(false)
#1 C:\xampp\htdocs\SistemaDeInventarios\system\Database\BaseConnection.php(574): CodeIgniter\Database\BaseConnection->initialize()
#2 C:\xampp\htdocs\SistemaDeInventarios\system\Database\BaseBuilder.php(1616): CodeIgniter\Database\BaseConnection->query('SELECT *\nFROM `...', Array, false)
#3 C:\xampp\htdocs\SistemaDeInventarios\system\Model.php(268): CodeIgniter\Database\BaseBuilder->get()
#4 C:\xampp\htdocs\SistemaDeInventarios\system\BaseModel.php(656): CodeIgniter\Model->doFirst()
#5 C:\xampp\htdocs\SistemaDeInventarios\app\Models\Model_Login.php(15): CodeIgniter\BaseModel->first()
#6 C:\xampp\htdocs\SistemaDeInventarios\app\Controllers\Login.php(28): App\Models\Model_Login->getUserBy('per_correo', 'carlos@carlos.c...')
#7 C:\xampp\htdocs\SistemaDeInventarios\system\CodeIgniter.php(932): App\Controllers\Login->signin()
#8 C:\xampp\htdocs\SistemaDeInventarios\system\CodeIgniter.php(497): CodeIgniter\CodeIgniter->runController(Object(App\Controllers\Login))
#9 C:\xampp\htdocs\SistemaDeInventarios\system\CodeIgniter.php(366): CodeIgniter\CodeIgniter->handleRequest(NULL, Object(Config\Cache), false)
#10 C:\xampp\htdocs\SistemaDeInventarios\index.php(67): CodeIgniter\CodeIgniter->run()
#11 {main}
CRITICAL - 2023-10-07 20:54:38 --> Unable to connect to the database.
Main connection [MySQLi]: No se puede establecer una conexión ya que el equipo de destino denegó expresamente dicha conexión
in SYSTEMPATH\Database\BaseConnection.php on line 427.
 1 SYSTEMPATH\Database\BaseConnection.php(574): CodeIgniter\Database\BaseConnection->initialize()
 2 SYSTEMPATH\Database\BaseBuilder.php(1616): CodeIgniter\Database\BaseConnection->query('SELECT *
FROM `per_personal`
WHERE `per_correo` = :per_correo:
 LIMIT 1', [...], false)
 3 SYSTEMPATH\Model.php(268): CodeIgniter\Database\BaseBuilder->get()
 4 SYSTEMPATH\BaseModel.php(656): CodeIgniter\Model->doFirst()
 5 APPPATH\Models\Model_Login.php(15): CodeIgniter\BaseModel->first()
 6 APPPATH\Controllers\Login.php(28): App\Models\Model_Login->getUserBy('per_correo', 'carlos@carlos.com')
 7 SYSTEMPATH\CodeIgniter.php(932): App\Controllers\Login->signin()
 8 SYSTEMPATH\CodeIgniter.php(497): CodeIgniter\CodeIgniter->runController(Object(App\Controllers\Login))
 9 SYSTEMPATH\CodeIgniter.php(366): CodeIgniter\CodeIgniter->handleRequest(null, Object(Config\Cache), false)
10 FCPATH\index.php(67): CodeIgniter\CodeIgniter->run()
WARNING - 2023-10-07 20:54:52 --> [DEPRECATED] trim(): Passing null to parameter #1 ($string) of type string is deprecated in APPPATH\Controllers\Login.php on line 23.
 1 APPPATH\Controllers\Login.php(23): trim(null)
 2 SYSTEMPATH\CodeIgniter.php(932): App\Controllers\Login->signin()
 3 SYSTEMPATH\CodeIgniter.php(497): CodeIgniter\CodeIgniter->runController(Object(App\Controllers\Login))
 4 SYSTEMPATH\CodeIgniter.php(366): CodeIgniter\CodeIgniter->handleRequest(null, Object(Config\Cache), false)
 5 FCPATH\index.php(67): CodeIgniter\CodeIgniter->run()
WARNING - 2023-10-07 20:54:52 --> [DEPRECATED] trim(): Passing null to parameter #1 ($string) of type string is deprecated in APPPATH\Controllers\Login.php on line 24.
 1 APPPATH\Controllers\Login.php(24): trim(null)
 2 SYSTEMPATH\CodeIgniter.php(932): App\Controllers\Login->signin()
 3 SYSTEMPATH\CodeIgniter.php(497): CodeIgniter\CodeIgniter->runController(Object(App\Controllers\Login))
 4 SYSTEMPATH\CodeIgniter.php(366): CodeIgniter\CodeIgniter->handleRequest(null, Object(Config\Cache), false)
 5 FCPATH\index.php(67): CodeIgniter\CodeIgniter->run()
INFO - 2023-10-07 20:54:53 --> Session: Class initialized using 'CodeIgniter\Session\Handlers\FileHandler' driver.
INFO - 2023-10-07 20:54:53 --> Session: Class initialized using 'CodeIgniter\Session\Handlers\FileHandler' driver.
INFO - 2023-10-07 20:55:00 --> Session: Class initialized using 'CodeIgniter\Session\Handlers\FileHandler' driver.
INFO - 2023-10-07 20:55:01 --> Session: Class initialized using 'CodeIgniter\Session\Handlers\FileHandler' driver.
INFO - 2023-10-07 21:05:14 --> Session: Class initialized using 'CodeIgniter\Session\Handlers\FileHandler' driver.
INFO - 2023-10-07 21:05:18 --> Session: Class initialized using 'CodeIgniter\Session\Handlers\FileHandler' driver.
INFO - 2023-10-07 21:05:18 --> Session: Class initialized using 'CodeIgniter\Session\Handlers\FileHandler' driver.
INFO - 2023-10-07 21:05:25 --> Session: Class initialized using 'CodeIgniter\Session\Handlers\FileHandler' driver.
INFO - 2023-10-07 21:05:25 --> Session: Class initialized using 'CodeIgniter\Session\Handlers\FileHandler' driver.
INFO - 2023-10-07 21:05:27 --> Session: Class initialized using 'CodeIgniter\Session\Handlers\FileHandler' driver.
INFO - 2023-10-07 21:16:13 --> Session: Class initialized using 'CodeIgniter\Session\Handlers\FileHandler' driver.
INFO - 2023-10-07 21:16:22 --> Session: Class initialized using 'CodeIgniter\Session\Handlers\FileHandler' driver.
