CRITICAL - 2023-08-28 20:38:42 --> Undefined variable $per_correo
in APPPATH/Views/Layout/Header.php on line 83.
 1 APPPATH/Views/Layout/Header.php(83): CodeIgniter\Debug\Exceptions->errorHandler(2, 'Undefined variable $per_correo', '/www/SistemaDeInventarioPropio/app/Views/Layout/Header.php', 83)
 2 SYSTEMPATH/View/View.php(224): include('/www/SistemaDeInventarioPropio/app/Views/Layout/Header.php')
 3 SYSTEMPATH/View/View.php(227): CodeIgniter\View\View->CodeIgniter\View\{closure}()
 4 SYSTEMPATH/View/View.php(452): CodeIgniter\View\View->render('Layout/Header', null, true)
 5 APPPATH/Views/Admin/HomeAdmin.php(31): CodeIgniter\View\View->include('Layout/Header')
 6 SYSTEMPATH/View/View.php(224): include('/www/SistemaDeInventarioPropio/app/Views/Admin/HomeAdmin.php')
 7 SYSTEMPATH/View/View.php(227): CodeIgniter\View\View->CodeIgniter\View\{closure}()
 8 SYSTEMPATH/Common.php(1180): CodeIgniter\View\View->render('Admin/HomeAdmin', [], true)
 9 APPPATH/Controllers/Admin.php(10): view('Admin/HomeAdmin')
10 SYSTEMPATH/CodeIgniter.php(932): App\Controllers\Admin->InicioAdmin()
11 SYSTEMPATH/CodeIgniter.php(497): CodeIgniter\CodeIgniter->runController(Object(App\Controllers\Admin))
12 SYSTEMPATH/CodeIgniter.php(366): CodeIgniter\CodeIgniter->handleRequest(null, Object(Config\Cache), false)
13 FCPATH/index.php(67): CodeIgniter\CodeIgniter->run()
CRITICAL - 2023-08-28 20:39:02 --> Undefined variable $per_correo
in APPPATH/Views/Layout/Header.php on line 83.
 1 APPPATH/Views/Layout/Header.php(83): CodeIgniter\Debug\Exceptions->errorHandler(2, 'Undefined variable $per_correo', '/www/SistemaDeInventarioPropio/app/Views/Layout/Header.php', 83)
 2 SYSTEMPATH/View/View.php(224): include('/www/SistemaDeInventarioPropio/app/Views/Layout/Header.php')
 3 SYSTEMPATH/View/View.php(227): CodeIgniter\View\View->CodeIgniter\View\{closure}()
 4 SYSTEMPATH/View/View.php(452): CodeIgniter\View\View->render('Layout/Header', null, true)
 5 APPPATH/Views/Admin/HomeAdmin.php(31): CodeIgniter\View\View->include('Layout/Header')
 6 SYSTEMPATH/View/View.php(224): include('/www/SistemaDeInventarioPropio/app/Views/Admin/HomeAdmin.php')
 7 SYSTEMPATH/View/View.php(227): CodeIgniter\View\View->CodeIgniter\View\{closure}()
 8 SYSTEMPATH/Common.php(1180): CodeIgniter\View\View->render('Admin/HomeAdmin', [], true)
 9 APPPATH/Controllers/Admin.php(10): view('Admin/HomeAdmin')
10 SYSTEMPATH/CodeIgniter.php(932): App\Controllers\Admin->InicioAdmin()
11 SYSTEMPATH/CodeIgniter.php(497): CodeIgniter\CodeIgniter->runController(Object(App\Controllers\Admin))
12 SYSTEMPATH/CodeIgniter.php(366): CodeIgniter\CodeIgniter->handleRequest(null, Object(Config\Cache), false)
13 FCPATH/index.php(67): CodeIgniter\CodeIgniter->run()
CRITICAL - 2023-08-28 20:40:15 --> syntax error, unexpected token ";"
in APPPATH/Views/Layout/Header.php on line 83.
 1 SYSTEMPATH/View/View.php(227): CodeIgniter\View\View->CodeIgniter\View\{closure}()
 2 SYSTEMPATH/View/View.php(452): CodeIgniter\View\View->render('Layout/Header', null, true)
 3 APPPATH/Views/Admin/HomeAdmin.php(31): CodeIgniter\View\View->include('Layout/Header')
 4 SYSTEMPATH/View/View.php(224): include('/www/SistemaDeInventarioPropio/app/Views/Admin/HomeAdmin.php')
 5 SYSTEMPATH/View/View.php(227): CodeIgniter\View\View->CodeIgniter\View\{closure}()
 6 SYSTEMPATH/Common.php(1180): CodeIgniter\View\View->render('Admin/HomeAdmin', [], true)
 7 APPPATH/Controllers/Admin.php(10): view('Admin/HomeAdmin')
 8 SYSTEMPATH/CodeIgniter.php(932): App\Controllers\Admin->InicioAdmin()
 9 SYSTEMPATH/CodeIgniter.php(497): CodeIgniter\CodeIgniter->runController(Object(App\Controllers\Admin))
10 SYSTEMPATH/CodeIgniter.php(366): CodeIgniter\CodeIgniter->handleRequest(null, Object(Config\Cache), false)
11 FCPATH/index.php(67): CodeIgniter\CodeIgniter->run()
INFO - 2023-08-28 20:59:15 --> Session: Class initialized using 'CodeIgniter\Session\Handlers\FileHandler' driver.
CRITICAL - 2023-08-28 20:59:15 --> Undefined variable $logged_in
in APPPATH/Views/Admin/HomeAdmin.php on line 4.
 1 APPPATH/Views/Admin/HomeAdmin.php(4): CodeIgniter\Debug\Exceptions->errorHandler(2, 'Undefined variable $logged_in', '/www/SistemaDeInventarioPropio/app/Views/Admin/HomeAdmin.php', 4)
 2 SYSTEMPATH/View/View.php(224): include('/www/SistemaDeInventarioPropio/app/Views/Admin/HomeAdmin.php')
 3 SYSTEMPATH/View/View.php(227): CodeIgniter\View\View->CodeIgniter\View\{closure}()
 4 SYSTEMPATH/Common.php(1180): CodeIgniter\View\View->render('Admin/HomeAdmin', [], true)
 5 APPPATH/Controllers/Admin.php(10): view('Admin/HomeAdmin')
 6 SYSTEMPATH/CodeIgniter.php(932): App\Controllers\Admin->InicioAdmin()
 7 SYSTEMPATH/CodeIgniter.php(497): CodeIgniter\CodeIgniter->runController(Object(App\Controllers\Admin))
 8 SYSTEMPATH/CodeIgniter.php(366): CodeIgniter\CodeIgniter->handleRequest(null, Object(Config\Cache), false)
 9 FCPATH/index.php(67): CodeIgniter\CodeIgniter->run()
INFO - 2023-08-28 21:00:44 --> Session: Class initialized using 'CodeIgniter\Session\Handlers\FileHandler' driver.
CRITICAL - 2023-08-28 21:00:44 --> Undefined variable $logged_in
in APPPATH/Views/Admin/HomeAdmin.php on line 4.
 1 APPPATH/Views/Admin/HomeAdmin.php(4): CodeIgniter\Debug\Exceptions->errorHandler(2, 'Undefined variable $logged_in', '/www/SistemaDeInventarioPropio/app/Views/Admin/HomeAdmin.php', 4)
 2 SYSTEMPATH/View/View.php(224): include('/www/SistemaDeInventarioPropio/app/Views/Admin/HomeAdmin.php')
 3 SYSTEMPATH/View/View.php(227): CodeIgniter\View\View->CodeIgniter\View\{closure}()
 4 SYSTEMPATH/Common.php(1180): CodeIgniter\View\View->render('Admin/HomeAdmin', [], true)
 5 APPPATH/Controllers/Admin.php(10): view('Admin/HomeAdmin')
 6 SYSTEMPATH/CodeIgniter.php(932): App\Controllers\Admin->InicioAdmin()
 7 SYSTEMPATH/CodeIgniter.php(497): CodeIgniter\CodeIgniter->runController(Object(App\Controllers\Admin))
 8 SYSTEMPATH/CodeIgniter.php(366): CodeIgniter\CodeIgniter->handleRequest(null, Object(Config\Cache), false)
 9 FCPATH/index.php(67): CodeIgniter\CodeIgniter->run()
INFO - 2023-08-28 21:03:51 --> Session: Class initialized using 'CodeIgniter\Session\Handlers\FileHandler' driver.
CRITICAL - 2023-08-28 21:03:51 --> Undefined variable $logged_in
in APPPATH/Views/Admin/HomeAdmin.php on line 4.
 1 APPPATH/Views/Admin/HomeAdmin.php(4): CodeIgniter\Debug\Exceptions->errorHandler(2, 'Undefined variable $logged_in', '/www/SistemaDeInventarioPropio/app/Views/Admin/HomeAdmin.php', 4)
 2 SYSTEMPATH/View/View.php(224): include('/www/SistemaDeInventarioPropio/app/Views/Admin/HomeAdmin.php')
 3 SYSTEMPATH/View/View.php(227): CodeIgniter\View\View->CodeIgniter\View\{closure}()
 4 SYSTEMPATH/Common.php(1180): CodeIgniter\View\View->render('Admin/HomeAdmin', [], true)
 5 APPPATH/Controllers/Admin.php(10): view('Admin/HomeAdmin')
 6 SYSTEMPATH/CodeIgniter.php(932): App\Controllers\Admin->InicioAdmin()
 7 SYSTEMPATH/CodeIgniter.php(497): CodeIgniter\CodeIgniter->runController(Object(App\Controllers\Admin))
 8 SYSTEMPATH/CodeIgniter.php(366): CodeIgniter\CodeIgniter->handleRequest(null, Object(Config\Cache), false)
 9 FCPATH/index.php(67): CodeIgniter\CodeIgniter->run()
INFO - 2023-08-28 21:09:25 --> Session: Class initialized using 'CodeIgniter\Session\Handlers\FileHandler' driver.
CRITICAL - 2023-08-28 21:09:25 --> Undefined variable $logged_in
in APPPATH/Views/Admin/HomeAdmin.php on line 4.
 1 APPPATH/Views/Admin/HomeAdmin.php(4): CodeIgniter\Debug\Exceptions->errorHandler(2, 'Undefined variable $logged_in', '/www/SistemaDeInventarioPropio/app/Views/Admin/HomeAdmin.php', 4)
 2 SYSTEMPATH/View/View.php(224): include('/www/SistemaDeInventarioPropio/app/Views/Admin/HomeAdmin.php')
 3 SYSTEMPATH/View/View.php(227): CodeIgniter\View\View->CodeIgniter\View\{closure}()
 4 SYSTEMPATH/Common.php(1180): CodeIgniter\View\View->render('Admin/HomeAdmin', [], true)
 5 APPPATH/Controllers/Admin.php(10): view('Admin/HomeAdmin')
 6 SYSTEMPATH/CodeIgniter.php(932): App\Controllers\Admin->InicioAdmin()
 7 SYSTEMPATH/CodeIgniter.php(497): CodeIgniter\CodeIgniter->runController(Object(App\Controllers\Admin))
 8 SYSTEMPATH/CodeIgniter.php(366): CodeIgniter\CodeIgniter->handleRequest(null, Object(Config\Cache), false)
 9 FCPATH/index.php(67): CodeIgniter\CodeIgniter->run()
INFO - 2023-08-28 21:09:41 --> Session: Class initialized using 'CodeIgniter\Session\Handlers\FileHandler' driver.
CRITICAL - 2023-08-28 21:09:41 --> Undefined variable $logged_in
in APPPATH/Views/Admin/HomeAdmin.php on line 4.
 1 APPPATH/Views/Admin/HomeAdmin.php(4): CodeIgniter\Debug\Exceptions->errorHandler(2, 'Undefined variable $logged_in', '/www/SistemaDeInventarioPropio/app/Views/Admin/HomeAdmin.php', 4)
 2 SYSTEMPATH/View/View.php(224): include('/www/SistemaDeInventarioPropio/app/Views/Admin/HomeAdmin.php')
 3 SYSTEMPATH/View/View.php(227): CodeIgniter\View\View->CodeIgniter\View\{closure}()
 4 SYSTEMPATH/Common.php(1180): CodeIgniter\View\View->render('Admin/HomeAdmin', [], true)
 5 APPPATH/Controllers/Admin.php(10): view('Admin/HomeAdmin')
 6 SYSTEMPATH/CodeIgniter.php(932): App\Controllers\Admin->InicioAdmin()
 7 SYSTEMPATH/CodeIgniter.php(497): CodeIgniter\CodeIgniter->runController(Object(App\Controllers\Admin))
 8 SYSTEMPATH/CodeIgniter.php(366): CodeIgniter\CodeIgniter->handleRequest(null, Object(Config\Cache), false)
 9 FCPATH/index.php(67): CodeIgniter\CodeIgniter->run()
INFO - 2023-08-28 21:12:18 --> Session: Class initialized using 'CodeIgniter\Session\Handlers\FileHandler' driver.
CRITICAL - 2023-08-28 21:12:18 --> Undefined variable $logged_in
in APPPATH/Views/Admin/HomeAdmin.php on line 4.
 1 APPPATH/Views/Admin/HomeAdmin.php(4): CodeIgniter\Debug\Exceptions->errorHandler(2, 'Undefined variable $logged_in', '/www/SistemaDeInventarioPropio/app/Views/Admin/HomeAdmin.php', 4)
 2 SYSTEMPATH/View/View.php(224): include('/www/SistemaDeInventarioPropio/app/Views/Admin/HomeAdmin.php')
 3 SYSTEMPATH/View/View.php(227): CodeIgniter\View\View->CodeIgniter\View\{closure}()
 4 SYSTEMPATH/Common.php(1180): CodeIgniter\View\View->render('Admin/HomeAdmin', [], true)
 5 APPPATH/Controllers/Admin.php(10): view('Admin/HomeAdmin')
 6 SYSTEMPATH/CodeIgniter.php(932): App\Controllers\Admin->InicioAdmin()
 7 SYSTEMPATH/CodeIgniter.php(497): CodeIgniter\CodeIgniter->runController(Object(App\Controllers\Admin))
 8 SYSTEMPATH/CodeIgniter.php(366): CodeIgniter\CodeIgniter->handleRequest(null, Object(Config\Cache), false)
 9 FCPATH/index.php(67): CodeIgniter\CodeIgniter->run()
CRITICAL - 2023-08-28 21:14:39 --> Undefined variable $logged_in
in APPPATH/Views/Admin/HomeAdmin.php on line 5.
 1 APPPATH/Views/Admin/HomeAdmin.php(5): CodeIgniter\Debug\Exceptions->errorHandler(2, 'Undefined variable $logged_in', '/www/SistemaDeInventarioPropio/app/Views/Admin/HomeAdmin.php', 5)
 2 SYSTEMPATH/View/View.php(224): include('/www/SistemaDeInventarioPropio/app/Views/Admin/HomeAdmin.php')
 3 SYSTEMPATH/View/View.php(227): CodeIgniter\View\View->CodeIgniter\View\{closure}()
 4 SYSTEMPATH/Common.php(1180): CodeIgniter\View\View->render('Admin/HomeAdmin', [], true)
 5 APPPATH/Controllers/Admin.php(10): view('Admin/HomeAdmin')
 6 SYSTEMPATH/CodeIgniter.php(932): App\Controllers\Admin->InicioAdmin()
 7 SYSTEMPATH/CodeIgniter.php(497): CodeIgniter\CodeIgniter->runController(Object(App\Controllers\Admin))
 8 SYSTEMPATH/CodeIgniter.php(366): CodeIgniter\CodeIgniter->handleRequest(null, Object(Config\Cache), false)
 9 FCPATH/index.php(67): CodeIgniter\CodeIgniter->run()
CRITICAL - 2023-08-28 21:22:17 --> Undefined variable $logged_in
in APPPATH/Views/Admin/HomeAdmin.php on line 5.
 1 APPPATH/Views/Admin/HomeAdmin.php(5): CodeIgniter\Debug\Exceptions->errorHandler(2, 'Undefined variable $logged_in', '/www/SistemaDeInventarioPropio/app/Views/Admin/HomeAdmin.php', 5)
 2 SYSTEMPATH/View/View.php(224): include('/www/SistemaDeInventarioPropio/app/Views/Admin/HomeAdmin.php')
 3 SYSTEMPATH/View/View.php(227): CodeIgniter\View\View->CodeIgniter\View\{closure}()
 4 SYSTEMPATH/Common.php(1180): CodeIgniter\View\View->render('Admin/HomeAdmin', [], true)
 5 APPPATH/Controllers/Admin.php(10): view('Admin/HomeAdmin')
 6 SYSTEMPATH/CodeIgniter.php(932): App\Controllers\Admin->InicioAdmin()
 7 SYSTEMPATH/CodeIgniter.php(497): CodeIgniter\CodeIgniter->runController(Object(App\Controllers\Admin))
 8 SYSTEMPATH/CodeIgniter.php(366): CodeIgniter\CodeIgniter->handleRequest(null, Object(Config\Cache), false)
 9 FCPATH/index.php(67): CodeIgniter\CodeIgniter->run()
CRITICAL - 2023-08-28 21:23:14 --> Undefined variable $logged_in
in APPPATH/Views/Admin/HomeAdmin.php on line 5.
 1 APPPATH/Views/Admin/HomeAdmin.php(5): CodeIgniter\Debug\Exceptions->errorHandler(2, 'Undefined variable $logged_in', '/www/SistemaDeInventarioPropio/app/Views/Admin/HomeAdmin.php', 5)
 2 SYSTEMPATH/View/View.php(224): include('/www/SistemaDeInventarioPropio/app/Views/Admin/HomeAdmin.php')
 3 SYSTEMPATH/View/View.php(227): CodeIgniter\View\View->CodeIgniter\View\{closure}()
 4 SYSTEMPATH/Common.php(1180): CodeIgniter\View\View->render('Admin/HomeAdmin', [], true)
 5 APPPATH/Controllers/Admin.php(10): view('Admin/HomeAdmin')
 6 SYSTEMPATH/CodeIgniter.php(932): App\Controllers\Admin->InicioAdmin()
 7 SYSTEMPATH/CodeIgniter.php(497): CodeIgniter\CodeIgniter->runController(Object(App\Controllers\Admin))
 8 SYSTEMPATH/CodeIgniter.php(366): CodeIgniter\CodeIgniter->handleRequest(null, Object(Config\Cache), false)
 9 FCPATH/index.php(67): CodeIgniter\CodeIgniter->run()
CRITICAL - 2023-08-28 22:11:33 --> syntax error, unexpected token "echo"
in APPPATH/Views/Layout/Header.php on line 83.
 1 SYSTEMPATH/View/View.php(227): CodeIgniter\View\View->CodeIgniter\View\{closure}()
 2 SYSTEMPATH/View/View.php(452): CodeIgniter\View\View->render('Layout/Header', null, true)
 3 APPPATH/Views/Admin/HomeAdmin.php(31): CodeIgniter\View\View->include('Layout/Header')
 4 SYSTEMPATH/View/View.php(224): include('/www/SistemaDeInventarioPropio/app/Views/Admin/HomeAdmin.php')
 5 SYSTEMPATH/View/View.php(227): CodeIgniter\View\View->CodeIgniter\View\{closure}()
 6 SYSTEMPATH/Common.php(1180): CodeIgniter\View\View->render('Admin/HomeAdmin', [], true)
 7 APPPATH/Controllers/Admin.php(10): view('Admin/HomeAdmin')
 8 SYSTEMPATH/CodeIgniter.php(932): App\Controllers\Admin->InicioAdmin()
 9 SYSTEMPATH/CodeIgniter.php(497): CodeIgniter\CodeIgniter->runController(Object(App\Controllers\Admin))
10 SYSTEMPATH/CodeIgniter.php(366): CodeIgniter\CodeIgniter->handleRequest(null, Object(Config\Cache), false)
11 FCPATH/index.php(67): CodeIgniter\CodeIgniter->run()
CRITICAL - 2023-08-28 22:11:47 --> Undefined global variable $_SESSION
in APPPATH/Views/Layout/Header.php on line 83.
 1 APPPATH/Views/Layout/Header.php(83): CodeIgniter\Debug\Exceptions->errorHandler(2, 'Undefined global variable $_SESSION', '/www/SistemaDeInventarioPropio/app/Views/Layout/Header.php', 83)
 2 SYSTEMPATH/View/View.php(224): include('/www/SistemaDeInventarioPropio/app/Views/Layout/Header.php')
 3 SYSTEMPATH/View/View.php(227): CodeIgniter\View\View->CodeIgniter\View\{closure}()
 4 SYSTEMPATH/View/View.php(452): CodeIgniter\View\View->render('Layout/Header', null, true)
 5 APPPATH/Views/Admin/HomeAdmin.php(31): CodeIgniter\View\View->include('Layout/Header')
 6 SYSTEMPATH/View/View.php(224): include('/www/SistemaDeInventarioPropio/app/Views/Admin/HomeAdmin.php')
 7 SYSTEMPATH/View/View.php(227): CodeIgniter\View\View->CodeIgniter\View\{closure}()
 8 SYSTEMPATH/Common.php(1180): CodeIgniter\View\View->render('Admin/HomeAdmin', [], true)
 9 APPPATH/Controllers/Admin.php(10): view('Admin/HomeAdmin')
10 SYSTEMPATH/CodeIgniter.php(932): App\Controllers\Admin->InicioAdmin()
11 SYSTEMPATH/CodeIgniter.php(497): CodeIgniter\CodeIgniter->runController(Object(App\Controllers\Admin))
12 SYSTEMPATH/CodeIgniter.php(366): CodeIgniter\CodeIgniter->handleRequest(null, Object(Config\Cache), false)
13 FCPATH/index.php(67): CodeIgniter\CodeIgniter->run()
CRITICAL - 2023-08-28 22:42:02 --> syntax error, unexpected token "echo"
in APPPATH/Views/Layout/Header.php on line 83.
 1 SYSTEMPATH/View/View.php(227): CodeIgniter\View\View->CodeIgniter\View\{closure}()
 2 SYSTEMPATH/View/View.php(452): CodeIgniter\View\View->render('Layout/Header', null, true)
 3 APPPATH/Views/Admin/HomeAdmin.php(31): CodeIgniter\View\View->include('Layout/Header')
 4 SYSTEMPATH/View/View.php(224): include('/www/SistemaDeInventarioPropio/app/Views/Admin/HomeAdmin.php')
 5 SYSTEMPATH/View/View.php(227): CodeIgniter\View\View->CodeIgniter\View\{closure}()
 6 SYSTEMPATH/Common.php(1180): CodeIgniter\View\View->render('Admin/HomeAdmin', [], true)
 7 APPPATH/Controllers/Admin.php(10): view('Admin/HomeAdmin')
 8 SYSTEMPATH/CodeIgniter.php(932): App\Controllers\Admin->InicioAdmin()
 9 SYSTEMPATH/CodeIgniter.php(497): CodeIgniter\CodeIgniter->runController(Object(App\Controllers\Admin))
10 SYSTEMPATH/CodeIgniter.php(366): CodeIgniter\CodeIgniter->handleRequest(null, Object(Config\Cache), false)
11 FCPATH/index.php(67): CodeIgniter\CodeIgniter->run()
CRITICAL - 2023-08-28 22:46:22 --> Undefined array key "per_correo"
in APPPATH/Views/Layout/Header.php on line 83.
 1 APPPATH/Views/Layout/Header.php(83): CodeIgniter\Debug\Exceptions->errorHandler(2, 'Undefined array key "per_correo"', '/www/SistemaDeInventarioPropio/app/Views/Layout/Header.php', 83)
 2 SYSTEMPATH/View/View.php(224): include('/www/SistemaDeInventarioPropio/app/Views/Layout/Header.php')
 3 SYSTEMPATH/View/View.php(227): CodeIgniter\View\View->CodeIgniter\View\{closure}()
 4 SYSTEMPATH/View/View.php(452): CodeIgniter\View\View->render('Layout/Header', null, true)
 5 APPPATH/Views/Admin/HomeAdmin.php(32): CodeIgniter\View\View->include('Layout/Header')
 6 SYSTEMPATH/View/View.php(224): include('/www/SistemaDeInventarioPropio/app/Views/Admin/HomeAdmin.php')
 7 SYSTEMPATH/View/View.php(227): CodeIgniter\View\View->CodeIgniter\View\{closure}()
 8 SYSTEMPATH/Common.php(1180): CodeIgniter\View\View->render('Admin/HomeAdmin', [], true)
 9 APPPATH/Controllers/Admin.php(10): view('Admin/HomeAdmin')
10 SYSTEMPATH/CodeIgniter.php(932): App\Controllers\Admin->InicioAdmin()
11 SYSTEMPATH/CodeIgniter.php(497): CodeIgniter\CodeIgniter->runController(Object(App\Controllers\Admin))
12 SYSTEMPATH/CodeIgniter.php(366): CodeIgniter\CodeIgniter->handleRequest(null, Object(Config\Cache), false)
13 FCPATH/index.php(67): CodeIgniter\CodeIgniter->run()
CRITICAL - 2023-08-28 22:49:15 --> Undefined array key "per_correo"
in APPPATH/Views/Layout/Header.php on line 89.
 1 APPPATH/Views/Layout/Header.php(89): CodeIgniter\Debug\Exceptions->errorHandler(2, 'Undefined array key "per_correo"', '/www/SistemaDeInventarioPropio/app/Views/Layout/Header.php', 89)
 2 SYSTEMPATH/View/View.php(224): include('/www/SistemaDeInventarioPropio/app/Views/Layout/Header.php')
 3 SYSTEMPATH/View/View.php(227): CodeIgniter\View\View->CodeIgniter\View\{closure}()
 4 SYSTEMPATH/View/View.php(452): CodeIgniter\View\View->render('Layout/Header', null, true)
 5 APPPATH/Views/Admin/HomeAdmin.php(32): CodeIgniter\View\View->include('Layout/Header')
 6 SYSTEMPATH/View/View.php(224): include('/www/SistemaDeInventarioPropio/app/Views/Admin/HomeAdmin.php')
 7 SYSTEMPATH/View/View.php(227): CodeIgniter\View\View->CodeIgniter\View\{closure}()
 8 SYSTEMPATH/Common.php(1180): CodeIgniter\View\View->render('Admin/HomeAdmin', [], true)
 9 APPPATH/Controllers/Admin.php(10): view('Admin/HomeAdmin')
10 SYSTEMPATH/CodeIgniter.php(932): App\Controllers\Admin->InicioAdmin()
11 SYSTEMPATH/CodeIgniter.php(497): CodeIgniter\CodeIgniter->runController(Object(App\Controllers\Admin))
12 SYSTEMPATH/CodeIgniter.php(366): CodeIgniter\CodeIgniter->handleRequest(null, Object(Config\Cache), false)
13 FCPATH/index.php(67): CodeIgniter\CodeIgniter->run()
CRITICAL - 2023-08-28 22:50:07 --> Undefined variable $sesion
in APPPATH/Views/Layout/Header.php on line 89.
 1 APPPATH/Views/Layout/Header.php(89): CodeIgniter\Debug\Exceptions->errorHandler(2, 'Undefined variable $sesion', '/www/SistemaDeInventarioPropio/app/Views/Layout/Header.php', 89)
 2 SYSTEMPATH/View/View.php(224): include('/www/SistemaDeInventarioPropio/app/Views/Layout/Header.php')
 3 SYSTEMPATH/View/View.php(227): CodeIgniter\View\View->CodeIgniter\View\{closure}()
 4 SYSTEMPATH/View/View.php(452): CodeIgniter\View\View->render('Layout/Header', null, true)
 5 APPPATH/Views/Admin/HomeAdmin.php(32): CodeIgniter\View\View->include('Layout/Header')
 6 SYSTEMPATH/View/View.php(224): include('/www/SistemaDeInventarioPropio/app/Views/Admin/HomeAdmin.php')
 7 SYSTEMPATH/View/View.php(227): CodeIgniter\View\View->CodeIgniter\View\{closure}()
 8 SYSTEMPATH/Common.php(1180): CodeIgniter\View\View->render('Admin/HomeAdmin', [], true)
 9 APPPATH/Controllers/Admin.php(10): view('Admin/HomeAdmin')
10 SYSTEMPATH/CodeIgniter.php(932): App\Controllers\Admin->InicioAdmin()
11 SYSTEMPATH/CodeIgniter.php(497): CodeIgniter\CodeIgniter->runController(Object(App\Controllers\Admin))
12 SYSTEMPATH/CodeIgniter.php(366): CodeIgniter\CodeIgniter->handleRequest(null, Object(Config\Cache), false)
13 FCPATH/index.php(67): CodeIgniter\CodeIgniter->run()
CRITICAL - 2023-08-28 22:50:49 --> Undefined variable $sesion
in APPPATH/Views/Layout/Header.php on line 89.
 1 APPPATH/Views/Layout/Header.php(89): CodeIgniter\Debug\Exceptions->errorHandler(2, 'Undefined variable $sesion', '/www/SistemaDeInventarioPropio/app/Views/Layout/Header.php', 89)
 2 SYSTEMPATH/View/View.php(224): include('/www/SistemaDeInventarioPropio/app/Views/Layout/Header.php')
 3 SYSTEMPATH/View/View.php(227): CodeIgniter\View\View->CodeIgniter\View\{closure}()
 4 SYSTEMPATH/View/View.php(452): CodeIgniter\View\View->render('Layout/Header', null, true)
 5 APPPATH/Views/Admin/HomeAdmin.php(32): CodeIgniter\View\View->include('Layout/Header')
 6 SYSTEMPATH/View/View.php(224): include('/www/SistemaDeInventarioPropio/app/Views/Admin/HomeAdmin.php')
 7 SYSTEMPATH/View/View.php(227): CodeIgniter\View\View->CodeIgniter\View\{closure}()
 8 SYSTEMPATH/Common.php(1180): CodeIgniter\View\View->render('Admin/HomeAdmin', [], true)
 9 APPPATH/Controllers/Admin.php(10): view('Admin/HomeAdmin')
10 SYSTEMPATH/CodeIgniter.php(932): App\Controllers\Admin->InicioAdmin()
11 SYSTEMPATH/CodeIgniter.php(497): CodeIgniter\CodeIgniter->runController(Object(App\Controllers\Admin))
12 SYSTEMPATH/CodeIgniter.php(366): CodeIgniter\CodeIgniter->handleRequest(null, Object(Config\Cache), false)
13 FCPATH/index.php(67): CodeIgniter\CodeIgniter->run()
CRITICAL - 2023-08-28 22:51:21 --> Cannot use object of type CodeIgniter\Session\Session as array
in APPPATH/Views/Admin/HomeAdmin.php on line 5.
 1 SYSTEMPATH/View/View.php(224): include()
 2 SYSTEMPATH/View/View.php(227): CodeIgniter\View\View->CodeIgniter\View\{closure}()
 3 SYSTEMPATH/Common.php(1180): CodeIgniter\View\View->render('Admin/HomeAdmin', [], true)
 4 APPPATH/Controllers/Admin.php(10): view('Admin/HomeAdmin')
 5 SYSTEMPATH/CodeIgniter.php(932): App\Controllers\Admin->InicioAdmin()
 6 SYSTEMPATH/CodeIgniter.php(497): CodeIgniter\CodeIgniter->runController(Object(App\Controllers\Admin))
 7 SYSTEMPATH/CodeIgniter.php(366): CodeIgniter\CodeIgniter->handleRequest(null, Object(Config\Cache), false)
 8 FCPATH/index.php(67): CodeIgniter\CodeIgniter->run()
