CRITICAL - 2023-10-16 20:19:19 --> Undefined variable $tca_datos
in APPPATH/Views/Compras/ListarCompra.php on line 642.
 1 APPPATH/Views/Compras/ListarCompra.php(642): CodeIgniter\Debug\Exceptions->errorHandler(2, 'Undefined variable $tca_datos', '/opt/lampp/htdocs/SistemaDeInventarios/app/Views/Compras/ListarCompra.php', 642)
 2 SYSTEMPATH/View/View.php(224): include('/opt/lampp/htdocs/SistemaDeInventarios/app/Views/Compras/ListarCompra.php')
 3 SYSTEMPATH/View/View.php(227): CodeIgniter\View\View->CodeIgniter\View\{closure}()
 4 SYSTEMPATH/Common.php(1180): CodeIgniter\View\View->render('Compras/ListarCompra', [], true)
 5 APPPATH/Controllers/Compras.php(63): view('Compras/ListarCompra', [...])
 6 SYSTEMPATH/CodeIgniter.php(932): App\Controllers\Compras->ListarComprar()
 7 SYSTEMPATH/CodeIgniter.php(497): CodeIgniter\CodeIgniter->runController(Object(App\Controllers\Compras))
 8 SYSTEMPATH/CodeIgniter.php(366): CodeIgniter\CodeIgniter->handleRequest(null, Object(Config\Cache), false)
 9 FCPATH/index.php(67): CodeIgniter\CodeIgniter->run()
CRITICAL - 2023-10-16 23:36:22 --> Undefined property: stdClass::$iac_descripcion
in APPPATH\Views\Compras\ListarCompra.php on line 644.
 1 APPPATH\Views\Compras\ListarCompra.php(644): CodeIgniter\Debug\Exceptions->errorHandler(2, 'Undefined property: stdClass::$iac_descripcion', 'C:\\xampp\\htdocs\\SistemaDeInventarios\\app\\Views\\Compras\\ListarCompra.php', 644)
 2 SYSTEMPATH\View\View.php(224): include('C:\\xampp\\htdocs\\SistemaDeInventarios\\app\\Views\\Compras\\ListarCompra.php')
 3 SYSTEMPATH\View\View.php(227): CodeIgniter\View\View->CodeIgniter\View\{closure}()
 4 SYSTEMPATH\Common.php(1180): CodeIgniter\View\View->render('Compras/ListarCompra', [], true)
 5 APPPATH\Controllers\Compras.php(65): view('Compras/ListarCompra', [...])
 6 SYSTEMPATH\CodeIgniter.php(932): App\Controllers\Compras->ListarComprar()
 7 SYSTEMPATH\CodeIgniter.php(497): CodeIgniter\CodeIgniter->runController(Object(App\Controllers\Compras))
 8 SYSTEMPATH\CodeIgniter.php(366): CodeIgniter\CodeIgniter->handleRequest(null, Object(Config\Cache), false)
 9 FCPATH\index.php(67): CodeIgniter\CodeIgniter->run()
CRITICAL - 2023-10-16 23:45:05 --> Attempt to read property "tca_idact" on string
in APPPATH\Views\Compras\ListarCompra.php on line 582.
 1 APPPATH\Views\Compras\ListarCompra.php(582): CodeIgniter\Debug\Exceptions->errorHandler(2, 'Attempt to read property "tca_idact" on string', 'C:\\xampp\\htdocs\\SistemaDeInventarios\\app\\Views\\Compras\\ListarCompra.php', 582)
 2 SYSTEMPATH\View\View.php(224): include('C:\\xampp\\htdocs\\SistemaDeInventarios\\app\\Views\\Compras\\ListarCompra.php')
 3 SYSTEMPATH\View\View.php(227): CodeIgniter\View\View->CodeIgniter\View\{closure}()
 4 SYSTEMPATH\Common.php(1180): CodeIgniter\View\View->render('Compras/ListarCompra', [], true)
 5 APPPATH\Controllers\Compras.php(67): view('Compras/ListarCompra', [...])
 6 SYSTEMPATH\CodeIgniter.php(932): App\Controllers\Compras->ListarComprar()
 7 SYSTEMPATH\CodeIgniter.php(497): CodeIgniter\CodeIgniter->runController(Object(App\Controllers\Compras))
 8 SYSTEMPATH\CodeIgniter.php(366): CodeIgniter\CodeIgniter->handleRequest(null, Object(Config\Cache), false)
 9 FCPATH\index.php(67): CodeIgniter\CodeIgniter->run()
CRITICAL - 2023-10-16 23:45:07 --> Attempt to read property "tca_idact" on string
in APPPATH\Views\Compras\ListarCompra.php on line 582.
 1 APPPATH\Views\Compras\ListarCompra.php(582): CodeIgniter\Debug\Exceptions->errorHandler(2, 'Attempt to read property "tca_idact" on string', 'C:\\xampp\\htdocs\\SistemaDeInventarios\\app\\Views\\Compras\\ListarCompra.php', 582)
 2 SYSTEMPATH\View\View.php(224): include('C:\\xampp\\htdocs\\SistemaDeInventarios\\app\\Views\\Compras\\ListarCompra.php')
 3 SYSTEMPATH\View\View.php(227): CodeIgniter\View\View->CodeIgniter\View\{closure}()
 4 SYSTEMPATH\Common.php(1180): CodeIgniter\View\View->render('Compras/ListarCompra', [], true)
 5 APPPATH\Controllers\Compras.php(67): view('Compras/ListarCompra', [...])
 6 SYSTEMPATH\CodeIgniter.php(932): App\Controllers\Compras->ListarComprar()
 7 SYSTEMPATH\CodeIgniter.php(497): CodeIgniter\CodeIgniter->runController(Object(App\Controllers\Compras))
 8 SYSTEMPATH\CodeIgniter.php(366): CodeIgniter\CodeIgniter->handleRequest(null, Object(Config\Cache), false)
 9 FCPATH\index.php(67): CodeIgniter\CodeIgniter->run()
CRITICAL - 2023-10-16 23:45:42 --> Attempt to read property "tca_idact" on string
in APPPATH\Views\Compras\ListarCompra.php on line 582.
 1 APPPATH\Views\Compras\ListarCompra.php(582): CodeIgniter\Debug\Exceptions->errorHandler(2, 'Attempt to read property "tca_idact" on string', 'C:\\xampp\\htdocs\\SistemaDeInventarios\\app\\Views\\Compras\\ListarCompra.php', 582)
 2 SYSTEMPATH\View\View.php(224): include('C:\\xampp\\htdocs\\SistemaDeInventarios\\app\\Views\\Compras\\ListarCompra.php')
 3 SYSTEMPATH\View\View.php(227): CodeIgniter\View\View->CodeIgniter\View\{closure}()
 4 SYSTEMPATH\Common.php(1180): CodeIgniter\View\View->render('Compras/ListarCompra', [], true)
 5 APPPATH\Controllers\Compras.php(67): view('Compras/ListarCompra', [...])
 6 SYSTEMPATH\CodeIgniter.php(932): App\Controllers\Compras->ListarComprar()
 7 SYSTEMPATH\CodeIgniter.php(497): CodeIgniter\CodeIgniter->runController(Object(App\Controllers\Compras))
 8 SYSTEMPATH\CodeIgniter.php(366): CodeIgniter\CodeIgniter->handleRequest(null, Object(Config\Cache), false)
 9 FCPATH\index.php(67): CodeIgniter\CodeIgniter->run()
CRITICAL - 2023-10-16 23:46:09 --> Undefined property: stdClass::$iac_descri
in APPPATH\Views\Compras\ListarCompra.php on line 644.
 1 APPPATH\Views\Compras\ListarCompra.php(644): CodeIgniter\Debug\Exceptions->errorHandler(2, 'Undefined property: stdClass::$iac_descri', 'C:\\xampp\\htdocs\\SistemaDeInventarios\\app\\Views\\Compras\\ListarCompra.php', 644)
 2 SYSTEMPATH\View\View.php(224): include('C:\\xampp\\htdocs\\SistemaDeInventarios\\app\\Views\\Compras\\ListarCompra.php')
 3 SYSTEMPATH\View\View.php(227): CodeIgniter\View\View->CodeIgniter\View\{closure}()
 4 SYSTEMPATH\Common.php(1180): CodeIgniter\View\View->render('Compras/ListarCompra', [], true)
 5 APPPATH\Controllers\Compras.php(67): view('Compras/ListarCompra', [...])
 6 SYSTEMPATH\CodeIgniter.php(932): App\Controllers\Compras->ListarComprar()
 7 SYSTEMPATH\CodeIgniter.php(497): CodeIgniter\CodeIgniter->runController(Object(App\Controllers\Compras))
 8 SYSTEMPATH\CodeIgniter.php(366): CodeIgniter\CodeIgniter->handleRequest(null, Object(Config\Cache), false)
 9 FCPATH\index.php(67): CodeIgniter\CodeIgniter->run()
CRITICAL - 2023-10-16 23:46:10 --> Undefined property: stdClass::$iac_descri
in APPPATH\Views\Compras\ListarCompra.php on line 644.
 1 APPPATH\Views\Compras\ListarCompra.php(644): CodeIgniter\Debug\Exceptions->errorHandler(2, 'Undefined property: stdClass::$iac_descri', 'C:\\xampp\\htdocs\\SistemaDeInventarios\\app\\Views\\Compras\\ListarCompra.php', 644)
 2 SYSTEMPATH\View\View.php(224): include('C:\\xampp\\htdocs\\SistemaDeInventarios\\app\\Views\\Compras\\ListarCompra.php')
 3 SYSTEMPATH\View\View.php(227): CodeIgniter\View\View->CodeIgniter\View\{closure}()
 4 SYSTEMPATH\Common.php(1180): CodeIgniter\View\View->render('Compras/ListarCompra', [], true)
 5 APPPATH\Controllers\Compras.php(67): view('Compras/ListarCompra', [...])
 6 SYSTEMPATH\CodeIgniter.php(932): App\Controllers\Compras->ListarComprar()
 7 SYSTEMPATH\CodeIgniter.php(497): CodeIgniter\CodeIgniter->runController(Object(App\Controllers\Compras))
 8 SYSTEMPATH\CodeIgniter.php(366): CodeIgniter\CodeIgniter->handleRequest(null, Object(Config\Cache), false)
 9 FCPATH\index.php(67): CodeIgniter\CodeIgniter->run()
CRITICAL - 2023-10-16 23:48:28 --> Undefined property: stdClass::$iac_descripcion
in APPPATH\Views\Compras\ListarCompra.php on line 644.
 1 APPPATH\Views\Compras\ListarCompra.php(644): CodeIgniter\Debug\Exceptions->errorHandler(2, 'Undefined property: stdClass::$iac_descripcion', 'C:\\xampp\\htdocs\\SistemaDeInventarios\\app\\Views\\Compras\\ListarCompra.php', 644)
 2 SYSTEMPATH\View\View.php(224): include('C:\\xampp\\htdocs\\SistemaDeInventarios\\app\\Views\\Compras\\ListarCompra.php')
 3 SYSTEMPATH\View\View.php(227): CodeIgniter\View\View->CodeIgniter\View\{closure}()
 4 SYSTEMPATH\Common.php(1180): CodeIgniter\View\View->render('Compras/ListarCompra', [], true)
 5 APPPATH\Controllers\Compras.php(67): view('Compras/ListarCompra', [...])
 6 SYSTEMPATH\CodeIgniter.php(932): App\Controllers\Compras->ListarComprar()
 7 SYSTEMPATH\CodeIgniter.php(497): CodeIgniter\CodeIgniter->runController(Object(App\Controllers\Compras))
 8 SYSTEMPATH\CodeIgniter.php(366): CodeIgniter\CodeIgniter->handleRequest(null, Object(Config\Cache), false)
 9 FCPATH\index.php(67): CodeIgniter\CodeIgniter->run()
CRITICAL - 2023-10-16 23:51:02 --> Undefined variable $listadotcotcaactiacesperas
in APPPATH\Views\Compras\ListarCompra.php on line 618.
 1 APPPATH\Views\Compras\ListarCompra.php(618): CodeIgniter\Debug\Exceptions->errorHandler(2, 'Undefined variable $listadotcotcaactiacesperas', 'C:\\xampp\\htdocs\\SistemaDeInventarios\\app\\Views\\Compras\\ListarCompra.php', 618)
 2 SYSTEMPATH\View\View.php(224): include('C:\\xampp\\htdocs\\SistemaDeInventarios\\app\\Views\\Compras\\ListarCompra.php')
 3 SYSTEMPATH\View\View.php(227): CodeIgniter\View\View->CodeIgniter\View\{closure}()
 4 SYSTEMPATH\Common.php(1180): CodeIgniter\View\View->render('Compras/ListarCompra', [], true)
 5 APPPATH\Controllers\Compras.php(65): view('Compras/ListarCompra', [...])
 6 SYSTEMPATH\CodeIgniter.php(932): App\Controllers\Compras->ListarComprar()
 7 SYSTEMPATH\CodeIgniter.php(497): CodeIgniter\CodeIgniter->runController(Object(App\Controllers\Compras))
 8 SYSTEMPATH\CodeIgniter.php(366): CodeIgniter\CodeIgniter->handleRequest(null, Object(Config\Cache), false)
 9 FCPATH\index.php(67): CodeIgniter\CodeIgniter->run()
CRITICAL - 2023-10-16 23:56:22 --> Undefined array key "iac_idtca"
in APPPATH\Views\Compras\ListarCompra.php on line 644.
 1 APPPATH\Views\Compras\ListarCompra.php(644): CodeIgniter\Debug\Exceptions->errorHandler(2, 'Undefined array key "iac_idtca"', 'C:\\xampp\\htdocs\\SistemaDeInventarios\\app\\Views\\Compras\\ListarCompra.php', 644)
 2 SYSTEMPATH\View\View.php(224): include('C:\\xampp\\htdocs\\SistemaDeInventarios\\app\\Views\\Compras\\ListarCompra.php')
 3 SYSTEMPATH\View\View.php(227): CodeIgniter\View\View->CodeIgniter\View\{closure}()
 4 SYSTEMPATH\Common.php(1180): CodeIgniter\View\View->render('Compras/ListarCompra', [], true)
 5 APPPATH\Controllers\Compras.php(69): view('Compras/ListarCompra', [...])
 6 SYSTEMPATH\CodeIgniter.php(932): App\Controllers\Compras->ListarComprar()
 7 SYSTEMPATH\CodeIgniter.php(497): CodeIgniter\CodeIgniter->runController(Object(App\Controllers\Compras))
 8 SYSTEMPATH\CodeIgniter.php(366): CodeIgniter\CodeIgniter->handleRequest(null, Object(Config\Cache), false)
 9 FCPATH\index.php(67): CodeIgniter\CodeIgniter->run()
