CRITICAL - 2023-08-22 02:15:10 --> Invalid file: "Inventario/login.php"
in SYSTEMPATH/Exceptions/FrameworkException.php on line 33.
 1 SYSTEMPATH/View/View.php(212): CodeIgniter\Exceptions\FrameworkException::forInvalidFile('Inventario/login.php')
 2 SYSTEMPATH/Common.php(1180): CodeIgniter\View\View->render('Inventario/login', [], true)
 3 APPPATH/Controllers/Login.php(9): view('Inventario/login')
 4 SYSTEMPATH/CodeIgniter.php(932): App\Controllers\Login->index()
 5 SYSTEMPATH/CodeIgniter.php(497): CodeIgniter\CodeIgniter->runController(Object(App\Controllers\Login))
 6 SYSTEMPATH/CodeIgniter.php(366): CodeIgniter\CodeIgniter->handleRequest(null, Object(Config\Cache), false)
 7 FCPATH/index.php(67): CodeIgniter\CodeIgniter->run()
CRITICAL - 2023-08-22 02:16:19 --> Invalid file: "Inventario/login.php"
in SYSTEMPATH/Exceptions/FrameworkException.php on line 33.
 1 SYSTEMPATH/View/View.php(212): CodeIgniter\Exceptions\FrameworkException::forInvalidFile('Inventario/login.php')
 2 SYSTEMPATH/Common.php(1180): CodeIgniter\View\View->render('Inventario/login', [], true)
 3 APPPATH/Controllers/Login.php(9): view('Inventario/login')
 4 SYSTEMPATH/CodeIgniter.php(932): App\Controllers\Login->index()
 5 SYSTEMPATH/CodeIgniter.php(497): CodeIgniter\CodeIgniter->runController(Object(App\Controllers\Login))
 6 SYSTEMPATH/CodeIgniter.php(366): CodeIgniter\CodeIgniter->handleRequest(null, Object(Config\Cache), false)
 7 FCPATH/index.php(67): CodeIgniter\CodeIgniter->run()
CRITICAL - 2023-08-22 02:16:56 --> Invalid file: "Inventario/login.php"
in SYSTEMPATH/Exceptions/FrameworkException.php on line 33.
 1 SYSTEMPATH/View/View.php(212): CodeIgniter\Exceptions\FrameworkException::forInvalidFile('Inventario/login.php')
 2 SYSTEMPATH/Common.php(1180): CodeIgniter\View\View->render('Inventario/login', [], true)
 3 APPPATH/Controllers/Login.php(9): view('Inventario/login')
 4 SYSTEMPATH/CodeIgniter.php(932): App\Controllers\Login->index()
 5 SYSTEMPATH/CodeIgniter.php(497): CodeIgniter\CodeIgniter->runController(Object(App\Controllers\Login))
 6 SYSTEMPATH/CodeIgniter.php(366): CodeIgniter\CodeIgniter->handleRequest(null, Object(Config\Cache), false)
 7 FCPATH/index.php(67): CodeIgniter\CodeIgniter->run()
CRITICAL - 2023-08-22 02:17:39 --> Invalid file: "Inventario/login.php"
in SYSTEMPATH/Exceptions/FrameworkException.php on line 33.
 1 SYSTEMPATH/View/View.php(212): CodeIgniter\Exceptions\FrameworkException::forInvalidFile('Inventario/login.php')
 2 SYSTEMPATH/Common.php(1180): CodeIgniter\View\View->render('Inventario/login', [], true)
 3 APPPATH/Controllers/Login.php(9): view('Inventario/login')
 4 SYSTEMPATH/CodeIgniter.php(932): App\Controllers\Login->index()
 5 SYSTEMPATH/CodeIgniter.php(497): CodeIgniter\CodeIgniter->runController(Object(App\Controllers\Login))
 6 SYSTEMPATH/CodeIgniter.php(366): CodeIgniter\CodeIgniter->handleRequest(null, Object(Config\Cache), false)
 7 FCPATH/index.php(67): CodeIgniter\CodeIgniter->run()
CRITICAL - 2023-08-22 02:18:23 --> Invalid file: "Inventario/login.php"
in SYSTEMPATH/Exceptions/FrameworkException.php on line 33.
 1 SYSTEMPATH/View/View.php(212): CodeIgniter\Exceptions\FrameworkException::forInvalidFile('Inventario/login.php')
 2 SYSTEMPATH/Common.php(1180): CodeIgniter\View\View->render('Inventario/login', [], true)
 3 APPPATH/Controllers/Login.php(9): view('Inventario/login')
 4 SYSTEMPATH/CodeIgniter.php(932): App\Controllers\Login->index()
 5 SYSTEMPATH/CodeIgniter.php(497): CodeIgniter\CodeIgniter->runController(Object(App\Controllers\Login))
 6 SYSTEMPATH/CodeIgniter.php(366): CodeIgniter\CodeIgniter->handleRequest(null, Object(Config\Cache), false)
 7 FCPATH/index.php(67): CodeIgniter\CodeIgniter->run()
CRITICAL - 2023-08-22 02:20:05 --> Invalid file: "Inventario/login.php"
in SYSTEMPATH/Exceptions/FrameworkException.php on line 33.
 1 SYSTEMPATH/View/View.php(212): CodeIgniter\Exceptions\FrameworkException::forInvalidFile('Inventario/login.php')
 2 SYSTEMPATH/Common.php(1180): CodeIgniter\View\View->render('Inventario/login', [], true)
 3 APPPATH/Controllers/Login.php(9): view('Inventario/login')
 4 SYSTEMPATH/CodeIgniter.php(932): App\Controllers\Login->index()
 5 SYSTEMPATH/CodeIgniter.php(497): CodeIgniter\CodeIgniter->runController(Object(App\Controllers\Login))
 6 SYSTEMPATH/CodeIgniter.php(366): CodeIgniter\CodeIgniter->handleRequest(null, Object(Config\Cache), false)
 7 FCPATH/index.php(67): CodeIgniter\CodeIgniter->run()
CRITICAL - 2023-08-22 02:31:52 --> Call to undefined method CodeIgniter\Router\RouteCollection::set()
in APPPATH/Config/Routes.php on line 35.
 1 SYSTEMPATH/Router/RouteCollection.php(267): require()
 2 SYSTEMPATH/CodeIgniter.php(800): CodeIgniter\Router\RouteCollection->loadRoutes()
 3 SYSTEMPATH/CodeIgniter.php(447): CodeIgniter\CodeIgniter->tryToRouteIt(null)
 4 SYSTEMPATH/CodeIgniter.php(366): CodeIgniter\CodeIgniter->handleRequest(null, Object(Config\Cache), false)
 5 FCPATH/index.php(67): CodeIgniter\CodeIgniter->run()
CRITICAL - 2023-08-22 02:31:59 --> Call to undefined method CodeIgniter\Router\RouteCollection::set()
in APPPATH/Config/Routes.php on line 35.
 1 SYSTEMPATH/Router/RouteCollection.php(267): require()
 2 SYSTEMPATH/CodeIgniter.php(800): CodeIgniter\Router\RouteCollection->loadRoutes()
 3 SYSTEMPATH/CodeIgniter.php(447): CodeIgniter\CodeIgniter->tryToRouteIt(null)
 4 SYSTEMPATH/CodeIgniter.php(366): CodeIgniter\CodeIgniter->handleRequest(null, Object(Config\Cache), false)
 5 FCPATH/index.php(67): CodeIgniter\CodeIgniter->run()
CRITICAL - 2023-08-22 02:32:04 --> Call to undefined method CodeIgniter\Router\RouteCollection::set()
in APPPATH/Config/Routes.php on line 35.
 1 SYSTEMPATH/Router/RouteCollection.php(267): require()
 2 SYSTEMPATH/CodeIgniter.php(800): CodeIgniter\Router\RouteCollection->loadRoutes()
 3 SYSTEMPATH/CodeIgniter.php(447): CodeIgniter\CodeIgniter->tryToRouteIt(null)
 4 SYSTEMPATH/CodeIgniter.php(366): CodeIgniter\CodeIgniter->handleRequest(null, Object(Config\Cache), false)
 5 FCPATH/index.php(67): CodeIgniter\CodeIgniter->run()
CRITICAL - 2023-08-22 02:56:21 --> syntax error, unexpected variable "$session"
in APPPATH/Controllers/Login.php on line 36.
 1 SYSTEMPATH/Autoloader/Autoloader.php(289): CodeIgniter\Autoloader\Autoloader->includeFile('/www/SistemaDeInventarioPropio/app/Controllers/Login.php')
 2 SYSTEMPATH/Autoloader/Autoloader.php(267): CodeIgniter\Autoloader\Autoloader->loadInNamespace('App\\Controllers\\Login')
 3 [internal function]: CodeIgniter\Autoloader\Autoloader->loadClass('App\\Controllers\\Login')
 4 SYSTEMPATH/CodeIgniter.php(890): class_exists('\\App\\Controllers\\Login', true)
 5 SYSTEMPATH/CodeIgniter.php(484): CodeIgniter\CodeIgniter->startController()
 6 SYSTEMPATH/CodeIgniter.php(366): CodeIgniter\CodeIgniter->handleRequest(null, Object(Config\Cache), false)
 7 FCPATH/index.php(67): CodeIgniter\CodeIgniter->run()
CRITICAL - 2023-08-22 02:57:32 --> syntax error, unexpected variable "$session"
in APPPATH/Controllers/Login.php on line 36.
 1 SYSTEMPATH/Autoloader/Autoloader.php(289): CodeIgniter\Autoloader\Autoloader->includeFile('/www/SistemaDeInventarioPropio/app/Controllers/Login.php')
 2 SYSTEMPATH/Autoloader/Autoloader.php(267): CodeIgniter\Autoloader\Autoloader->loadInNamespace('App\\Controllers\\Login')
 3 [internal function]: CodeIgniter\Autoloader\Autoloader->loadClass('App\\Controllers\\Login')
 4 SYSTEMPATH/CodeIgniter.php(890): class_exists('\\App\\Controllers\\Login', true)
 5 SYSTEMPATH/CodeIgniter.php(484): CodeIgniter\CodeIgniter->startController()
 6 SYSTEMPATH/CodeIgniter.php(366): CodeIgniter\CodeIgniter->handleRequest(null, Object(Config\Cache), false)
 7 FCPATH/index.php(67): CodeIgniter\CodeIgniter->run()
INFO - 2023-08-22 02:58:42 --> Session: Class initialized using 'CodeIgniter\Session\Handlers\FileHandler' driver.
CRITICAL - 2023-08-22 02:59:15 --> Class "App\Controllers\Usuario" not found
in APPPATH/Controllers/Login.php on line 27.
 1 SYSTEMPATH/CodeIgniter.php(932): App\Controllers\Login->sessionlogin()
 2 SYSTEMPATH/CodeIgniter.php(497): CodeIgniter\CodeIgniter->runController(Object(App\Controllers\Login))
 3 SYSTEMPATH/CodeIgniter.php(366): CodeIgniter\CodeIgniter->handleRequest(null, Object(Config\Cache), false)
 4 FCPATH/index.php(67): CodeIgniter\CodeIgniter->run()
CRITICAL - 2023-08-22 03:04:22 --> Class "App\Controllers\Usuarios" not found
in APPPATH/Controllers/Login.php on line 27.
 1 SYSTEMPATH/CodeIgniter.php(932): App\Controllers\Login->sessionlogin()
 2 SYSTEMPATH/CodeIgniter.php(497): CodeIgniter\CodeIgniter->runController(Object(App\Controllers\Login))
 3 SYSTEMPATH/CodeIgniter.php(366): CodeIgniter\CodeIgniter->handleRequest(null, Object(Config\Cache), false)
 4 FCPATH/index.php(67): CodeIgniter\CodeIgniter->run()
CRITICAL - 2023-08-22 03:09:03 --> Class "App\Controllers\Model_Login" not found
in APPPATH/Controllers/Login.php on line 27.
 1 SYSTEMPATH/CodeIgniter.php(932): App\Controllers\Login->sessionlogin()
 2 SYSTEMPATH/CodeIgniter.php(497): CodeIgniter\CodeIgniter->runController(Object(App\Controllers\Login))
 3 SYSTEMPATH/CodeIgniter.php(366): CodeIgniter\CodeIgniter->handleRequest(null, Object(Config\Cache), false)
 4 FCPATH/index.php(67): CodeIgniter\CodeIgniter->run()
CRITICAL - 2023-08-22 03:12:00 --> Class "App\Controllers\Model_Login" not found
in APPPATH/Controllers/Login.php on line 27.
 1 SYSTEMPATH/CodeIgniter.php(932): App\Controllers\Login->sessionlogin()
 2 SYSTEMPATH/CodeIgniter.php(497): CodeIgniter\CodeIgniter->runController(Object(App\Controllers\Login))
 3 SYSTEMPATH/CodeIgniter.php(366): CodeIgniter\CodeIgniter->handleRequest(null, Object(Config\Cache), false)
 4 FCPATH/index.php(67): CodeIgniter\CodeIgniter->run()
ERROR - 2023-08-22 03:12:14 --> Error connecting to the database: mysqli_sql_exception: Access denied for user 'root'@'localhost' (using password: YES) in /www/SistemaDeInventarioPropio/system/Database/MySQLi/Connection.php:174
Stack trace:
#0 /www/SistemaDeInventarioPropio/system/Database/MySQLi/Connection.php(174): mysqli->real_connect('localhost', 'root', 'root', 'inventario_inab', 3306, '', 0)
#1 /www/SistemaDeInventarioPropio/system/Database/BaseConnection.php(391): CodeIgniter\Database\MySQLi\Connection->connect(false)
#2 /www/SistemaDeInventarioPropio/system/Database/BaseConnection.php(574): CodeIgniter\Database\BaseConnection->initialize()
#3 /www/SistemaDeInventarioPropio/system/Database/BaseBuilder.php(1616): CodeIgniter\Database\BaseConnection->query('SELECT *\nFROM `...', Array, false)
#4 /www/SistemaDeInventarioPropio/app/Models/Model_Login.php(12): CodeIgniter\Database\BaseBuilder->get()
#5 /www/SistemaDeInventarioPropio/app/Controllers/Login.php(31): App\Models\Model_Login->obtenerUsuario(Array)
#6 /www/SistemaDeInventarioPropio/system/CodeIgniter.php(932): App\Controllers\Login->sessionlogin()
#7 /www/SistemaDeInventarioPropio/system/CodeIgniter.php(497): CodeIgniter\CodeIgniter->runController(Object(App\Controllers\Login))
#8 /www/SistemaDeInventarioPropio/system/CodeIgniter.php(366): CodeIgniter\CodeIgniter->handleRequest(NULL, Object(Config\Cache), false)
#9 /www/SistemaDeInventarioPropio/index.php(67): CodeIgniter\CodeIgniter->run()
#10 {main}

Next CodeIgniter\Database\Exceptions\DatabaseException: Access denied for user '****'@'localhost' (using password: YES) in /www/SistemaDeInventarioPropio/system/Database/MySQLi/Connection.php:218
Stack trace:
#0 /www/SistemaDeInventarioPropio/system/Database/BaseConnection.php(391): CodeIgniter\Database\MySQLi\Connection->connect(false)
#1 /www/SistemaDeInventarioPropio/system/Database/BaseConnection.php(574): CodeIgniter\Database\BaseConnection->initialize()
#2 /www/SistemaDeInventarioPropio/system/Database/BaseBuilder.php(1616): CodeIgniter\Database\BaseConnection->query('SELECT *\nFROM `...', Array, false)
#3 /www/SistemaDeInventarioPropio/app/Models/Model_Login.php(12): CodeIgniter\Database\BaseBuilder->get()
#4 /www/SistemaDeInventarioPropio/app/Controllers/Login.php(31): App\Models\Model_Login->obtenerUsuario(Array)
#5 /www/SistemaDeInventarioPropio/system/CodeIgniter.php(932): App\Controllers\Login->sessionlogin()
#6 /www/SistemaDeInventarioPropio/system/CodeIgniter.php(497): CodeIgniter\CodeIgniter->runController(Object(App\Controllers\Login))
#7 /www/SistemaDeInventarioPropio/system/CodeIgniter.php(366): CodeIgniter\CodeIgniter->handleRequest(NULL, Object(Config\Cache), false)
#8 /www/SistemaDeInventarioPropio/index.php(67): CodeIgniter\CodeIgniter->run()
#9 {main}
CRITICAL - 2023-08-22 03:12:14 --> Unable to connect to the database.
Main connection [MySQLi]: Access denied for user '****'@'localhost' (using password: YES)
in SYSTEMPATH/Database/BaseConnection.php on line 427.
 1 SYSTEMPATH/Database/BaseConnection.php(574): CodeIgniter\Database\BaseConnection->initialize()
 2 SYSTEMPATH/Database/BaseBuilder.php(1616): CodeIgniter\Database\BaseConnection->query('SELECT *
FROM `per_personal`
WHERE `usuario` = :usuario:', [...], false)
 3 APPPATH/Models/Model_Login.php(12): CodeIgniter\Database\BaseBuilder->get()
 4 APPPATH/Controllers/Login.php(31): App\Models\Model_Login->obtenerUsuario([...])
 5 SYSTEMPATH/CodeIgniter.php(932): App\Controllers\Login->sessionlogin()
 6 SYSTEMPATH/CodeIgniter.php(497): CodeIgniter\CodeIgniter->runController(Object(App\Controllers\Login))
 7 SYSTEMPATH/CodeIgniter.php(366): CodeIgniter\CodeIgniter->handleRequest(null, Object(Config\Cache), false)
 8 FCPATH/index.php(67): CodeIgniter\CodeIgniter->run()
ERROR - 2023-08-22 03:14:38 --> mysqli_sql_exception: Unknown column 'usuario' in 'where clause' in /www/SistemaDeInventarioPropio/system/Database/MySQLi/Connection.php:295
Stack trace:
#0 /www/SistemaDeInventarioPropio/system/Database/MySQLi/Connection.php(295): mysqli->query('SELECT *\nFROM `...', 0)
#1 /www/SistemaDeInventarioPropio/system/Database/BaseConnection.php(692): CodeIgniter\Database\MySQLi\Connection->execute('SELECT *\nFROM `...')
#2 /www/SistemaDeInventarioPropio/system/Database/BaseConnection.php(606): CodeIgniter\Database\BaseConnection->simpleQuery('SELECT *\nFROM `...')
#3 /www/SistemaDeInventarioPropio/system/Database/BaseBuilder.php(1616): CodeIgniter\Database\BaseConnection->query('SELECT *\nFROM `...', Array, false)
#4 /www/SistemaDeInventarioPropio/app/Models/Model_Login.php(12): CodeIgniter\Database\BaseBuilder->get()
#5 /www/SistemaDeInventarioPropio/app/Controllers/Login.php(31): App\Models\Model_Login->obtenerUsuario(Array)
#6 /www/SistemaDeInventarioPropio/system/CodeIgniter.php(932): App\Controllers\Login->sessionlogin()
#7 /www/SistemaDeInventarioPropio/system/CodeIgniter.php(497): CodeIgniter\CodeIgniter->runController(Object(App\Controllers\Login))
#8 /www/SistemaDeInventarioPropio/system/CodeIgniter.php(366): CodeIgniter\CodeIgniter->handleRequest(NULL, Object(Config\Cache), false)
#9 /www/SistemaDeInventarioPropio/index.php(67): CodeIgniter\CodeIgniter->run()
#10 {main}
CRITICAL - 2023-08-22 03:14:38 --> Unknown column 'usuario' in 'where clause'
in SYSTEMPATH/Database/MySQLi/Connection.php on line 295.
 1 SYSTEMPATH/Database/MySQLi/Connection.php(295): mysqli->query('SELECT *
FROM `per_personal`
WHERE `usuario` = \'prueba@gmail.com\'', 0)
 2 SYSTEMPATH/Database/BaseConnection.php(692): CodeIgniter\Database\MySQLi\Connection->execute('SELECT *
FROM `per_personal`
WHERE `usuario` = \'prueba@gmail.com\'')
 3 SYSTEMPATH/Database/BaseConnection.php(606): CodeIgniter\Database\BaseConnection->simpleQuery('SELECT *
FROM `per_personal`
WHERE `usuario` = \'prueba@gmail.com\'')
 4 SYSTEMPATH/Database/BaseBuilder.php(1616): CodeIgniter\Database\BaseConnection->query('SELECT *
FROM `per_personal`
WHERE `usuario` = :usuario:', [...], false)
 5 APPPATH/Models/Model_Login.php(12): CodeIgniter\Database\BaseBuilder->get()
 6 APPPATH/Controllers/Login.php(31): App\Models\Model_Login->obtenerUsuario([...])
 7 SYSTEMPATH/CodeIgniter.php(932): App\Controllers\Login->sessionlogin()
 8 SYSTEMPATH/CodeIgniter.php(497): CodeIgniter\CodeIgniter->runController(Object(App\Controllers\Login))
 9 SYSTEMPATH/CodeIgniter.php(366): CodeIgniter\CodeIgniter->handleRequest(null, Object(Config\Cache), false)
10 FCPATH/index.php(67): CodeIgniter\CodeIgniter->run()
ERROR - 2023-08-22 03:15:47 --> mysqli_sql_exception: Unknown column 'correo' in 'where clause' in /www/SistemaDeInventarioPropio/system/Database/MySQLi/Connection.php:295
Stack trace:
#0 /www/SistemaDeInventarioPropio/system/Database/MySQLi/Connection.php(295): mysqli->query('SELECT *\nFROM `...', 0)
#1 /www/SistemaDeInventarioPropio/system/Database/BaseConnection.php(692): CodeIgniter\Database\MySQLi\Connection->execute('SELECT *\nFROM `...')
#2 /www/SistemaDeInventarioPropio/system/Database/BaseConnection.php(606): CodeIgniter\Database\BaseConnection->simpleQuery('SELECT *\nFROM `...')
#3 /www/SistemaDeInventarioPropio/system/Database/BaseBuilder.php(1616): CodeIgniter\Database\BaseConnection->query('SELECT *\nFROM `...', Array, false)
#4 /www/SistemaDeInventarioPropio/app/Models/Model_Login.php(12): CodeIgniter\Database\BaseBuilder->get()
#5 /www/SistemaDeInventarioPropio/app/Controllers/Login.php(31): App\Models\Model_Login->obtenerUsuario(Array)
#6 /www/SistemaDeInventarioPropio/system/CodeIgniter.php(932): App\Controllers\Login->sessionlogin()
#7 /www/SistemaDeInventarioPropio/system/CodeIgniter.php(497): CodeIgniter\CodeIgniter->runController(Object(App\Controllers\Login))
#8 /www/SistemaDeInventarioPropio/system/CodeIgniter.php(366): CodeIgniter\CodeIgniter->handleRequest(NULL, Object(Config\Cache), false)
#9 /www/SistemaDeInventarioPropio/index.php(67): CodeIgniter\CodeIgniter->run()
#10 {main}
CRITICAL - 2023-08-22 03:15:47 --> Unknown column 'correo' in 'where clause'
in SYSTEMPATH/Database/MySQLi/Connection.php on line 295.
 1 SYSTEMPATH/Database/MySQLi/Connection.php(295): mysqli->query('SELECT *
FROM `per_personal`
WHERE `correo` = \'prueba@gmail.com\'', 0)
 2 SYSTEMPATH/Database/BaseConnection.php(692): CodeIgniter\Database\MySQLi\Connection->execute('SELECT *
FROM `per_personal`
WHERE `correo` = \'prueba@gmail.com\'')
 3 SYSTEMPATH/Database/BaseConnection.php(606): CodeIgniter\Database\BaseConnection->simpleQuery('SELECT *
FROM `per_personal`
WHERE `correo` = \'prueba@gmail.com\'')
 4 SYSTEMPATH/Database/BaseBuilder.php(1616): CodeIgniter\Database\BaseConnection->query('SELECT *
FROM `per_personal`
WHERE `correo` = :correo:', [...], false)
 5 APPPATH/Models/Model_Login.php(12): CodeIgniter\Database\BaseBuilder->get()
 6 APPPATH/Controllers/Login.php(31): App\Models\Model_Login->obtenerUsuario([...])
 7 SYSTEMPATH/CodeIgniter.php(932): App\Controllers\Login->sessionlogin()
 8 SYSTEMPATH/CodeIgniter.php(497): CodeIgniter\CodeIgniter->runController(Object(App\Controllers\Login))
 9 SYSTEMPATH/CodeIgniter.php(366): CodeIgniter\CodeIgniter->handleRequest(null, Object(Config\Cache), false)
10 FCPATH/index.php(67): CodeIgniter\CodeIgniter->run()
INFO - 2023-08-22 03:16:50 --> Session: Class initialized using 'CodeIgniter\Session\Handlers\FileHandler' driver.
INFO - 2023-08-22 03:16:54 --> Session: Class initialized using 'CodeIgniter\Session\Handlers\FileHandler' driver.
INFO - 2023-08-22 03:20:22 --> Session: Class initialized using 'CodeIgniter\Session\Handlers\FileHandler' driver.
INFO - 2023-08-22 03:20:27 --> Session: Class initialized using 'CodeIgniter\Session\Handlers\FileHandler' driver.
INFO - 2023-08-22 03:21:30 --> Session: Class initialized using 'CodeIgniter\Session\Handlers\FileHandler' driver.
INFO - 2023-08-22 03:21:41 --> Session: Class initialized using 'CodeIgniter\Session\Handlers\FileHandler' driver.
CRITICAL - 2023-08-22 03:21:54 --> Undefined array key "correo"
in APPPATH/Controllers/Login.php on line 35.
 1 APPPATH/Controllers/Login.php(35): CodeIgniter\Debug\Exceptions->errorHandler(2, 'Undefined array key "correo"', '/www/SistemaDeInventarioPropio/app/Controllers/Login.php', 35)
 2 SYSTEMPATH/CodeIgniter.php(932): App\Controllers\Login->sessionlogin()
 3 SYSTEMPATH/CodeIgniter.php(497): CodeIgniter\CodeIgniter->runController(Object(App\Controllers\Login))
 4 SYSTEMPATH/CodeIgniter.php(366): CodeIgniter\CodeIgniter->handleRequest(null, Object(Config\Cache), false)
 5 FCPATH/index.php(67): CodeIgniter\CodeIgniter->run()
CRITICAL - 2023-08-22 03:22:22 --> Undefined array key "type"
in APPPATH/Controllers/Login.php on line 36.
 1 APPPATH/Controllers/Login.php(36): CodeIgniter\Debug\Exceptions->errorHandler(2, 'Undefined array key "type"', '/www/SistemaDeInventarioPropio/app/Controllers/Login.php', 36)
 2 SYSTEMPATH/CodeIgniter.php(932): App\Controllers\Login->sessionlogin()
 3 SYSTEMPATH/CodeIgniter.php(497): CodeIgniter\CodeIgniter->runController(Object(App\Controllers\Login))
 4 SYSTEMPATH/CodeIgniter.php(366): CodeIgniter\CodeIgniter->handleRequest(null, Object(Config\Cache), false)
 5 FCPATH/index.php(67): CodeIgniter\CodeIgniter->run()
CRITICAL - 2023-08-22 03:22:41 --> Class "App\Controllers\session" not found
in APPPATH/Controllers/Login.php on line 37.
 1 SYSTEMPATH/CodeIgniter.php(932): App\Controllers\Login->sessionlogin()
 2 SYSTEMPATH/CodeIgniter.php(497): CodeIgniter\CodeIgniter->runController(Object(App\Controllers\Login))
 3 SYSTEMPATH/CodeIgniter.php(366): CodeIgniter\CodeIgniter->handleRequest(null, Object(Config\Cache), false)
 4 FCPATH/index.php(67): CodeIgniter\CodeIgniter->run()
CRITICAL - 2023-08-22 03:24:27 --> Class "App\Controllers\session" not found
in APPPATH/Controllers/Login.php on line 37.
 1 SYSTEMPATH/CodeIgniter.php(932): App\Controllers\Login->sessionlogin()
 2 SYSTEMPATH/CodeIgniter.php(497): CodeIgniter\CodeIgniter->runController(Object(App\Controllers\Login))
 3 SYSTEMPATH/CodeIgniter.php(366): CodeIgniter\CodeIgniter->handleRequest(null, Object(Config\Cache), false)
 4 FCPATH/index.php(67): CodeIgniter\CodeIgniter->run()
CRITICAL - 2023-08-22 03:28:30 --> Array to string conversion
in APPPATH/Controllers/Login.php on line 38.
 1 APPPATH/Controllers/Login.php(38): CodeIgniter\Debug\Exceptions->errorHandler(2, 'Array to string conversion', '/www/SistemaDeInventarioPropio/app/Controllers/Login.php', 38)
 2 SYSTEMPATH/CodeIgniter.php(932): App\Controllers\Login->sessionlogin()
 3 SYSTEMPATH/CodeIgniter.php(497): CodeIgniter\CodeIgniter->runController(Object(App\Controllers\Login))
 4 SYSTEMPATH/CodeIgniter.php(366): CodeIgniter\CodeIgniter->handleRequest(null, Object(Config\Cache), false)
 5 FCPATH/index.php(67): CodeIgniter\CodeIgniter->run()
INFO - 2023-08-22 03:30:47 --> Session: Class initialized using 'CodeIgniter\Session\Handlers\FileHandler' driver.
INFO - 2023-08-22 03:30:52 --> Session: Class initialized using 'CodeIgniter\Session\Handlers\FileHandler' driver.
INFO - 2023-08-22 03:31:12 --> Session: Class initialized using 'CodeIgniter\Session\Handlers\FileHandler' driver.
INFO - 2023-08-22 03:31:16 --> Session: Class initialized using 'CodeIgniter\Session\Handlers\FileHandler' driver.
INFO - 2023-08-22 03:35:13 --> Session: Class initialized using 'CodeIgniter\Session\Handlers\FileHandler' driver.
INFO - 2023-08-22 03:36:35 --> Session: Class initialized using 'CodeIgniter\Session\Handlers\FileHandler' driver.
INFO - 2023-08-22 03:36:55 --> Session: Class initialized using 'CodeIgniter\Session\Handlers\FileHandler' driver.
INFO - 2023-08-22 03:36:59 --> Session: Class initialized using 'CodeIgniter\Session\Handlers\FileHandler' driver.
INFO - 2023-08-22 03:47:06 --> Session: Class initialized using 'CodeIgniter\Session\Handlers\FileHandler' driver.
CRITICAL - 2023-08-22 03:47:24 --> Undefined property: App\Controllers\Login::$Model_Login
in APPPATH/Controllers/Login.php on line 19.
 1 APPPATH/Controllers/Login.php(19): CodeIgniter\Debug\Exceptions->errorHandler(2, 'Undefined property: App\\Controllers\\Login::$Model_Login', '/www/SistemaDeInventarioPropio/app/Controllers/Login.php', 19)
 2 SYSTEMPATH/CodeIgniter.php(932): App\Controllers\Login->sessionlogin()
 3 SYSTEMPATH/CodeIgniter.php(497): CodeIgniter\CodeIgniter->runController(Object(App\Controllers\Login))
 4 SYSTEMPATH/CodeIgniter.php(366): CodeIgniter\CodeIgniter->handleRequest(null, Object(Config\Cache), false)
 5 FCPATH/index.php(67): CodeIgniter\CodeIgniter->run()
CRITICAL - 2023-08-22 03:48:08 --> Undefined property: App\Controllers\Login::$load
in APPPATH/Controllers/Login.php on line 18.
 1 APPPATH/Controllers/Login.php(18): CodeIgniter\Debug\Exceptions->errorHandler(2, 'Undefined property: App\\Controllers\\Login::$load', '/www/SistemaDeInventarioPropio/app/Controllers/Login.php', 18)
 2 SYSTEMPATH/CodeIgniter.php(932): App\Controllers\Login->sessionlogin()
 3 SYSTEMPATH/CodeIgniter.php(497): CodeIgniter\CodeIgniter->runController(Object(App\Controllers\Login))
 4 SYSTEMPATH/CodeIgniter.php(366): CodeIgniter\CodeIgniter->handleRequest(null, Object(Config\Cache), false)
 5 FCPATH/index.php(67): CodeIgniter\CodeIgniter->run()
CRITICAL - 2023-08-22 03:49:03 --> Unmatched '}'
in APPPATH/Models/Model_Login.php on line 26.
 1 SYSTEMPATH/Autoloader/Autoloader.php(289): CodeIgniter\Autoloader\Autoloader->includeFile('/www/SistemaDeInventarioPropio/app/Models/Model_Login.php')
 2 SYSTEMPATH/Autoloader/Autoloader.php(267): CodeIgniter\Autoloader\Autoloader->loadInNamespace('App\\Models\\Model_Login')
 3 APPPATH/Controllers/Login.php(18): CodeIgniter\Autoloader\Autoloader->loadClass('App\\Models\\Model_Login')
 4 SYSTEMPATH/CodeIgniter.php(932): App\Controllers\Login->sessionlogin()
 5 SYSTEMPATH/CodeIgniter.php(497): CodeIgniter\CodeIgniter->runController(Object(App\Controllers\Login))
 6 SYSTEMPATH/CodeIgniter.php(366): CodeIgniter\CodeIgniter->handleRequest(null, Object(Config\Cache), false)
 7 FCPATH/index.php(67): CodeIgniter\CodeIgniter->run()
CRITICAL - 2023-08-22 03:50:18 --> Unmatched '}'
in APPPATH/Models/Model_Login.php on line 26.
 1 SYSTEMPATH/Autoloader/Autoloader.php(289): CodeIgniter\Autoloader\Autoloader->includeFile('/www/SistemaDeInventarioPropio/app/Models/Model_Login.php')
 2 SYSTEMPATH/Autoloader/Autoloader.php(267): CodeIgniter\Autoloader\Autoloader->loadInNamespace('App\\Models\\Model_Login')
 3 APPPATH/Controllers/Login.php(18): CodeIgniter\Autoloader\Autoloader->loadClass('App\\Models\\Model_Login')
 4 SYSTEMPATH/CodeIgniter.php(932): App\Controllers\Login->sessionlogin()
 5 SYSTEMPATH/CodeIgniter.php(497): CodeIgniter\CodeIgniter->runController(Object(App\Controllers\Login))
 6 SYSTEMPATH/CodeIgniter.php(366): CodeIgniter\CodeIgniter->handleRequest(null, Object(Config\Cache), false)
 7 FCPATH/index.php(67): CodeIgniter\CodeIgniter->run()
CRITICAL - 2023-08-22 03:50:38 --> Unmatched '}'
in APPPATH/Models/Model_Login.php on line 26.
 1 SYSTEMPATH/Autoloader/Autoloader.php(289): CodeIgniter\Autoloader\Autoloader->includeFile('/www/SistemaDeInventarioPropio/app/Models/Model_Login.php')
 2 SYSTEMPATH/Autoloader/Autoloader.php(267): CodeIgniter\Autoloader\Autoloader->loadInNamespace('App\\Models\\Model_Login')
 3 APPPATH/Controllers/Login.php(18): CodeIgniter\Autoloader\Autoloader->loadClass('App\\Models\\Model_Login')
 4 SYSTEMPATH/CodeIgniter.php(932): App\Controllers\Login->sessionlogin()
 5 SYSTEMPATH/CodeIgniter.php(497): CodeIgniter\CodeIgniter->runController(Object(App\Controllers\Login))
 6 SYSTEMPATH/CodeIgniter.php(366): CodeIgniter\CodeIgniter->handleRequest(null, Object(Config\Cache), false)
 7 FCPATH/index.php(67): CodeIgniter\CodeIgniter->run()
CRITICAL - 2023-08-22 03:51:02 --> Unmatched '}'
in APPPATH/Models/Model_Login.php on line 26.
 1 SYSTEMPATH/Autoloader/Autoloader.php(289): CodeIgniter\Autoloader\Autoloader->includeFile('/www/SistemaDeInventarioPropio/app/Models/Model_Login.php')
 2 SYSTEMPATH/Autoloader/Autoloader.php(267): CodeIgniter\Autoloader\Autoloader->loadInNamespace('App\\Models\\Model_Login')
 3 APPPATH/Controllers/Login.php(18): CodeIgniter\Autoloader\Autoloader->loadClass('App\\Models\\Model_Login')
 4 SYSTEMPATH/CodeIgniter.php(932): App\Controllers\Login->sessionlogin()
 5 SYSTEMPATH/CodeIgniter.php(497): CodeIgniter\CodeIgniter->runController(Object(App\Controllers\Login))
 6 SYSTEMPATH/CodeIgniter.php(366): CodeIgniter\CodeIgniter->handleRequest(null, Object(Config\Cache), false)
 7 FCPATH/index.php(67): CodeIgniter\CodeIgniter->run()
CRITICAL - 2023-08-22 03:51:28 --> Object of class App\Models\Model_Login could not be converted to string
in APPPATH/Controllers/Login.php on line 19.
 1 SYSTEMPATH/CodeIgniter.php(932): App\Controllers\Login->sessionlogin()
 2 SYSTEMPATH/CodeIgniter.php(497): CodeIgniter\CodeIgniter->runController(Object(App\Controllers\Login))
 3 SYSTEMPATH/CodeIgniter.php(366): CodeIgniter\CodeIgniter->handleRequest(null, Object(Config\Cache), false)
 4 FCPATH/index.php(67): CodeIgniter\CodeIgniter->run()
CRITICAL - 2023-08-22 03:53:39 --> Undefined property: App\Controllers\Login::$load
in APPPATH/Controllers/Login.php on line 19.
 1 APPPATH/Controllers/Login.php(19): CodeIgniter\Debug\Exceptions->errorHandler(2, 'Undefined property: App\\Controllers\\Login::$load', '/www/SistemaDeInventarioPropio/app/Controllers/Login.php', 19)
 2 SYSTEMPATH/CodeIgniter.php(932): App\Controllers\Login->sessionlogin()
 3 SYSTEMPATH/CodeIgniter.php(497): CodeIgniter\CodeIgniter->runController(Object(App\Controllers\Login))
 4 SYSTEMPATH/CodeIgniter.php(366): CodeIgniter\CodeIgniter->handleRequest(null, Object(Config\Cache), false)
 5 FCPATH/index.php(67): CodeIgniter\CodeIgniter->run()
CRITICAL - 2023-08-22 03:54:09 --> Undefined property: App\Controllers\Login::$load
in APPPATH/Controllers/Login.php on line 19.
 1 APPPATH/Controllers/Login.php(19): CodeIgniter\Debug\Exceptions->errorHandler(2, 'Undefined property: App\\Controllers\\Login::$load', '/www/SistemaDeInventarioPropio/app/Controllers/Login.php', 19)
 2 SYSTEMPATH/CodeIgniter.php(932): App\Controllers\Login->sessionlogin()
 3 SYSTEMPATH/CodeIgniter.php(497): CodeIgniter\CodeIgniter->runController(Object(App\Controllers\Login))
 4 SYSTEMPATH/CodeIgniter.php(366): CodeIgniter\CodeIgniter->handleRequest(null, Object(Config\Cache), false)
 5 FCPATH/index.php(67): CodeIgniter\CodeIgniter->run()
CRITICAL - 2023-08-22 03:59:14 --> Undefined variable $config
in APPPATH/Controllers/Login.php on line 4.
 1 APPPATH/Controllers/Login.php(4): CodeIgniter\Debug\Exceptions->errorHandler(2, 'Undefined variable $config', '/www/SistemaDeInventarioPropio/app/Controllers/Login.php', 4)
 2 SYSTEMPATH/Autoloader/Autoloader.php(312): include_once('/www/SistemaDeInventarioPropio/app/Controllers/Login.php')
 3 SYSTEMPATH/Autoloader/Autoloader.php(289): CodeIgniter\Autoloader\Autoloader->includeFile('/www/SistemaDeInventarioPropio/app/Controllers/Login.php')
 4 SYSTEMPATH/Autoloader/Autoloader.php(267): CodeIgniter\Autoloader\Autoloader->loadInNamespace('App\\Controllers\\Login')
 5 [internal function]: CodeIgniter\Autoloader\Autoloader->loadClass('App\\Controllers\\Login')
 6 SYSTEMPATH/CodeIgniter.php(890): class_exists('\\App\\Controllers\\Login', true)
 7 SYSTEMPATH/CodeIgniter.php(484): CodeIgniter\CodeIgniter->startController()
 8 SYSTEMPATH/CodeIgniter.php(366): CodeIgniter\CodeIgniter->handleRequest(null, Object(Config\Cache), false)
 9 FCPATH/index.php(67): CodeIgniter\CodeIgniter->run()
INFO - 2023-08-22 03:59:55 --> Session: Class initialized using 'CodeIgniter\Session\Handlers\FileHandler' driver.
INFO - 2023-08-22 04:00:01 --> Session: Class initialized using 'CodeIgniter\Session\Handlers\FileHandler' driver.
INFO - 2023-08-22 04:00:24 --> Session: Class initialized using 'CodeIgniter\Session\Handlers\FileHandler' driver.
INFO - 2023-08-22 04:00:29 --> Session: Class initialized using 'CodeIgniter\Session\Handlers\FileHandler' driver.
INFO - 2023-08-22 04:00:46 --> Session: Class initialized using 'CodeIgniter\Session\Handlers\FileHandler' driver.
INFO - 2023-08-22 04:00:59 --> Session: Class initialized using 'CodeIgniter\Session\Handlers\FileHandler' driver.
CRITICAL - 2023-08-22 04:01:00 --> Class "App\Controllers\session" not found
in APPPATH/Controllers/Login.php on line 30.
 1 SYSTEMPATH/CodeIgniter.php(932): App\Controllers\Login->sessionlogin()
 2 SYSTEMPATH/CodeIgniter.php(497): CodeIgniter\CodeIgniter->runController(Object(App\Controllers\Login))
 3 SYSTEMPATH/CodeIgniter.php(366): CodeIgniter\CodeIgniter->handleRequest(null, Object(Config\Cache), false)
 4 FCPATH/index.php(67): CodeIgniter\CodeIgniter->run()
CRITICAL - 2023-08-22 05:27:28 --> syntax error, unexpected token "=>"
in APPPATH/Controllers/Login.php on line 22.
 1 SYSTEMPATH/Autoloader/Autoloader.php(289): CodeIgniter\Autoloader\Autoloader->includeFile('/www/SistemaDeInventarioPropio/app/Controllers/Login.php')
 2 SYSTEMPATH/Autoloader/Autoloader.php(267): CodeIgniter\Autoloader\Autoloader->loadInNamespace('App\\Controllers\\Login')
 3 [internal function]: CodeIgniter\Autoloader\Autoloader->loadClass('App\\Controllers\\Login')
 4 SYSTEMPATH/CodeIgniter.php(890): class_exists('\\App\\Controllers\\Login', true)
 5 SYSTEMPATH/CodeIgniter.php(484): CodeIgniter\CodeIgniter->startController()
 6 SYSTEMPATH/CodeIgniter.php(366): CodeIgniter\CodeIgniter->handleRequest(null, Object(Config\Cache), false)
 7 FCPATH/index.php(67): CodeIgniter\CodeIgniter->run()
CRITICAL - 2023-08-22 05:27:46 --> Cannot call constructor
in APPPATH/Controllers/Login.php on line 10.
 1 SYSTEMPATH/CodeIgniter.php(904): App\Controllers\Login->__construct()
 2 SYSTEMPATH/CodeIgniter.php(488): CodeIgniter\CodeIgniter->createController()
 3 SYSTEMPATH/CodeIgniter.php(366): CodeIgniter\CodeIgniter->handleRequest(null, Object(Config\Cache), false)
 4 FCPATH/index.php(67): CodeIgniter\CodeIgniter->run()
CRITICAL - 2023-08-22 05:28:03 --> Undefined property: App\Controllers\Login::$load
in APPPATH/Controllers/Login.php on line 10.
 1 APPPATH/Controllers/Login.php(10): CodeIgniter\Debug\Exceptions->errorHandler(2, 'Undefined property: App\\Controllers\\Login::$load', '/www/SistemaDeInventarioPropio/app/Controllers/Login.php', 10)
 2 SYSTEMPATH/CodeIgniter.php(904): App\Controllers\Login->__construct()
 3 SYSTEMPATH/CodeIgniter.php(488): CodeIgniter\CodeIgniter->createController()
 4 SYSTEMPATH/CodeIgniter.php(366): CodeIgniter\CodeIgniter->handleRequest(null, Object(Config\Cache), false)
 5 FCPATH/index.php(67): CodeIgniter\CodeIgniter->run()
CRITICAL - 2023-08-22 05:35:03 --> Undefined property: App\Controllers\Login::$input
in APPPATH/Controllers/Login.php on line 19.
 1 APPPATH/Controllers/Login.php(19): CodeIgniter\Debug\Exceptions->errorHandler(2, 'Undefined property: App\\Controllers\\Login::$input', '/www/SistemaDeInventarioPropio/app/Controllers/Login.php', 19)
 2 SYSTEMPATH/CodeIgniter.php(932): App\Controllers\Login->sessionlogin()
 3 SYSTEMPATH/CodeIgniter.php(497): CodeIgniter\CodeIgniter->runController(Object(App\Controllers\Login))
 4 SYSTEMPATH/CodeIgniter.php(366): CodeIgniter\CodeIgniter->handleRequest(null, Object(Config\Cache), false)
 5 FCPATH/index.php(67): CodeIgniter\CodeIgniter->run()
CRITICAL - 2023-08-22 05:36:34 --> Undefined property: App\Controllers\Login::$input
in APPPATH/Controllers/Login.php on line 19.
 1 APPPATH/Controllers/Login.php(19): CodeIgniter\Debug\Exceptions->errorHandler(2, 'Undefined property: App\\Controllers\\Login::$input', '/www/SistemaDeInventarioPropio/app/Controllers/Login.php', 19)
 2 SYSTEMPATH/CodeIgniter.php(932): App\Controllers\Login->sessionlogin()
 3 SYSTEMPATH/CodeIgniter.php(497): CodeIgniter\CodeIgniter->runController(Object(App\Controllers\Login))
 4 SYSTEMPATH/CodeIgniter.php(366): CodeIgniter\CodeIgniter->handleRequest(null, Object(Config\Cache), false)
 5 FCPATH/index.php(67): CodeIgniter\CodeIgniter->run()
CRITICAL - 2023-08-22 05:39:00 --> Undefined property: App\Controllers\Login::$Login
in APPPATH/Controllers/Login.php on line 24.
 1 APPPATH/Controllers/Login.php(24): CodeIgniter\Debug\Exceptions->errorHandler(2, 'Undefined property: App\\Controllers\\Login::$Login', '/www/SistemaDeInventarioPropio/app/Controllers/Login.php', 24)
 2 SYSTEMPATH/CodeIgniter.php(932): App\Controllers\Login->sessionlogin()
 3 SYSTEMPATH/CodeIgniter.php(497): CodeIgniter\CodeIgniter->runController(Object(App\Controllers\Login))
 4 SYSTEMPATH/CodeIgniter.php(366): CodeIgniter\CodeIgniter->handleRequest(null, Object(Config\Cache), false)
 5 FCPATH/index.php(67): CodeIgniter\CodeIgniter->run()
CRITICAL - 2023-08-22 05:41:06 --> Undefined variable $per_contrasena
in APPPATH/Controllers/Login.php on line 24.
 1 APPPATH/Controllers/Login.php(24): CodeIgniter\Debug\Exceptions->errorHandler(2, 'Undefined variable $per_contrasena', '/www/SistemaDeInventarioPropio/app/Controllers/Login.php', 24)
 2 SYSTEMPATH/CodeIgniter.php(932): App\Controllers\Login->sessionlogin()
 3 SYSTEMPATH/CodeIgniter.php(497): CodeIgniter\CodeIgniter->runController(Object(App\Controllers\Login))
 4 SYSTEMPATH/CodeIgniter.php(366): CodeIgniter\CodeIgniter->handleRequest(null, Object(Config\Cache), false)
 5 FCPATH/index.php(67): CodeIgniter\CodeIgniter->run()
CRITICAL - 2023-08-22 05:41:37 --> Call to undefined method CodeIgniter\Database\MySQLi\Connection::select()
in APPPATH/Models/Model_Login.php on line 11.
 1 APPPATH/Controllers/Login.php(24): App\Models\Model_Login->ValidarUsuario('prueba@gmail.com', '1234')
 2 SYSTEMPATH/CodeIgniter.php(932): App\Controllers\Login->sessionlogin()
 3 SYSTEMPATH/CodeIgniter.php(497): CodeIgniter\CodeIgniter->runController(Object(App\Controllers\Login))
 4 SYSTEMPATH/CodeIgniter.php(366): CodeIgniter\CodeIgniter->handleRequest(null, Object(Config\Cache), false)
 5 FCPATH/index.php(67): CodeIgniter\CodeIgniter->run()
CRITICAL - 2023-08-22 05:42:48 --> Call to undefined method CodeIgniter\Database\MySQLi\Connection::select()
in APPPATH/Models/Model_Login.php on line 11.
 1 APPPATH/Controllers/Login.php(24): App\Models\Model_Login->ValidarUsuario('prueba@gmail.com', '1234')
 2 SYSTEMPATH/CodeIgniter.php(932): App\Controllers\Login->sessionlogin()
 3 SYSTEMPATH/CodeIgniter.php(497): CodeIgniter\CodeIgniter->runController(Object(App\Controllers\Login))
 4 SYSTEMPATH/CodeIgniter.php(366): CodeIgniter\CodeIgniter->handleRequest(null, Object(Config\Cache), false)
 5 FCPATH/index.php(67): CodeIgniter\CodeIgniter->run()
CRITICAL - 2023-08-22 05:45:04 --> You must set the database table to be used with your query.
in SYSTEMPATH/Database/BaseConnection.php on line 883.
 1 SYSTEMPATH/Model.php(642): CodeIgniter\Database\BaseConnection->table(null)
 2 SYSTEMPATH/Model.php(803): CodeIgniter\Model->builder()
 3 APPPATH/Models/Model_Login.php(11): CodeIgniter\Model->__get('default')
 4 APPPATH/Controllers/Login.php(24): App\Models\Model_Login->ValidarUsuario('prueba@gmail.com', '1234')
 5 SYSTEMPATH/CodeIgniter.php(932): App\Controllers\Login->sessionlogin()
 6 SYSTEMPATH/CodeIgniter.php(497): CodeIgniter\CodeIgniter->runController(Object(App\Controllers\Login))
 7 SYSTEMPATH/CodeIgniter.php(366): CodeIgniter\CodeIgniter->handleRequest(null, Object(Config\Cache), false)
 8 FCPATH/index.php(67): CodeIgniter\CodeIgniter->run()
CRITICAL - 2023-08-22 05:48:35 --> You must set the database table to be used with your query.
in SYSTEMPATH/Database/BaseConnection.php on line 883.
 1 SYSTEMPATH/Model.php(642): CodeIgniter\Database\BaseConnection->table(null)
 2 SYSTEMPATH/Model.php(828): CodeIgniter\Model->builder()
 3 APPPATH/Models/Model_Login.php(11): CodeIgniter\Model->__call('select', [...])
 4 APPPATH/Controllers/Login.php(24): App\Models\Model_Login->ValidarUsuario('prueba@gmail.com', '1234')
 5 SYSTEMPATH/CodeIgniter.php(932): App\Controllers\Login->sessionlogin()
 6 SYSTEMPATH/CodeIgniter.php(497): CodeIgniter\CodeIgniter->runController(Object(App\Controllers\Login))
 7 SYSTEMPATH/CodeIgniter.php(366): CodeIgniter\CodeIgniter->handleRequest(null, Object(Config\Cache), false)
 8 FCPATH/index.php(67): CodeIgniter\CodeIgniter->run()
CRITICAL - 2023-08-22 05:59:07 --> Undefined variable $per_contrasena
in APPPATH/Controllers/Login.php on line 24.
 1 APPPATH/Controllers/Login.php(24): CodeIgniter\Debug\Exceptions->errorHandler(2, 'Undefined variable $per_contrasena', '/www/SistemaDeInventarioPropio/app/Controllers/Login.php', 24)
 2 SYSTEMPATH/CodeIgniter.php(932): App\Controllers\Login->sessionlogin()
 3 SYSTEMPATH/CodeIgniter.php(497): CodeIgniter\CodeIgniter->runController(Object(App\Controllers\Login))
 4 SYSTEMPATH/CodeIgniter.php(366): CodeIgniter\CodeIgniter->handleRequest(null, Object(Config\Cache), false)
 5 FCPATH/index.php(67): CodeIgniter\CodeIgniter->run()
CRITICAL - 2023-08-22 05:59:29 --> You must set the database table to be used with your query.
in SYSTEMPATH/Database/BaseConnection.php on line 883.
 1 SYSTEMPATH/Model.php(642): CodeIgniter\Database\BaseConnection->table(null)
 2 SYSTEMPATH/Model.php(828): CodeIgniter\Model->builder()
 3 APPPATH/Models/Model_Login.php(11): CodeIgniter\Model->__call('select', [...])
 4 APPPATH/Controllers/Login.php(24): App\Models\Model_Login->ValidarUsuario(null, null)
 5 SYSTEMPATH/CodeIgniter.php(932): App\Controllers\Login->sessionlogin()
 6 SYSTEMPATH/CodeIgniter.php(497): CodeIgniter\CodeIgniter->runController(Object(App\Controllers\Login))
 7 SYSTEMPATH/CodeIgniter.php(366): CodeIgniter\CodeIgniter->handleRequest(null, Object(Config\Cache), false)
 8 FCPATH/index.php(67): CodeIgniter\CodeIgniter->run()
CRITICAL - 2023-08-22 06:02:10 --> You must set the database table to be used with your query.
in SYSTEMPATH/Database/BaseConnection.php on line 883.
 1 SYSTEMPATH/Model.php(642): CodeIgniter\Database\BaseConnection->table(null)
 2 SYSTEMPATH/Model.php(803): CodeIgniter\Model->builder()
 3 APPPATH/Models/Model_Login.php(11): CodeIgniter\Model->__get('default')
 4 APPPATH/Controllers/Login.php(24): App\Models\Model_Login->ValidarUsuario(null, null)
 5 SYSTEMPATH/CodeIgniter.php(932): App\Controllers\Login->sessionlogin()
 6 SYSTEMPATH/CodeIgniter.php(497): CodeIgniter\CodeIgniter->runController(Object(App\Controllers\Login))
 7 SYSTEMPATH/CodeIgniter.php(366): CodeIgniter\CodeIgniter->handleRequest(null, Object(Config\Cache), false)
 8 FCPATH/index.php(67): CodeIgniter\CodeIgniter->run()
ERROR - 2023-08-22 06:09:06 --> mysqli_sql_exception: Table 'inventario_inab.per_personas' doesn't exist in /www/SistemaDeInventarioPropio/system/Database/MySQLi/Connection.php:295
Stack trace:
#0 /www/SistemaDeInventarioPropio/system/Database/MySQLi/Connection.php(295): mysqli->query('SELECT * FROM p...', 0)
#1 /www/SistemaDeInventarioPropio/system/Database/BaseConnection.php(692): CodeIgniter\Database\MySQLi\Connection->execute('SELECT * FROM p...')
#2 /www/SistemaDeInventarioPropio/system/Database/BaseConnection.php(606): CodeIgniter\Database\BaseConnection->simpleQuery('SELECT * FROM p...')
#3 /www/SistemaDeInventarioPropio/app/Models/Model_Login.php(18): CodeIgniter\Database\BaseConnection->query('SELECT * FROM p...')
#4 /www/SistemaDeInventarioPropio/app/Controllers/Login.php(24): App\Models\Model_Login->ValidarUsuario(NULL, NULL)
#5 /www/SistemaDeInventarioPropio/system/CodeIgniter.php(932): App\Controllers\Login->sessionlogin()
#6 /www/SistemaDeInventarioPropio/system/CodeIgniter.php(497): CodeIgniter\CodeIgniter->runController(Object(App\Controllers\Login))
#7 /www/SistemaDeInventarioPropio/system/CodeIgniter.php(366): CodeIgniter\CodeIgniter->handleRequest(NULL, Object(Config\Cache), false)
#8 /www/SistemaDeInventarioPropio/index.php(67): CodeIgniter\CodeIgniter->run()
#9 {main}
CRITICAL - 2023-08-22 06:09:06 --> Table 'inventario_inab.per_personas' doesn't exist
in SYSTEMPATH/Database/MySQLi/Connection.php on line 295.
 1 SYSTEMPATH/Database/MySQLi/Connection.php(295): mysqli->query('SELECT * FROM per_personas WHERE per_correo = \'prueba@gmail.com\' AND per_contrasena = 1234', 0)
 2 SYSTEMPATH/Database/BaseConnection.php(692): CodeIgniter\Database\MySQLi\Connection->execute('SELECT * FROM per_personas WHERE per_correo = \'prueba@gmail.com\' AND per_contrasena = 1234')
 3 SYSTEMPATH/Database/BaseConnection.php(606): CodeIgniter\Database\BaseConnection->simpleQuery('SELECT * FROM per_personas WHERE per_correo = \'prueba@gmail.com\' AND per_contrasena = 1234')
 4 APPPATH/Models/Model_Login.php(18): CodeIgniter\Database\BaseConnection->query('SELECT * FROM per_personas WHERE per_correo = \'prueba@gmail.com\' AND per_contrasena = 1234')
 5 APPPATH/Controllers/Login.php(24): App\Models\Model_Login->ValidarUsuario(null, null)
 6 SYSTEMPATH/CodeIgniter.php(932): App\Controllers\Login->sessionlogin()
 7 SYSTEMPATH/CodeIgniter.php(497): CodeIgniter\CodeIgniter->runController(Object(App\Controllers\Login))
 8 SYSTEMPATH/CodeIgniter.php(366): CodeIgniter\CodeIgniter->handleRequest(null, Object(Config\Cache), false)
 9 FCPATH/index.php(67): CodeIgniter\CodeIgniter->run()
INFO - 2023-08-22 06:09:36 --> Session: Class initialized using 'CodeIgniter\Session\Handlers\FileHandler' driver.
INFO - 2023-08-22 06:10:17 --> Session: Class initialized using 'CodeIgniter\Session\Handlers\FileHandler' driver.
INFO - 2023-08-22 06:10:54 --> Session: Class initialized using 'CodeIgniter\Session\Handlers\FileHandler' driver.
ERROR - 2023-08-22 06:12:36 --> mysqli_sql_exception: You have an error in your SQL syntax; check the manual that corresponds to your MariaDB server version for the right syntax to use near '= 'prueba@gmail.com' AND per_contrasena == '1234'' at line 1 in /www/SistemaDeInventarioPropio/system/Database/MySQLi/Connection.php:295
Stack trace:
#0 /www/SistemaDeInventarioPropio/system/Database/MySQLi/Connection.php(295): mysqli->query('SELECT * FROM p...', 0)
#1 /www/SistemaDeInventarioPropio/system/Database/BaseConnection.php(692): CodeIgniter\Database\MySQLi\Connection->execute('SELECT * FROM p...')
#2 /www/SistemaDeInventarioPropio/system/Database/BaseConnection.php(606): CodeIgniter\Database\BaseConnection->simpleQuery('SELECT * FROM p...')
#3 /www/SistemaDeInventarioPropio/app/Models/Model_Login.php(18): CodeIgniter\Database\BaseConnection->query('SELECT * FROM p...')
#4 /www/SistemaDeInventarioPropio/app/Controllers/Login.php(24): App\Models\Model_Login->ValidarUsuario(NULL, NULL)
#5 /www/SistemaDeInventarioPropio/system/CodeIgniter.php(932): App\Controllers\Login->sessionlogin()
#6 /www/SistemaDeInventarioPropio/system/CodeIgniter.php(497): CodeIgniter\CodeIgniter->runController(Object(App\Controllers\Login))
#7 /www/SistemaDeInventarioPropio/system/CodeIgniter.php(366): CodeIgniter\CodeIgniter->handleRequest(NULL, Object(Config\Cache), false)
#8 /www/SistemaDeInventarioPropio/index.php(67): CodeIgniter\CodeIgniter->run()
#9 {main}
CRITICAL - 2023-08-22 06:12:36 --> You have an error in your SQL syntax; check the manual that corresponds to your MariaDB server version for the right syntax to use near '= 'prueba@gmail.com' AND per_contrasena == '1234'' at line 1
in SYSTEMPATH/Database/MySQLi/Connection.php on line 295.
 1 SYSTEMPATH/Database/MySQLi/Connection.php(295): mysqli->query('SELECT * FROM per_personal WHERE per_correo == \'prueba@gmail.com\' AND per_contrasena == \'1234\'', 0)
 2 SYSTEMPATH/Database/BaseConnection.php(692): CodeIgniter\Database\MySQLi\Connection->execute('SELECT * FROM per_personal WHERE per_correo == \'prueba@gmail.com\' AND per_contrasena == \'1234\'')
 3 SYSTEMPATH/Database/BaseConnection.php(606): CodeIgniter\Database\BaseConnection->simpleQuery('SELECT * FROM per_personal WHERE per_correo == \'prueba@gmail.com\' AND per_contrasena == \'1234\'')
 4 APPPATH/Models/Model_Login.php(18): CodeIgniter\Database\BaseConnection->query('SELECT * FROM per_personal WHERE per_correo == \'prueba@gmail.com\' AND per_contrasena == \'1234\'')
 5 APPPATH/Controllers/Login.php(24): App\Models\Model_Login->ValidarUsuario(null, null)
 6 SYSTEMPATH/CodeIgniter.php(932): App\Controllers\Login->sessionlogin()
 7 SYSTEMPATH/CodeIgniter.php(497): CodeIgniter\CodeIgniter->runController(Object(App\Controllers\Login))
 8 SYSTEMPATH/CodeIgniter.php(366): CodeIgniter\CodeIgniter->handleRequest(null, Object(Config\Cache), false)
 9 FCPATH/index.php(67): CodeIgniter\CodeIgniter->run()
INFO - 2023-08-22 06:13:09 --> Session: Class initialized using 'CodeIgniter\Session\Handlers\FileHandler' driver.
INFO - 2023-08-22 06:14:12 --> Session: Class initialized using 'CodeIgniter\Session\Handlers\FileHandler' driver.
CRITICAL - 2023-08-22 06:16:46 --> syntax error, unexpected variable "$db", expecting "function" or "const"
in APPPATH/Models/Model_Login.php on line 8.
 1 SYSTEMPATH/Autoloader/Autoloader.php(289): CodeIgniter\Autoloader\Autoloader->includeFile('/www/SistemaDeInventarioPropio/app/Models/Model_Login.php')
 2 SYSTEMPATH/Autoloader/Autoloader.php(267): CodeIgniter\Autoloader\Autoloader->loadInNamespace('App\\Models\\Model_Login')
 3 APPPATH/Controllers/Login.php(23): CodeIgniter\Autoloader\Autoloader->loadClass('App\\Models\\Model_Login')
 4 SYSTEMPATH/CodeIgniter.php(932): App\Controllers\Login->sessionlogin()
 5 SYSTEMPATH/CodeIgniter.php(497): CodeIgniter\CodeIgniter->runController(Object(App\Controllers\Login))
 6 SYSTEMPATH/CodeIgniter.php(366): CodeIgniter\CodeIgniter->handleRequest(null, Object(Config\Cache), false)
 7 FCPATH/index.php(67): CodeIgniter\CodeIgniter->run()
CRITICAL - 2023-08-22 06:19:17 --> syntax error, unexpected variable "$db", expecting "function" or "const"
in APPPATH/Config/Database.php on line 46.
 1 SYSTEMPATH/Autoloader/Autoloader.php(289): CodeIgniter\Autoloader\Autoloader->includeFile('/www/SistemaDeInventarioPropio/app/Config/Database.php')
 2 SYSTEMPATH/Autoloader/Autoloader.php(267): CodeIgniter\Autoloader\Autoloader->loadInNamespace('Config\\Database')
 3 SYSTEMPATH/Debug/Toolbar/Collectors/Database.php(251): CodeIgniter\Autoloader\Autoloader->loadClass('Config\\Database')
 4 SYSTEMPATH/Debug/Toolbar/Collectors/Database.php(70): CodeIgniter\Debug\Toolbar\Collectors\Database->getConnections()
 5 SYSTEMPATH/Debug/Toolbar.php(65): CodeIgniter\Debug\Toolbar\Collectors\Database->__construct()
 6 SYSTEMPATH/Config/Services.php(723): CodeIgniter\Debug\Toolbar->__construct(Object(Config\Toolbar))
 7 SYSTEMPATH/Config/BaseService.php(252): CodeIgniter\Config\Services::toolbar(Object(Config\Toolbar), false)
 8 SYSTEMPATH/Config/BaseService.php(193): CodeIgniter\Config\BaseService::__callStatic('toolbar', [...])
 9 SYSTEMPATH/Config/Services.php(718): CodeIgniter\Config\BaseService::getSharedInstance('toolbar', null)
10 SYSTEMPATH/Config/BaseService.php(252): CodeIgniter\Config\Services::toolbar()
11 APPPATH/Config/Events.php(46): CodeIgniter\Config\BaseService::__callStatic('toolbar', [])
12 SYSTEMPATH/Events/Events.php(149): CodeIgniter\Events\Events::Config\{closure}()
13 SYSTEMPATH/CodeIgniter.php(348): CodeIgniter\Events\Events::trigger('pre_system')
14 FCPATH/index.php(67): CodeIgniter\CodeIgniter->run()
CRITICAL - 2023-08-22 06:21:47 --> Call to a member function select() on null
in APPPATH/Models/Model_Login.php on line 14.
 1 APPPATH/Controllers/Login.php(24): App\Models\Model_Login->ValidarUsuario(null, null)
 2 SYSTEMPATH/CodeIgniter.php(932): App\Controllers\Login->sessionlogin()
 3 SYSTEMPATH/CodeIgniter.php(497): CodeIgniter\CodeIgniter->runController(Object(App\Controllers\Login))
 4 SYSTEMPATH/CodeIgniter.php(366): CodeIgniter\CodeIgniter->handleRequest(null, Object(Config\Cache), false)
 5 FCPATH/index.php(67): CodeIgniter\CodeIgniter->run()
CRITICAL - 2023-08-22 06:22:36 --> Call to a member function from() on null
in APPPATH/Models/Model_Login.php on line 16.
 1 APPPATH/Controllers/Login.php(24): App\Models\Model_Login->ValidarUsuario(null, null)
 2 SYSTEMPATH/CodeIgniter.php(932): App\Controllers\Login->sessionlogin()
 3 SYSTEMPATH/CodeIgniter.php(497): CodeIgniter\CodeIgniter->runController(Object(App\Controllers\Login))
 4 SYSTEMPATH/CodeIgniter.php(366): CodeIgniter\CodeIgniter->handleRequest(null, Object(Config\Cache), false)
 5 FCPATH/index.php(67): CodeIgniter\CodeIgniter->run()
CRITICAL - 2023-08-22 06:22:52 --> Call to a member function where() on null
in APPPATH/Models/Model_Login.php on line 17.
 1 APPPATH/Controllers/Login.php(24): App\Models\Model_Login->ValidarUsuario(null, null)
 2 SYSTEMPATH/CodeIgniter.php(932): App\Controllers\Login->sessionlogin()
 3 SYSTEMPATH/CodeIgniter.php(497): CodeIgniter\CodeIgniter->runController(Object(App\Controllers\Login))
 4 SYSTEMPATH/CodeIgniter.php(366): CodeIgniter\CodeIgniter->handleRequest(null, Object(Config\Cache), false)
 5 FCPATH/index.php(67): CodeIgniter\CodeIgniter->run()
CRITICAL - 2023-08-22 06:24:30 --> Call to a member function select() on null
in APPPATH/Models/Model_Login.php on line 16.
 1 APPPATH/Controllers/Login.php(24): App\Models\Model_Login->ValidarUsuario(null, null)
 2 SYSTEMPATH/CodeIgniter.php(932): App\Controllers\Login->sessionlogin()
 3 SYSTEMPATH/CodeIgniter.php(497): CodeIgniter\CodeIgniter->runController(Object(App\Controllers\Login))
 4 SYSTEMPATH/CodeIgniter.php(366): CodeIgniter\CodeIgniter->handleRequest(null, Object(Config\Cache), false)
 5 FCPATH/index.php(67): CodeIgniter\CodeIgniter->run()
CRITICAL - 2023-08-22 06:24:52 --> Call to undefined method CodeIgniter\Database\MySQLi\Connection::select()
in APPPATH/Models/Model_Login.php on line 12.
 1 APPPATH/Controllers/Login.php(24): App\Models\Model_Login->ValidarUsuario(null, null)
 2 SYSTEMPATH/CodeIgniter.php(932): App\Controllers\Login->sessionlogin()
 3 SYSTEMPATH/CodeIgniter.php(497): CodeIgniter\CodeIgniter->runController(Object(App\Controllers\Login))
 4 SYSTEMPATH/CodeIgniter.php(366): CodeIgniter\CodeIgniter->handleRequest(null, Object(Config\Cache), false)
 5 FCPATH/index.php(67): CodeIgniter\CodeIgniter->run()
INFO - 2023-08-22 06:28:12 --> Session: Class initialized using 'CodeIgniter\Session\Handlers\FileHandler' driver.
CRITICAL - 2023-08-22 06:28:12 --> Call to undefined method CodeIgniter\Database\MySQLi\Result::result()
in APPPATH/Models/Model_Login.php on line 21.
 1 APPPATH/Controllers/Login.php(24): App\Models\Model_Login->ValidarUsuario(null, null)
 2 SYSTEMPATH/CodeIgniter.php(932): App\Controllers\Login->sessionlogin()
 3 SYSTEMPATH/CodeIgniter.php(497): CodeIgniter\CodeIgniter->runController(Object(App\Controllers\Login))
 4 SYSTEMPATH/CodeIgniter.php(366): CodeIgniter\CodeIgniter->handleRequest(null, Object(Config\Cache), false)
 5 FCPATH/index.php(67): CodeIgniter\CodeIgniter->run()
INFO - 2023-08-22 06:30:26 --> Session: Class initialized using 'CodeIgniter\Session\Handlers\FileHandler' driver.
INFO - 2023-08-22 06:30:48 --> Session: Class initialized using 'CodeIgniter\Session\Handlers\FileHandler' driver.
INFO - 2023-08-22 06:31:07 --> Session: Class initialized using 'CodeIgniter\Session\Handlers\FileHandler' driver.
INFO - 2023-08-22 06:34:30 --> Session: Class initialized using 'CodeIgniter\Session\Handlers\FileHandler' driver.
INFO - 2023-08-22 06:34:56 --> Session: Class initialized using 'CodeIgniter\Session\Handlers\FileHandler' driver.
INFO - 2023-08-22 06:37:55 --> Session: Class initialized using 'CodeIgniter\Session\Handlers\FileHandler' driver.
INFO - 2023-08-22 06:38:21 --> Session: Class initialized using 'CodeIgniter\Session\Handlers\FileHandler' driver.
INFO - 2023-08-22 06:39:29 --> Session: Class initialized using 'CodeIgniter\Session\Handlers\FileHandler' driver.
INFO - 2023-08-22 06:39:48 --> Session: Class initialized using 'CodeIgniter\Session\Handlers\FileHandler' driver.
INFO - 2023-08-22 06:53:03 --> Session: Class initialized using 'CodeIgniter\Session\Handlers\FileHandler' driver.
INFO - 2023-08-22 06:53:27 --> Session: Class initialized using 'CodeIgniter\Session\Handlers\FileHandler' driver.
INFO - 2023-08-22 06:53:32 --> Session: Class initialized using 'CodeIgniter\Session\Handlers\FileHandler' driver.
INFO - 2023-08-22 06:53:48 --> Session: Class initialized using 'CodeIgniter\Session\Handlers\FileHandler' driver.
INFO - 2023-08-22 06:53:53 --> Session: Class initialized using 'CodeIgniter\Session\Handlers\FileHandler' driver.
INFO - 2023-08-22 06:56:22 --> Session: Class initialized using 'CodeIgniter\Session\Handlers\FileHandler' driver.
CRITICAL - 2023-08-22 06:56:39 --> count(): Argument #1 ($value) must be of type Countable|array, null given
in APPPATH/Controllers/Login.php on line 29.
 1 APPPATH/Controllers/Login.php(29): count(null)
 2 SYSTEMPATH/CodeIgniter.php(932): App\Controllers\Login->sessionlogin()
 3 SYSTEMPATH/CodeIgniter.php(497): CodeIgniter\CodeIgniter->runController(Object(App\Controllers\Login))
 4 SYSTEMPATH/CodeIgniter.php(366): CodeIgniter\CodeIgniter->handleRequest(null, Object(Config\Cache), false)
 5 FCPATH/index.php(67): CodeIgniter\CodeIgniter->run()
INFO - 2023-08-22 06:58:09 --> Session: Class initialized using 'CodeIgniter\Session\Handlers\FileHandler' driver.
CRITICAL - 2023-08-22 06:58:09 --> Trying to access array offset on value of type null
in APPPATH/Controllers/Login.php on line 34.
 1 APPPATH/Controllers/Login.php(34): CodeIgniter\Debug\Exceptions->errorHandler(2, 'Trying to access array offset on value of type null', '/www/SistemaDeInventarioPropio/app/Controllers/Login.php', 34)
 2 SYSTEMPATH/CodeIgniter.php(932): App\Controllers\Login->sessionlogin()
 3 SYSTEMPATH/CodeIgniter.php(497): CodeIgniter\CodeIgniter->runController(Object(App\Controllers\Login))
 4 SYSTEMPATH/CodeIgniter.php(366): CodeIgniter\CodeIgniter->handleRequest(null, Object(Config\Cache), false)
 5 FCPATH/index.php(67): CodeIgniter\CodeIgniter->run()
INFO - 2023-08-22 06:58:30 --> Session: Class initialized using 'CodeIgniter\Session\Handlers\FileHandler' driver.
INFO - 2023-08-22 06:58:35 --> Session: Class initialized using 'CodeIgniter\Session\Handlers\FileHandler' driver.
INFO - 2023-08-22 06:58:58 --> Session: Class initialized using 'CodeIgniter\Session\Handlers\FileHandler' driver.
INFO - 2023-08-22 06:59:03 --> Session: Class initialized using 'CodeIgniter\Session\Handlers\FileHandler' driver.
INFO - 2023-08-22 06:59:26 --> Session: Class initialized using 'CodeIgniter\Session\Handlers\FileHandler' driver.
INFO - 2023-08-22 07:00:03 --> Session: Class initialized using 'CodeIgniter\Session\Handlers\FileHandler' driver.
INFO - 2023-08-22 07:00:18 --> Session: Class initialized using 'CodeIgniter\Session\Handlers\FileHandler' driver.
INFO - 2023-08-22 07:00:22 --> Session: Class initialized using 'CodeIgniter\Session\Handlers\FileHandler' driver.
INFO - 2023-08-22 07:01:10 --> Session: Class initialized using 'CodeIgniter\Session\Handlers\FileHandler' driver.
INFO - 2023-08-22 07:01:26 --> Session: Class initialized using 'CodeIgniter\Session\Handlers\FileHandler' driver.
INFO - 2023-08-22 07:01:31 --> Session: Class initialized using 'CodeIgniter\Session\Handlers\FileHandler' driver.
INFO - 2023-08-22 07:01:47 --> Session: Class initialized using 'CodeIgniter\Session\Handlers\FileHandler' driver.
INFO - 2023-08-22 07:01:51 --> Session: Class initialized using 'CodeIgniter\Session\Handlers\FileHandler' driver.
INFO - 2023-08-22 07:02:36 --> Session: Class initialized using 'CodeIgniter\Session\Handlers\FileHandler' driver.
INFO - 2023-08-22 07:02:53 --> Session: Class initialized using 'CodeIgniter\Session\Handlers\FileHandler' driver.
INFO - 2023-08-22 07:02:57 --> Session: Class initialized using 'CodeIgniter\Session\Handlers\FileHandler' driver.
INFO - 2023-08-22 07:03:59 --> Session: Class initialized using 'CodeIgniter\Session\Handlers\FileHandler' driver.
INFO - 2023-08-22 07:04:43 --> Session: Class initialized using 'CodeIgniter\Session\Handlers\FileHandler' driver.
INFO - 2023-08-22 07:04:53 --> Session: Class initialized using 'CodeIgniter\Session\Handlers\FileHandler' driver.
INFO - 2023-08-22 07:06:45 --> Session: Class initialized using 'CodeIgniter\Session\Handlers\FileHandler' driver.
INFO - 2023-08-22 07:07:24 --> Session: Class initialized using 'CodeIgniter\Session\Handlers\FileHandler' driver.
INFO - 2023-08-22 07:08:21 --> Session: Class initialized using 'CodeIgniter\Session\Handlers\FileHandler' driver.
INFO - 2023-08-22 07:08:41 --> Session: Class initialized using 'CodeIgniter\Session\Handlers\FileHandler' driver.
INFO - 2023-08-22 07:09:33 --> Session: Class initialized using 'CodeIgniter\Session\Handlers\FileHandler' driver.
INFO - 2023-08-22 07:10:08 --> Session: Class initialized using 'CodeIgniter\Session\Handlers\FileHandler' driver.
INFO - 2023-08-22 07:10:24 --> Session: Class initialized using 'CodeIgniter\Session\Handlers\FileHandler' driver.
INFO - 2023-08-22 07:10:33 --> Session: Class initialized using 'CodeIgniter\Session\Handlers\FileHandler' driver.
INFO - 2023-08-22 07:12:35 --> Session: Class initialized using 'CodeIgniter\Session\Handlers\FileHandler' driver.
INFO - 2023-08-22 07:12:57 --> Session: Class initialized using 'CodeIgniter\Session\Handlers\FileHandler' driver.
INFO - 2023-08-22 07:13:08 --> Session: Class initialized using 'CodeIgniter\Session\Handlers\FileHandler' driver.
INFO - 2023-08-22 07:13:20 --> Session: Class initialized using 'CodeIgniter\Session\Handlers\FileHandler' driver.
