CRITICAL - 2023-08-27 16:14:21 --> Trying to access array offset on value of type null
in APPPATH/Controllers/Login.php on line 50.
 1 APPPATH/Controllers/Login.php(50): CodeIgniter\Debug\Exceptions->errorHandler(2, 'Trying to access array offset on value of type null', '/opt/lampp/htdocs/SistemaDeInventarios/app/Controllers/Login.php', 50)
 2 SYSTEMPATH/CodeIgniter.php(932): App\Controllers\Login->sessionlogin()
 3 SYSTEMPATH/CodeIgniter.php(497): CodeIgniter\CodeIgniter->runController(Object(App\Controllers\Login))
 4 SYSTEMPATH/CodeIgniter.php(366): CodeIgniter\CodeIgniter->handleRequest(null, Object(Config\Cache), false)
 5 FCPATH/index.php(67): CodeIgniter\CodeIgniter->run()
CRITICAL - 2023-08-27 16:14:53 --> Trying to access array offset on value of type null
in APPPATH/Controllers/Login.php on line 50.
 1 APPPATH/Controllers/Login.php(50): CodeIgniter\Debug\Exceptions->errorHandler(2, 'Trying to access array offset on value of type null', '/opt/lampp/htdocs/SistemaDeInventarios/app/Controllers/Login.php', 50)
 2 SYSTEMPATH/CodeIgniter.php(932): App\Controllers\Login->sessionlogin()
 3 SYSTEMPATH/CodeIgniter.php(497): CodeIgniter\CodeIgniter->runController(Object(App\Controllers\Login))
 4 SYSTEMPATH/CodeIgniter.php(366): CodeIgniter\CodeIgniter->handleRequest(null, Object(Config\Cache), false)
 5 FCPATH/index.php(67): CodeIgniter\CodeIgniter->run()
CRITICAL - 2023-08-27 16:14:55 --> Trying to access array offset on value of type null
in APPPATH/Controllers/Login.php on line 50.
 1 APPPATH/Controllers/Login.php(50): CodeIgniter\Debug\Exceptions->errorHandler(2, 'Trying to access array offset on value of type null', '/opt/lampp/htdocs/SistemaDeInventarios/app/Controllers/Login.php', 50)
 2 SYSTEMPATH/CodeIgniter.php(932): App\Controllers\Login->sessionlogin()
 3 SYSTEMPATH/CodeIgniter.php(497): CodeIgniter\CodeIgniter->runController(Object(App\Controllers\Login))
 4 SYSTEMPATH/CodeIgniter.php(366): CodeIgniter\CodeIgniter->handleRequest(null, Object(Config\Cache), false)
 5 FCPATH/index.php(67): CodeIgniter\CodeIgniter->run()
