CRITICAL - 2023-09-02 04:55:41 --> syntax error, unexpected token "endforeach"
in APPPATH\Views\Admin\ListUser.php on line 72.
 1 SYSTEMPATH\View\View.php(227): CodeIgniter\View\View->CodeIgniter\View\{closure}()
 2 SYSTEMPATH\Common.php(1180): CodeIgniter\View\View->render('Admin/ListUser', [], true)
 3 APPPATH\Controllers\Admin.php(81): view('Admin/ListUser', [...])
 4 SYSTEMPATH\CodeIgniter.php(932): App\Controllers\Admin->ListaUsuarios()
 5 SYSTEMPATH\CodeIgniter.php(497): CodeIgniter\CodeIgniter->runController(Object(App\Controllers\Admin))
 6 SYSTEMPATH\CodeIgniter.php(366): CodeIgniter\CodeIgniter->handleRequest(null, Object(Config\Cache), false)
 7 FCPATH\index.php(67): CodeIgniter\CodeIgniter->run()
CRITICAL - 2023-09-02 04:55:43 --> syntax error, unexpected token "endforeach"
in APPPATH\Views\Admin\ListUser.php on line 72.
 1 SYSTEMPATH\View\View.php(227): CodeIgniter\View\View->CodeIgniter\View\{closure}()
 2 SYSTEMPATH\Common.php(1180): CodeIgniter\View\View->render('Admin/ListUser', [], true)
 3 APPPATH\Controllers\Admin.php(81): view('Admin/ListUser', [...])
 4 SYSTEMPATH\CodeIgniter.php(932): App\Controllers\Admin->ListaUsuarios()
 5 SYSTEMPATH\CodeIgniter.php(497): CodeIgniter\CodeIgniter->runController(Object(App\Controllers\Admin))
 6 SYSTEMPATH\CodeIgniter.php(366): CodeIgniter\CodeIgniter->handleRequest(null, Object(Config\Cache), false)
 7 FCPATH\index.php(67): CodeIgniter\CodeIgniter->run()
CRITICAL - 2023-09-02 04:56:29 --> syntax error, unexpected token "endif"
in APPPATH\Views\Admin\DataAdmin.php on line 935.
 1 SYSTEMPATH\View\View.php(227): CodeIgniter\View\View->CodeIgniter\View\{closure}()
 2 SYSTEMPATH\Common.php(1180): CodeIgniter\View\View->render('Admin/DataAdmin', [], true)
 3 APPPATH\Controllers\Admin.php(16): view('Admin/DataAdmin')
 4 SYSTEMPATH\CodeIgniter.php(932): App\Controllers\Admin->Administrar()
 5 SYSTEMPATH\CodeIgniter.php(497): CodeIgniter\CodeIgniter->runController(Object(App\Controllers\Admin))
 6 SYSTEMPATH\CodeIgniter.php(366): CodeIgniter\CodeIgniter->handleRequest(null, Object(Config\Cache), false)
 7 FCPATH\index.php(67): CodeIgniter\CodeIgniter->run()
CRITICAL - 2023-09-02 14:28:09 --> Undefined variable $usuarios
in APPPATH\Views\Admin\DataAdmin.php on line 241.
 1 APPPATH\Views\Admin\DataAdmin.php(241): CodeIgniter\Debug\Exceptions->errorHandler(2, 'Undefined variable $usuarios', 'C:\\xampp\\htdocs\\SistemaDeInventarios\\app\\Views\\Admin\\DataAdmin.php', 241)
 2 SYSTEMPATH\View\View.php(224): include('C:\\xampp\\htdocs\\SistemaDeInventarios\\app\\Views\\Admin\\DataAdmin.php')
 3 SYSTEMPATH\View\View.php(227): CodeIgniter\View\View->CodeIgniter\View\{closure}()
 4 SYSTEMPATH\Common.php(1180): CodeIgniter\View\View->render('Admin/DataAdmin', [], true)
 5 APPPATH\Controllers\Admin.php(16): view('Admin/DataAdmin')
 6 SYSTEMPATH\CodeIgniter.php(932): App\Controllers\Admin->Administrar()
 7 SYSTEMPATH\CodeIgniter.php(497): CodeIgniter\CodeIgniter->runController(Object(App\Controllers\Admin))
 8 SYSTEMPATH\CodeIgniter.php(366): CodeIgniter\CodeIgniter->handleRequest(null, Object(Config\Cache), false)
 9 FCPATH\index.php(67): CodeIgniter\CodeIgniter->run()
CRITICAL - 2023-09-02 14:28:11 --> Undefined variable $usuarios
in APPPATH\Views\Admin\DataAdmin.php on line 241.
 1 APPPATH\Views\Admin\DataAdmin.php(241): CodeIgniter\Debug\Exceptions->errorHandler(2, 'Undefined variable $usuarios', 'C:\\xampp\\htdocs\\SistemaDeInventarios\\app\\Views\\Admin\\DataAdmin.php', 241)
 2 SYSTEMPATH\View\View.php(224): include('C:\\xampp\\htdocs\\SistemaDeInventarios\\app\\Views\\Admin\\DataAdmin.php')
 3 SYSTEMPATH\View\View.php(227): CodeIgniter\View\View->CodeIgniter\View\{closure}()
 4 SYSTEMPATH\Common.php(1180): CodeIgniter\View\View->render('Admin/DataAdmin', [], true)
 5 APPPATH\Controllers\Admin.php(16): view('Admin/DataAdmin')
 6 SYSTEMPATH\CodeIgniter.php(932): App\Controllers\Admin->Administrar()
 7 SYSTEMPATH\CodeIgniter.php(497): CodeIgniter\CodeIgniter->runController(Object(App\Controllers\Admin))
 8 SYSTEMPATH\CodeIgniter.php(366): CodeIgniter\CodeIgniter->handleRequest(null, Object(Config\Cache), false)
 9 FCPATH\index.php(67): CodeIgniter\CodeIgniter->run()
CRITICAL - 2023-09-02 14:28:12 --> Undefined variable $usuarios
in APPPATH\Views\Admin\DataAdmin.php on line 241.
 1 APPPATH\Views\Admin\DataAdmin.php(241): CodeIgniter\Debug\Exceptions->errorHandler(2, 'Undefined variable $usuarios', 'C:\\xampp\\htdocs\\SistemaDeInventarios\\app\\Views\\Admin\\DataAdmin.php', 241)
 2 SYSTEMPATH\View\View.php(224): include('C:\\xampp\\htdocs\\SistemaDeInventarios\\app\\Views\\Admin\\DataAdmin.php')
 3 SYSTEMPATH\View\View.php(227): CodeIgniter\View\View->CodeIgniter\View\{closure}()
 4 SYSTEMPATH\Common.php(1180): CodeIgniter\View\View->render('Admin/DataAdmin', [], true)
 5 APPPATH\Controllers\Admin.php(16): view('Admin/DataAdmin')
 6 SYSTEMPATH\CodeIgniter.php(932): App\Controllers\Admin->Administrar()
 7 SYSTEMPATH\CodeIgniter.php(497): CodeIgniter\CodeIgniter->runController(Object(App\Controllers\Admin))
 8 SYSTEMPATH\CodeIgniter.php(366): CodeIgniter\CodeIgniter->handleRequest(null, Object(Config\Cache), false)
 9 FCPATH\index.php(67): CodeIgniter\CodeIgniter->run()
CRITICAL - 2023-09-02 14:28:14 --> Undefined variable $usuarios
in APPPATH\Views\Admin\DataAdmin.php on line 241.
 1 APPPATH\Views\Admin\DataAdmin.php(241): CodeIgniter\Debug\Exceptions->errorHandler(2, 'Undefined variable $usuarios', 'C:\\xampp\\htdocs\\SistemaDeInventarios\\app\\Views\\Admin\\DataAdmin.php', 241)
 2 SYSTEMPATH\View\View.php(224): include('C:\\xampp\\htdocs\\SistemaDeInventarios\\app\\Views\\Admin\\DataAdmin.php')
 3 SYSTEMPATH\View\View.php(227): CodeIgniter\View\View->CodeIgniter\View\{closure}()
 4 SYSTEMPATH\Common.php(1180): CodeIgniter\View\View->render('Admin/DataAdmin', [], true)
 5 APPPATH\Controllers\Admin.php(16): view('Admin/DataAdmin')
 6 SYSTEMPATH\CodeIgniter.php(932): App\Controllers\Admin->Administrar()
 7 SYSTEMPATH\CodeIgniter.php(497): CodeIgniter\CodeIgniter->runController(Object(App\Controllers\Admin))
 8 SYSTEMPATH\CodeIgniter.php(366): CodeIgniter\CodeIgniter->handleRequest(null, Object(Config\Cache), false)
 9 FCPATH\index.php(67): CodeIgniter\CodeIgniter->run()
CRITICAL - 2023-09-02 14:28:15 --> Undefined variable $usuarios
in APPPATH\Views\Admin\DataAdmin.php on line 241.
 1 APPPATH\Views\Admin\DataAdmin.php(241): CodeIgniter\Debug\Exceptions->errorHandler(2, 'Undefined variable $usuarios', 'C:\\xampp\\htdocs\\SistemaDeInventarios\\app\\Views\\Admin\\DataAdmin.php', 241)
 2 SYSTEMPATH\View\View.php(224): include('C:\\xampp\\htdocs\\SistemaDeInventarios\\app\\Views\\Admin\\DataAdmin.php')
 3 SYSTEMPATH\View\View.php(227): CodeIgniter\View\View->CodeIgniter\View\{closure}()
 4 SYSTEMPATH\Common.php(1180): CodeIgniter\View\View->render('Admin/DataAdmin', [], true)
 5 APPPATH\Controllers\Admin.php(16): view('Admin/DataAdmin')
 6 SYSTEMPATH\CodeIgniter.php(932): App\Controllers\Admin->Administrar()
 7 SYSTEMPATH\CodeIgniter.php(497): CodeIgniter\CodeIgniter->runController(Object(App\Controllers\Admin))
 8 SYSTEMPATH\CodeIgniter.php(366): CodeIgniter\CodeIgniter->handleRequest(null, Object(Config\Cache), false)
 9 FCPATH\index.php(67): CodeIgniter\CodeIgniter->run()
CRITICAL - 2023-09-02 14:29:04 --> Undefined variable $usuarios
in APPPATH\Views\Admin\DataAdmin.php on line 241.
 1 APPPATH\Views\Admin\DataAdmin.php(241): CodeIgniter\Debug\Exceptions->errorHandler(2, 'Undefined variable $usuarios', 'C:\\xampp\\htdocs\\SistemaDeInventarios\\app\\Views\\Admin\\DataAdmin.php', 241)
 2 SYSTEMPATH\View\View.php(224): include('C:\\xampp\\htdocs\\SistemaDeInventarios\\app\\Views\\Admin\\DataAdmin.php')
 3 SYSTEMPATH\View\View.php(227): CodeIgniter\View\View->CodeIgniter\View\{closure}()
 4 SYSTEMPATH\Common.php(1180): CodeIgniter\View\View->render('Admin/DataAdmin', [], true)
 5 APPPATH\Controllers\Admin.php(16): view('Admin/DataAdmin')
 6 SYSTEMPATH\CodeIgniter.php(932): App\Controllers\Admin->Administrar()
 7 SYSTEMPATH\CodeIgniter.php(497): CodeIgniter\CodeIgniter->runController(Object(App\Controllers\Admin))
 8 SYSTEMPATH\CodeIgniter.php(366): CodeIgniter\CodeIgniter->handleRequest(null, Object(Config\Cache), false)
 9 FCPATH\index.php(67): CodeIgniter\CodeIgniter->run()
