CRITICAL - 2023-09-10 18:22:55 --> syntax error, unexpected end of file
in APPPATH\Views\Compras\compras.php on line 413.
 1 SYSTEMPATH\View\View.php(227): CodeIgniter\View\View->CodeIgniter\View\{closure}()
 2 SYSTEMPATH\Common.php(1180): CodeIgniter\View\View->render('Compras/compras', [], true)
 3 APPPATH\Controllers\Home.php(18): view('Compras/compras')
 4 SYSTEMPATH\CodeIgniter.php(932): App\Controllers\Home->FormularioC()
 5 SYSTEMPATH\CodeIgniter.php(497): CodeIgniter\CodeIgniter->runController(Object(App\Controllers\Home))
 6 SYSTEMPATH\CodeIgniter.php(366): CodeIgniter\CodeIgniter->handleRequest(null, Object(Config\Cache), false)
 7 FCPATH\index.php(67): CodeIgniter\CodeIgniter->run()
CRITICAL - 2023-09-10 18:23:00 --> syntax error, unexpected end of file
in APPPATH\Views\Compras\compras.php on line 413.
 1 SYSTEMPATH\View\View.php(227): CodeIgniter\View\View->CodeIgniter\View\{closure}()
 2 SYSTEMPATH\Common.php(1180): CodeIgniter\View\View->render('Compras/compras', [], true)
 3 APPPATH\Controllers\Home.php(18): view('Compras/compras')
 4 SYSTEMPATH\CodeIgniter.php(932): App\Controllers\Home->FormularioC()
 5 SYSTEMPATH\CodeIgniter.php(497): CodeIgniter\CodeIgniter->runController(Object(App\Controllers\Home))
 6 SYSTEMPATH\CodeIgniter.php(366): CodeIgniter\CodeIgniter->handleRequest(null, Object(Config\Cache), false)
 7 FCPATH\index.php(67): CodeIgniter\CodeIgniter->run()
CRITICAL - 2023-09-10 18:23:17 --> syntax error, unexpected end of file
in APPPATH\Views\Compras\compras.php on line 413.
 1 SYSTEMPATH\View\View.php(227): CodeIgniter\View\View->CodeIgniter\View\{closure}()
 2 SYSTEMPATH\Common.php(1180): CodeIgniter\View\View->render('Compras/compras', [], true)
 3 APPPATH\Controllers\Home.php(18): view('Compras/compras')
 4 SYSTEMPATH\CodeIgniter.php(932): App\Controllers\Home->FormularioC()
 5 SYSTEMPATH\CodeIgniter.php(497): CodeIgniter\CodeIgniter->runController(Object(App\Controllers\Home))
 6 SYSTEMPATH\CodeIgniter.php(366): CodeIgniter\CodeIgniter->handleRequest(null, Object(Config\Cache), false)
 7 FCPATH\index.php(67): CodeIgniter\CodeIgniter->run()
CRITICAL - 2023-09-10 18:23:31 --> syntax error, unexpected end of file
in APPPATH\Views\Compras\compras.php on line 413.
 1 SYSTEMPATH\View\View.php(227): CodeIgniter\View\View->CodeIgniter\View\{closure}()
 2 SYSTEMPATH\Common.php(1180): CodeIgniter\View\View->render('Compras/compras', [], true)
 3 APPPATH\Controllers\Home.php(18): view('Compras/compras')
 4 SYSTEMPATH\CodeIgniter.php(932): App\Controllers\Home->FormularioC()
 5 SYSTEMPATH\CodeIgniter.php(497): CodeIgniter\CodeIgniter->runController(Object(App\Controllers\Home))
 6 SYSTEMPATH\CodeIgniter.php(366): CodeIgniter\CodeIgniter->handleRequest(null, Object(Config\Cache), false)
 7 FCPATH\index.php(67): CodeIgniter\CodeIgniter->run()
CRITICAL - 2023-09-10 18:24:04 --> syntax error, unexpected end of file
in APPPATH\Views\Compras\compras.php on line 413.
 1 SYSTEMPATH\View\View.php(227): CodeIgniter\View\View->CodeIgniter\View\{closure}()
 2 SYSTEMPATH\Common.php(1180): CodeIgniter\View\View->render('Compras/compras', [], true)
 3 APPPATH\Controllers\Home.php(18): view('Compras/compras')
 4 SYSTEMPATH\CodeIgniter.php(932): App\Controllers\Home->FormularioC()
 5 SYSTEMPATH\CodeIgniter.php(497): CodeIgniter\CodeIgniter->runController(Object(App\Controllers\Home))
 6 SYSTEMPATH\CodeIgniter.php(366): CodeIgniter\CodeIgniter->handleRequest(null, Object(Config\Cache), false)
 7 FCPATH\index.php(67): CodeIgniter\CodeIgniter->run()
CRITICAL - 2023-09-10 18:24:07 --> syntax error, unexpected end of file
in APPPATH\Views\Compras\compras.php on line 413.
 1 SYSTEMPATH\View\View.php(227): CodeIgniter\View\View->CodeIgniter\View\{closure}()
 2 SYSTEMPATH\Common.php(1180): CodeIgniter\View\View->render('Compras/compras', [], true)
 3 APPPATH\Controllers\Home.php(18): view('Compras/compras')
 4 SYSTEMPATH\CodeIgniter.php(932): App\Controllers\Home->FormularioC()
 5 SYSTEMPATH\CodeIgniter.php(497): CodeIgniter\CodeIgniter->runController(Object(App\Controllers\Home))
 6 SYSTEMPATH\CodeIgniter.php(366): CodeIgniter\CodeIgniter->handleRequest(null, Object(Config\Cache), false)
 7 FCPATH\index.php(67): CodeIgniter\CodeIgniter->run()
CRITICAL - 2023-09-10 18:24:08 --> syntax error, unexpected end of file
in APPPATH\Views\Compras\compras.php on line 413.
 1 SYSTEMPATH\View\View.php(227): CodeIgniter\View\View->CodeIgniter\View\{closure}()
 2 SYSTEMPATH\Common.php(1180): CodeIgniter\View\View->render('Compras/compras', [], true)
 3 APPPATH\Controllers\Home.php(18): view('Compras/compras')
 4 SYSTEMPATH\CodeIgniter.php(932): App\Controllers\Home->FormularioC()
 5 SYSTEMPATH\CodeIgniter.php(497): CodeIgniter\CodeIgniter->runController(Object(App\Controllers\Home))
 6 SYSTEMPATH\CodeIgniter.php(366): CodeIgniter\CodeIgniter->handleRequest(null, Object(Config\Cache), false)
 7 FCPATH\index.php(67): CodeIgniter\CodeIgniter->run()
CRITICAL - 2023-09-10 18:24:10 --> syntax error, unexpected end of file
in APPPATH\Views\Compras\compras.php on line 413.
 1 SYSTEMPATH\View\View.php(227): CodeIgniter\View\View->CodeIgniter\View\{closure}()
 2 SYSTEMPATH\Common.php(1180): CodeIgniter\View\View->render('Compras/compras', [], true)
 3 APPPATH\Controllers\Home.php(18): view('Compras/compras')
 4 SYSTEMPATH\CodeIgniter.php(932): App\Controllers\Home->FormularioC()
 5 SYSTEMPATH\CodeIgniter.php(497): CodeIgniter\CodeIgniter->runController(Object(App\Controllers\Home))
 6 SYSTEMPATH\CodeIgniter.php(366): CodeIgniter\CodeIgniter->handleRequest(null, Object(Config\Cache), false)
 7 FCPATH\index.php(67): CodeIgniter\CodeIgniter->run()
CRITICAL - 2023-09-10 18:24:22 --> syntax error, unexpected end of file
in APPPATH\Views\Compras\compras.php on line 413.
 1 SYSTEMPATH\View\View.php(227): CodeIgniter\View\View->CodeIgniter\View\{closure}()
 2 SYSTEMPATH\Common.php(1180): CodeIgniter\View\View->render('Compras/compras', [], true)
 3 APPPATH\Controllers\Home.php(18): view('Compras/compras')
 4 SYSTEMPATH\CodeIgniter.php(932): App\Controllers\Home->FormularioC()
 5 SYSTEMPATH\CodeIgniter.php(497): CodeIgniter\CodeIgniter->runController(Object(App\Controllers\Home))
 6 SYSTEMPATH\CodeIgniter.php(366): CodeIgniter\CodeIgniter->handleRequest(null, Object(Config\Cache), false)
 7 FCPATH\index.php(67): CodeIgniter\CodeIgniter->run()
CRITICAL - 2023-09-10 18:25:04 --> syntax error, unexpected end of file
in APPPATH\Views\Compras\compras.php on line 413.
 1 SYSTEMPATH\View\View.php(227): CodeIgniter\View\View->CodeIgniter\View\{closure}()
 2 SYSTEMPATH\Common.php(1180): CodeIgniter\View\View->render('Compras/compras', [], true)
 3 APPPATH\Controllers\Home.php(18): view('Compras/compras')
 4 SYSTEMPATH\CodeIgniter.php(932): App\Controllers\Home->FormularioC()
 5 SYSTEMPATH\CodeIgniter.php(497): CodeIgniter\CodeIgniter->runController(Object(App\Controllers\Home))
 6 SYSTEMPATH\CodeIgniter.php(366): CodeIgniter\CodeIgniter->handleRequest(null, Object(Config\Cache), false)
 7 FCPATH\index.php(67): CodeIgniter\CodeIgniter->run()
CRITICAL - 2023-09-10 18:25:16 --> syntax error, unexpected end of file
in APPPATH\Views\Compras\compras.php on line 413.
 1 SYSTEMPATH\View\View.php(227): CodeIgniter\View\View->CodeIgniter\View\{closure}()
 2 SYSTEMPATH\Common.php(1180): CodeIgniter\View\View->render('Compras/compras', [], true)
 3 APPPATH\Controllers\Home.php(18): view('Compras/compras')
 4 SYSTEMPATH\CodeIgniter.php(932): App\Controllers\Home->FormularioC()
 5 SYSTEMPATH\CodeIgniter.php(497): CodeIgniter\CodeIgniter->runController(Object(App\Controllers\Home))
 6 SYSTEMPATH\CodeIgniter.php(366): CodeIgniter\CodeIgniter->handleRequest(null, Object(Config\Cache), false)
 7 FCPATH\index.php(67): CodeIgniter\CodeIgniter->run()
CRITICAL - 2023-09-10 18:25:17 --> syntax error, unexpected end of file
in APPPATH\Views\Compras\compras.php on line 413.
 1 SYSTEMPATH\View\View.php(227): CodeIgniter\View\View->CodeIgniter\View\{closure}()
 2 SYSTEMPATH\Common.php(1180): CodeIgniter\View\View->render('Compras/compras', [], true)
 3 APPPATH\Controllers\Home.php(18): view('Compras/compras')
 4 SYSTEMPATH\CodeIgniter.php(932): App\Controllers\Home->FormularioC()
 5 SYSTEMPATH\CodeIgniter.php(497): CodeIgniter\CodeIgniter->runController(Object(App\Controllers\Home))
 6 SYSTEMPATH\CodeIgniter.php(366): CodeIgniter\CodeIgniter->handleRequest(null, Object(Config\Cache), false)
 7 FCPATH\index.php(67): CodeIgniter\CodeIgniter->run()
CRITICAL - 2023-09-10 18:25:17 --> syntax error, unexpected end of file
in APPPATH\Views\Compras\compras.php on line 413.
 1 SYSTEMPATH\View\View.php(227): CodeIgniter\View\View->CodeIgniter\View\{closure}()
 2 SYSTEMPATH\Common.php(1180): CodeIgniter\View\View->render('Compras/compras', [], true)
 3 APPPATH\Controllers\Home.php(18): view('Compras/compras')
 4 SYSTEMPATH\CodeIgniter.php(932): App\Controllers\Home->FormularioC()
 5 SYSTEMPATH\CodeIgniter.php(497): CodeIgniter\CodeIgniter->runController(Object(App\Controllers\Home))
 6 SYSTEMPATH\CodeIgniter.php(366): CodeIgniter\CodeIgniter->handleRequest(null, Object(Config\Cache), false)
 7 FCPATH\index.php(67): CodeIgniter\CodeIgniter->run()
CRITICAL - 2023-09-10 18:25:21 --> syntax error, unexpected end of file
in APPPATH\Views\Compras\compras.php on line 413.
 1 SYSTEMPATH\View\View.php(227): CodeIgniter\View\View->CodeIgniter\View\{closure}()
 2 SYSTEMPATH\Common.php(1180): CodeIgniter\View\View->render('Compras/compras', [], true)
 3 APPPATH\Controllers\Home.php(18): view('Compras/compras')
 4 SYSTEMPATH\CodeIgniter.php(932): App\Controllers\Home->FormularioC()
 5 SYSTEMPATH\CodeIgniter.php(497): CodeIgniter\CodeIgniter->runController(Object(App\Controllers\Home))
 6 SYSTEMPATH\CodeIgniter.php(366): CodeIgniter\CodeIgniter->handleRequest(null, Object(Config\Cache), false)
 7 FCPATH\index.php(67): CodeIgniter\CodeIgniter->run()
CRITICAL - 2023-09-10 18:25:22 --> syntax error, unexpected end of file
in APPPATH\Views\Compras\compras.php on line 413.
 1 SYSTEMPATH\View\View.php(227): CodeIgniter\View\View->CodeIgniter\View\{closure}()
 2 SYSTEMPATH\Common.php(1180): CodeIgniter\View\View->render('Compras/compras', [], true)
 3 APPPATH\Controllers\Home.php(18): view('Compras/compras')
 4 SYSTEMPATH\CodeIgniter.php(932): App\Controllers\Home->FormularioC()
 5 SYSTEMPATH\CodeIgniter.php(497): CodeIgniter\CodeIgniter->runController(Object(App\Controllers\Home))
 6 SYSTEMPATH\CodeIgniter.php(366): CodeIgniter\CodeIgniter->handleRequest(null, Object(Config\Cache), false)
 7 FCPATH\index.php(67): CodeIgniter\CodeIgniter->run()
CRITICAL - 2023-09-10 18:29:00 --> syntax error, unexpected end of file
in APPPATH\Views\Compras\compras.php on line 413.
 1 SYSTEMPATH\View\View.php(227): CodeIgniter\View\View->CodeIgniter\View\{closure}()
 2 SYSTEMPATH\Common.php(1180): CodeIgniter\View\View->render('Compras/compras', [], true)
 3 APPPATH\Controllers\Home.php(18): view('Compras/compras')
 4 SYSTEMPATH\CodeIgniter.php(932): App\Controllers\Home->FormularioC()
 5 SYSTEMPATH\CodeIgniter.php(497): CodeIgniter\CodeIgniter->runController(Object(App\Controllers\Home))
 6 SYSTEMPATH\CodeIgniter.php(366): CodeIgniter\CodeIgniter->handleRequest(null, Object(Config\Cache), false)
 7 FCPATH\index.php(67): CodeIgniter\CodeIgniter->run()
CRITICAL - 2023-09-10 18:30:39 --> syntax error, unexpected end of file
in APPPATH\Views\Compras\compras.php on line 413.
 1 SYSTEMPATH\View\View.php(227): CodeIgniter\View\View->CodeIgniter\View\{closure}()
 2 SYSTEMPATH\Common.php(1180): CodeIgniter\View\View->render('Compras/compras', [], true)
 3 APPPATH\Controllers\Home.php(18): view('Compras/compras')
 4 SYSTEMPATH\CodeIgniter.php(932): App\Controllers\Home->FormularioC()
 5 SYSTEMPATH\CodeIgniter.php(497): CodeIgniter\CodeIgniter->runController(Object(App\Controllers\Home))
 6 SYSTEMPATH\CodeIgniter.php(366): CodeIgniter\CodeIgniter->handleRequest(null, Object(Config\Cache), false)
 7 FCPATH\index.php(67): CodeIgniter\CodeIgniter->run()
CRITICAL - 2023-09-10 18:30:41 --> syntax error, unexpected end of file
in APPPATH\Views\Compras\compras.php on line 413.
 1 SYSTEMPATH\View\View.php(227): CodeIgniter\View\View->CodeIgniter\View\{closure}()
 2 SYSTEMPATH\Common.php(1180): CodeIgniter\View\View->render('Compras/compras', [], true)
 3 APPPATH\Controllers\Home.php(18): view('Compras/compras')
 4 SYSTEMPATH\CodeIgniter.php(932): App\Controllers\Home->FormularioC()
 5 SYSTEMPATH\CodeIgniter.php(497): CodeIgniter\CodeIgniter->runController(Object(App\Controllers\Home))
 6 SYSTEMPATH\CodeIgniter.php(366): CodeIgniter\CodeIgniter->handleRequest(null, Object(Config\Cache), false)
 7 FCPATH\index.php(67): CodeIgniter\CodeIgniter->run()
CRITICAL - 2023-09-10 18:30:41 --> syntax error, unexpected end of file
in APPPATH\Views\Compras\compras.php on line 413.
 1 SYSTEMPATH\View\View.php(227): CodeIgniter\View\View->CodeIgniter\View\{closure}()
 2 SYSTEMPATH\Common.php(1180): CodeIgniter\View\View->render('Compras/compras', [], true)
 3 APPPATH\Controllers\Home.php(18): view('Compras/compras')
 4 SYSTEMPATH\CodeIgniter.php(932): App\Controllers\Home->FormularioC()
 5 SYSTEMPATH\CodeIgniter.php(497): CodeIgniter\CodeIgniter->runController(Object(App\Controllers\Home))
 6 SYSTEMPATH\CodeIgniter.php(366): CodeIgniter\CodeIgniter->handleRequest(null, Object(Config\Cache), false)
 7 FCPATH\index.php(67): CodeIgniter\CodeIgniter->run()
CRITICAL - 2023-09-10 18:30:42 --> syntax error, unexpected end of file
in APPPATH\Views\Compras\compras.php on line 413.
 1 SYSTEMPATH\View\View.php(227): CodeIgniter\View\View->CodeIgniter\View\{closure}()
 2 SYSTEMPATH\Common.php(1180): CodeIgniter\View\View->render('Compras/compras', [], true)
 3 APPPATH\Controllers\Home.php(18): view('Compras/compras')
 4 SYSTEMPATH\CodeIgniter.php(932): App\Controllers\Home->FormularioC()
 5 SYSTEMPATH\CodeIgniter.php(497): CodeIgniter\CodeIgniter->runController(Object(App\Controllers\Home))
 6 SYSTEMPATH\CodeIgniter.php(366): CodeIgniter\CodeIgniter->handleRequest(null, Object(Config\Cache), false)
 7 FCPATH\index.php(67): CodeIgniter\CodeIgniter->run()
CRITICAL - 2023-09-10 18:30:55 --> syntax error, unexpected end of file
in APPPATH\Views\Compras\compras.php on line 413.
 1 SYSTEMPATH\View\View.php(227): CodeIgniter\View\View->CodeIgniter\View\{closure}()
 2 SYSTEMPATH\Common.php(1180): CodeIgniter\View\View->render('Compras/compras', [], true)
 3 APPPATH\Controllers\Home.php(18): view('Compras/compras')
 4 SYSTEMPATH\CodeIgniter.php(932): App\Controllers\Home->FormularioC()
 5 SYSTEMPATH\CodeIgniter.php(497): CodeIgniter\CodeIgniter->runController(Object(App\Controllers\Home))
 6 SYSTEMPATH\CodeIgniter.php(366): CodeIgniter\CodeIgniter->handleRequest(null, Object(Config\Cache), false)
 7 FCPATH\index.php(67): CodeIgniter\CodeIgniter->run()
CRITICAL - 2023-09-10 18:30:56 --> syntax error, unexpected end of file
in APPPATH\Views\Compras\compras.php on line 413.
 1 SYSTEMPATH\View\View.php(227): CodeIgniter\View\View->CodeIgniter\View\{closure}()
 2 SYSTEMPATH\Common.php(1180): CodeIgniter\View\View->render('Compras/compras', [], true)
 3 APPPATH\Controllers\Home.php(18): view('Compras/compras')
 4 SYSTEMPATH\CodeIgniter.php(932): App\Controllers\Home->FormularioC()
 5 SYSTEMPATH\CodeIgniter.php(497): CodeIgniter\CodeIgniter->runController(Object(App\Controllers\Home))
 6 SYSTEMPATH\CodeIgniter.php(366): CodeIgniter\CodeIgniter->handleRequest(null, Object(Config\Cache), false)
 7 FCPATH\index.php(67): CodeIgniter\CodeIgniter->run()
CRITICAL - 2023-09-10 18:30:57 --> syntax error, unexpected end of file
in APPPATH\Views\Compras\compras.php on line 413.
 1 SYSTEMPATH\View\View.php(227): CodeIgniter\View\View->CodeIgniter\View\{closure}()
 2 SYSTEMPATH\Common.php(1180): CodeIgniter\View\View->render('Compras/compras', [], true)
 3 APPPATH\Controllers\Home.php(18): view('Compras/compras')
 4 SYSTEMPATH\CodeIgniter.php(932): App\Controllers\Home->FormularioC()
 5 SYSTEMPATH\CodeIgniter.php(497): CodeIgniter\CodeIgniter->runController(Object(App\Controllers\Home))
 6 SYSTEMPATH\CodeIgniter.php(366): CodeIgniter\CodeIgniter->handleRequest(null, Object(Config\Cache), false)
 7 FCPATH\index.php(67): CodeIgniter\CodeIgniter->run()
CRITICAL - 2023-09-10 18:30:57 --> syntax error, unexpected end of file
in APPPATH\Views\Compras\compras.php on line 413.
 1 SYSTEMPATH\View\View.php(227): CodeIgniter\View\View->CodeIgniter\View\{closure}()
 2 SYSTEMPATH\Common.php(1180): CodeIgniter\View\View->render('Compras/compras', [], true)
 3 APPPATH\Controllers\Home.php(18): view('Compras/compras')
 4 SYSTEMPATH\CodeIgniter.php(932): App\Controllers\Home->FormularioC()
 5 SYSTEMPATH\CodeIgniter.php(497): CodeIgniter\CodeIgniter->runController(Object(App\Controllers\Home))
 6 SYSTEMPATH\CodeIgniter.php(366): CodeIgniter\CodeIgniter->handleRequest(null, Object(Config\Cache), false)
 7 FCPATH\index.php(67): CodeIgniter\CodeIgniter->run()
CRITICAL - 2023-09-10 18:30:57 --> syntax error, unexpected end of file
in APPPATH\Views\Compras\compras.php on line 413.
 1 SYSTEMPATH\View\View.php(227): CodeIgniter\View\View->CodeIgniter\View\{closure}()
 2 SYSTEMPATH\Common.php(1180): CodeIgniter\View\View->render('Compras/compras', [], true)
 3 APPPATH\Controllers\Home.php(18): view('Compras/compras')
 4 SYSTEMPATH\CodeIgniter.php(932): App\Controllers\Home->FormularioC()
 5 SYSTEMPATH\CodeIgniter.php(497): CodeIgniter\CodeIgniter->runController(Object(App\Controllers\Home))
 6 SYSTEMPATH\CodeIgniter.php(366): CodeIgniter\CodeIgniter->handleRequest(null, Object(Config\Cache), false)
 7 FCPATH\index.php(67): CodeIgniter\CodeIgniter->run()
CRITICAL - 2023-09-10 18:30:58 --> syntax error, unexpected end of file
in APPPATH\Views\Compras\compras.php on line 413.
 1 SYSTEMPATH\View\View.php(227): CodeIgniter\View\View->CodeIgniter\View\{closure}()
 2 SYSTEMPATH\Common.php(1180): CodeIgniter\View\View->render('Compras/compras', [], true)
 3 APPPATH\Controllers\Home.php(18): view('Compras/compras')
 4 SYSTEMPATH\CodeIgniter.php(932): App\Controllers\Home->FormularioC()
 5 SYSTEMPATH\CodeIgniter.php(497): CodeIgniter\CodeIgniter->runController(Object(App\Controllers\Home))
 6 SYSTEMPATH\CodeIgniter.php(366): CodeIgniter\CodeIgniter->handleRequest(null, Object(Config\Cache), false)
 7 FCPATH\index.php(67): CodeIgniter\CodeIgniter->run()
CRITICAL - 2023-09-10 18:30:58 --> syntax error, unexpected end of file
in APPPATH\Views\Compras\compras.php on line 413.
 1 SYSTEMPATH\View\View.php(227): CodeIgniter\View\View->CodeIgniter\View\{closure}()
 2 SYSTEMPATH\Common.php(1180): CodeIgniter\View\View->render('Compras/compras', [], true)
 3 APPPATH\Controllers\Home.php(18): view('Compras/compras')
 4 SYSTEMPATH\CodeIgniter.php(932): App\Controllers\Home->FormularioC()
 5 SYSTEMPATH\CodeIgniter.php(497): CodeIgniter\CodeIgniter->runController(Object(App\Controllers\Home))
 6 SYSTEMPATH\CodeIgniter.php(366): CodeIgniter\CodeIgniter->handleRequest(null, Object(Config\Cache), false)
 7 FCPATH\index.php(67): CodeIgniter\CodeIgniter->run()
CRITICAL - 2023-09-10 18:31:43 --> syntax error, unexpected end of file
in APPPATH\Views\Compras\compras.php on line 413.
 1 SYSTEMPATH\View\View.php(227): CodeIgniter\View\View->CodeIgniter\View\{closure}()
 2 SYSTEMPATH\Common.php(1180): CodeIgniter\View\View->render('Compras/compras', [], true)
 3 APPPATH\Controllers\Home.php(18): view('Compras/compras')
 4 SYSTEMPATH\CodeIgniter.php(932): App\Controllers\Home->FormularioC()
 5 SYSTEMPATH\CodeIgniter.php(497): CodeIgniter\CodeIgniter->runController(Object(App\Controllers\Home))
 6 SYSTEMPATH\CodeIgniter.php(366): CodeIgniter\CodeIgniter->handleRequest(null, Object(Config\Cache), false)
 7 FCPATH\index.php(67): CodeIgniter\CodeIgniter->run()
CRITICAL - 2023-09-10 18:31:52 --> syntax error, unexpected end of file
in APPPATH\Views\Compras\compras.php on line 413.
 1 SYSTEMPATH\View\View.php(227): CodeIgniter\View\View->CodeIgniter\View\{closure}()
 2 SYSTEMPATH\Common.php(1180): CodeIgniter\View\View->render('Compras/compras', [], true)
 3 APPPATH\Controllers\Home.php(18): view('Compras/compras')
 4 SYSTEMPATH\CodeIgniter.php(932): App\Controllers\Home->FormularioC()
 5 SYSTEMPATH\CodeIgniter.php(497): CodeIgniter\CodeIgniter->runController(Object(App\Controllers\Home))
 6 SYSTEMPATH\CodeIgniter.php(366): CodeIgniter\CodeIgniter->handleRequest(null, Object(Config\Cache), false)
 7 FCPATH\index.php(67): CodeIgniter\CodeIgniter->run()
CRITICAL - 2023-09-10 18:31:55 --> syntax error, unexpected end of file
in APPPATH\Views\Compras\compras.php on line 413.
 1 SYSTEMPATH\View\View.php(227): CodeIgniter\View\View->CodeIgniter\View\{closure}()
 2 SYSTEMPATH\Common.php(1180): CodeIgniter\View\View->render('Compras/compras', [], true)
 3 APPPATH\Controllers\Home.php(18): view('Compras/compras')
 4 SYSTEMPATH\CodeIgniter.php(932): App\Controllers\Home->FormularioC()
 5 SYSTEMPATH\CodeIgniter.php(497): CodeIgniter\CodeIgniter->runController(Object(App\Controllers\Home))
 6 SYSTEMPATH\CodeIgniter.php(366): CodeIgniter\CodeIgniter->handleRequest(null, Object(Config\Cache), false)
 7 FCPATH\index.php(67): CodeIgniter\CodeIgniter->run()
CRITICAL - 2023-09-10 18:35:09 --> syntax error, unexpected end of file
in APPPATH\Views\Compras\compras.php on line 414.
 1 SYSTEMPATH\View\View.php(227): CodeIgniter\View\View->CodeIgniter\View\{closure}()
 2 SYSTEMPATH\Common.php(1180): CodeIgniter\View\View->render('Compras/compras', [], true)
 3 APPPATH\Controllers\Home.php(18): view('Compras/compras')
 4 SYSTEMPATH\CodeIgniter.php(932): App\Controllers\Home->FormularioC()
 5 SYSTEMPATH\CodeIgniter.php(497): CodeIgniter\CodeIgniter->runController(Object(App\Controllers\Home))
 6 SYSTEMPATH\CodeIgniter.php(366): CodeIgniter\CodeIgniter->handleRequest(null, Object(Config\Cache), false)
 7 FCPATH\index.php(67): CodeIgniter\CodeIgniter->run()
CRITICAL - 2023-09-10 18:35:14 --> syntax error, unexpected end of file
in APPPATH\Views\Compras\compras.php on line 414.
 1 SYSTEMPATH\View\View.php(227): CodeIgniter\View\View->CodeIgniter\View\{closure}()
 2 SYSTEMPATH\Common.php(1180): CodeIgniter\View\View->render('Compras/compras', [], true)
 3 APPPATH\Controllers\Home.php(18): view('Compras/compras')
 4 SYSTEMPATH\CodeIgniter.php(932): App\Controllers\Home->FormularioC()
 5 SYSTEMPATH\CodeIgniter.php(497): CodeIgniter\CodeIgniter->runController(Object(App\Controllers\Home))
 6 SYSTEMPATH\CodeIgniter.php(366): CodeIgniter\CodeIgniter->handleRequest(null, Object(Config\Cache), false)
 7 FCPATH\index.php(67): CodeIgniter\CodeIgniter->run()
CRITICAL - 2023-09-10 18:41:27 --> syntax error, unexpected end of file
in APPPATH\Views\Compras\compras.php on line 414.
 1 SYSTEMPATH\View\View.php(227): CodeIgniter\View\View->CodeIgniter\View\{closure}()
 2 SYSTEMPATH\Common.php(1180): CodeIgniter\View\View->render('Compras/compras', [], true)
 3 APPPATH\Controllers\Home.php(18): view('Compras/compras')
 4 SYSTEMPATH\CodeIgniter.php(932): App\Controllers\Home->FormularioC()
 5 SYSTEMPATH\CodeIgniter.php(497): CodeIgniter\CodeIgniter->runController(Object(App\Controllers\Home))
 6 SYSTEMPATH\CodeIgniter.php(366): CodeIgniter\CodeIgniter->handleRequest(null, Object(Config\Cache), false)
 7 FCPATH\index.php(67): CodeIgniter\CodeIgniter->run()
CRITICAL - 2023-09-10 18:43:26 --> syntax error, unexpected end of file
in APPPATH\Views\Compras\compras.php on line 414.
 1 SYSTEMPATH\View\View.php(227): CodeIgniter\View\View->CodeIgniter\View\{closure}()
 2 SYSTEMPATH\Common.php(1180): CodeIgniter\View\View->render('Compras/compras', [], true)
 3 APPPATH\Controllers\Home.php(18): view('Compras/compras')
 4 SYSTEMPATH\CodeIgniter.php(932): App\Controllers\Home->FormularioC()
 5 SYSTEMPATH\CodeIgniter.php(497): CodeIgniter\CodeIgniter->runController(Object(App\Controllers\Home))
 6 SYSTEMPATH\CodeIgniter.php(366): CodeIgniter\CodeIgniter->handleRequest(null, Object(Config\Cache), false)
 7 FCPATH\index.php(67): CodeIgniter\CodeIgniter->run()
CRITICAL - 2023-09-10 18:45:09 --> syntax error, unexpected end of file
in APPPATH\Views\Compras\compras.php on line 416.
 1 SYSTEMPATH\View\View.php(227): CodeIgniter\View\View->CodeIgniter\View\{closure}()
 2 SYSTEMPATH\Common.php(1180): CodeIgniter\View\View->render('Compras/compras', [], true)
 3 APPPATH\Controllers\Home.php(18): view('Compras/compras')
 4 SYSTEMPATH\CodeIgniter.php(932): App\Controllers\Home->FormularioC()
 5 SYSTEMPATH\CodeIgniter.php(497): CodeIgniter\CodeIgniter->runController(Object(App\Controllers\Home))
 6 SYSTEMPATH\CodeIgniter.php(366): CodeIgniter\CodeIgniter->handleRequest(null, Object(Config\Cache), false)
 7 FCPATH\index.php(67): CodeIgniter\CodeIgniter->run()
CRITICAL - 2023-09-10 18:45:10 --> syntax error, unexpected end of file
in APPPATH\Views\Compras\compras.php on line 416.
 1 SYSTEMPATH\View\View.php(227): CodeIgniter\View\View->CodeIgniter\View\{closure}()
 2 SYSTEMPATH\Common.php(1180): CodeIgniter\View\View->render('Compras/compras', [], true)
 3 APPPATH\Controllers\Home.php(18): view('Compras/compras')
 4 SYSTEMPATH\CodeIgniter.php(932): App\Controllers\Home->FormularioC()
 5 SYSTEMPATH\CodeIgniter.php(497): CodeIgniter\CodeIgniter->runController(Object(App\Controllers\Home))
 6 SYSTEMPATH\CodeIgniter.php(366): CodeIgniter\CodeIgniter->handleRequest(null, Object(Config\Cache), false)
 7 FCPATH\index.php(67): CodeIgniter\CodeIgniter->run()
CRITICAL - 2023-09-10 18:45:10 --> syntax error, unexpected end of file
in APPPATH\Views\Compras\compras.php on line 416.
 1 SYSTEMPATH\View\View.php(227): CodeIgniter\View\View->CodeIgniter\View\{closure}()
 2 SYSTEMPATH\Common.php(1180): CodeIgniter\View\View->render('Compras/compras', [], true)
 3 APPPATH\Controllers\Home.php(18): view('Compras/compras')
 4 SYSTEMPATH\CodeIgniter.php(932): App\Controllers\Home->FormularioC()
 5 SYSTEMPATH\CodeIgniter.php(497): CodeIgniter\CodeIgniter->runController(Object(App\Controllers\Home))
 6 SYSTEMPATH\CodeIgniter.php(366): CodeIgniter\CodeIgniter->handleRequest(null, Object(Config\Cache), false)
 7 FCPATH\index.php(67): CodeIgniter\CodeIgniter->run()
CRITICAL - 2023-09-10 18:45:10 --> syntax error, unexpected end of file
in APPPATH\Views\Compras\compras.php on line 416.
 1 SYSTEMPATH\View\View.php(227): CodeIgniter\View\View->CodeIgniter\View\{closure}()
 2 SYSTEMPATH\Common.php(1180): CodeIgniter\View\View->render('Compras/compras', [], true)
 3 APPPATH\Controllers\Home.php(18): view('Compras/compras')
 4 SYSTEMPATH\CodeIgniter.php(932): App\Controllers\Home->FormularioC()
 5 SYSTEMPATH\CodeIgniter.php(497): CodeIgniter\CodeIgniter->runController(Object(App\Controllers\Home))
 6 SYSTEMPATH\CodeIgniter.php(366): CodeIgniter\CodeIgniter->handleRequest(null, Object(Config\Cache), false)
 7 FCPATH\index.php(67): CodeIgniter\CodeIgniter->run()
CRITICAL - 2023-09-10 18:45:10 --> syntax error, unexpected end of file
in APPPATH\Views\Compras\compras.php on line 416.
 1 SYSTEMPATH\View\View.php(227): CodeIgniter\View\View->CodeIgniter\View\{closure}()
 2 SYSTEMPATH\Common.php(1180): CodeIgniter\View\View->render('Compras/compras', [], true)
 3 APPPATH\Controllers\Home.php(18): view('Compras/compras')
 4 SYSTEMPATH\CodeIgniter.php(932): App\Controllers\Home->FormularioC()
 5 SYSTEMPATH\CodeIgniter.php(497): CodeIgniter\CodeIgniter->runController(Object(App\Controllers\Home))
 6 SYSTEMPATH\CodeIgniter.php(366): CodeIgniter\CodeIgniter->handleRequest(null, Object(Config\Cache), false)
 7 FCPATH\index.php(67): CodeIgniter\CodeIgniter->run()
CRITICAL - 2023-09-10 18:45:11 --> syntax error, unexpected end of file
in APPPATH\Views\Compras\compras.php on line 416.
 1 SYSTEMPATH\View\View.php(227): CodeIgniter\View\View->CodeIgniter\View\{closure}()
 2 SYSTEMPATH\Common.php(1180): CodeIgniter\View\View->render('Compras/compras', [], true)
 3 APPPATH\Controllers\Home.php(18): view('Compras/compras')
 4 SYSTEMPATH\CodeIgniter.php(932): App\Controllers\Home->FormularioC()
 5 SYSTEMPATH\CodeIgniter.php(497): CodeIgniter\CodeIgniter->runController(Object(App\Controllers\Home))
 6 SYSTEMPATH\CodeIgniter.php(366): CodeIgniter\CodeIgniter->handleRequest(null, Object(Config\Cache), false)
 7 FCPATH\index.php(67): CodeIgniter\CodeIgniter->run()
CRITICAL - 2023-09-10 18:45:11 --> syntax error, unexpected end of file
in APPPATH\Views\Compras\compras.php on line 416.
 1 SYSTEMPATH\View\View.php(227): CodeIgniter\View\View->CodeIgniter\View\{closure}()
 2 SYSTEMPATH\Common.php(1180): CodeIgniter\View\View->render('Compras/compras', [], true)
 3 APPPATH\Controllers\Home.php(18): view('Compras/compras')
 4 SYSTEMPATH\CodeIgniter.php(932): App\Controllers\Home->FormularioC()
 5 SYSTEMPATH\CodeIgniter.php(497): CodeIgniter\CodeIgniter->runController(Object(App\Controllers\Home))
 6 SYSTEMPATH\CodeIgniter.php(366): CodeIgniter\CodeIgniter->handleRequest(null, Object(Config\Cache), false)
 7 FCPATH\index.php(67): CodeIgniter\CodeIgniter->run()
CRITICAL - 2023-09-10 18:45:11 --> syntax error, unexpected end of file
in APPPATH\Views\Compras\compras.php on line 416.
 1 SYSTEMPATH\View\View.php(227): CodeIgniter\View\View->CodeIgniter\View\{closure}()
 2 SYSTEMPATH\Common.php(1180): CodeIgniter\View\View->render('Compras/compras', [], true)
 3 APPPATH\Controllers\Home.php(18): view('Compras/compras')
 4 SYSTEMPATH\CodeIgniter.php(932): App\Controllers\Home->FormularioC()
 5 SYSTEMPATH\CodeIgniter.php(497): CodeIgniter\CodeIgniter->runController(Object(App\Controllers\Home))
 6 SYSTEMPATH\CodeIgniter.php(366): CodeIgniter\CodeIgniter->handleRequest(null, Object(Config\Cache), false)
 7 FCPATH\index.php(67): CodeIgniter\CodeIgniter->run()
CRITICAL - 2023-09-10 18:45:11 --> syntax error, unexpected end of file
in APPPATH\Views\Compras\compras.php on line 416.
 1 SYSTEMPATH\View\View.php(227): CodeIgniter\View\View->CodeIgniter\View\{closure}()
 2 SYSTEMPATH\Common.php(1180): CodeIgniter\View\View->render('Compras/compras', [], true)
 3 APPPATH\Controllers\Home.php(18): view('Compras/compras')
 4 SYSTEMPATH\CodeIgniter.php(932): App\Controllers\Home->FormularioC()
 5 SYSTEMPATH\CodeIgniter.php(497): CodeIgniter\CodeIgniter->runController(Object(App\Controllers\Home))
 6 SYSTEMPATH\CodeIgniter.php(366): CodeIgniter\CodeIgniter->handleRequest(null, Object(Config\Cache), false)
 7 FCPATH\index.php(67): CodeIgniter\CodeIgniter->run()
CRITICAL - 2023-09-10 18:45:11 --> syntax error, unexpected end of file
in APPPATH\Views\Compras\compras.php on line 416.
 1 SYSTEMPATH\View\View.php(227): CodeIgniter\View\View->CodeIgniter\View\{closure}()
 2 SYSTEMPATH\Common.php(1180): CodeIgniter\View\View->render('Compras/compras', [], true)
 3 APPPATH\Controllers\Home.php(18): view('Compras/compras')
 4 SYSTEMPATH\CodeIgniter.php(932): App\Controllers\Home->FormularioC()
 5 SYSTEMPATH\CodeIgniter.php(497): CodeIgniter\CodeIgniter->runController(Object(App\Controllers\Home))
 6 SYSTEMPATH\CodeIgniter.php(366): CodeIgniter\CodeIgniter->handleRequest(null, Object(Config\Cache), false)
 7 FCPATH\index.php(67): CodeIgniter\CodeIgniter->run()
CRITICAL - 2023-09-10 18:45:11 --> syntax error, unexpected end of file
in APPPATH\Views\Compras\compras.php on line 416.
 1 SYSTEMPATH\View\View.php(227): CodeIgniter\View\View->CodeIgniter\View\{closure}()
 2 SYSTEMPATH\Common.php(1180): CodeIgniter\View\View->render('Compras/compras', [], true)
 3 APPPATH\Controllers\Home.php(18): view('Compras/compras')
 4 SYSTEMPATH\CodeIgniter.php(932): App\Controllers\Home->FormularioC()
 5 SYSTEMPATH\CodeIgniter.php(497): CodeIgniter\CodeIgniter->runController(Object(App\Controllers\Home))
 6 SYSTEMPATH\CodeIgniter.php(366): CodeIgniter\CodeIgniter->handleRequest(null, Object(Config\Cache), false)
 7 FCPATH\index.php(67): CodeIgniter\CodeIgniter->run()
CRITICAL - 2023-09-10 18:45:11 --> syntax error, unexpected end of file
in APPPATH\Views\Compras\compras.php on line 416.
 1 SYSTEMPATH\View\View.php(227): CodeIgniter\View\View->CodeIgniter\View\{closure}()
 2 SYSTEMPATH\Common.php(1180): CodeIgniter\View\View->render('Compras/compras', [], true)
 3 APPPATH\Controllers\Home.php(18): view('Compras/compras')
 4 SYSTEMPATH\CodeIgniter.php(932): App\Controllers\Home->FormularioC()
 5 SYSTEMPATH\CodeIgniter.php(497): CodeIgniter\CodeIgniter->runController(Object(App\Controllers\Home))
 6 SYSTEMPATH\CodeIgniter.php(366): CodeIgniter\CodeIgniter->handleRequest(null, Object(Config\Cache), false)
 7 FCPATH\index.php(67): CodeIgniter\CodeIgniter->run()
CRITICAL - 2023-09-10 18:45:11 --> syntax error, unexpected end of file
in APPPATH\Views\Compras\compras.php on line 416.
 1 SYSTEMPATH\View\View.php(227): CodeIgniter\View\View->CodeIgniter\View\{closure}()
 2 SYSTEMPATH\Common.php(1180): CodeIgniter\View\View->render('Compras/compras', [], true)
 3 APPPATH\Controllers\Home.php(18): view('Compras/compras')
 4 SYSTEMPATH\CodeIgniter.php(932): App\Controllers\Home->FormularioC()
 5 SYSTEMPATH\CodeIgniter.php(497): CodeIgniter\CodeIgniter->runController(Object(App\Controllers\Home))
 6 SYSTEMPATH\CodeIgniter.php(366): CodeIgniter\CodeIgniter->handleRequest(null, Object(Config\Cache), false)
 7 FCPATH\index.php(67): CodeIgniter\CodeIgniter->run()
CRITICAL - 2023-09-10 18:45:12 --> syntax error, unexpected end of file
in APPPATH\Views\Compras\compras.php on line 416.
 1 SYSTEMPATH\View\View.php(227): CodeIgniter\View\View->CodeIgniter\View\{closure}()
 2 SYSTEMPATH\Common.php(1180): CodeIgniter\View\View->render('Compras/compras', [], true)
 3 APPPATH\Controllers\Home.php(18): view('Compras/compras')
 4 SYSTEMPATH\CodeIgniter.php(932): App\Controllers\Home->FormularioC()
 5 SYSTEMPATH\CodeIgniter.php(497): CodeIgniter\CodeIgniter->runController(Object(App\Controllers\Home))
 6 SYSTEMPATH\CodeIgniter.php(366): CodeIgniter\CodeIgniter->handleRequest(null, Object(Config\Cache), false)
 7 FCPATH\index.php(67): CodeIgniter\CodeIgniter->run()
CRITICAL - 2023-09-10 18:49:51 --> Undefined variable $personal
in APPPATH\Views\Compras\compras.php on line 258.
 1 APPPATH\Views\Compras\compras.php(258): CodeIgniter\Debug\Exceptions->errorHandler(2, 'Undefined variable $personal', 'C:\\xampp\\htdocs\\SistemaDeInventarios\\app\\Views\\Compras\\compras.php', 258)
 2 SYSTEMPATH\View\View.php(224): include('C:\\xampp\\htdocs\\SistemaDeInventarios\\app\\Views\\Compras\\compras.php')
 3 SYSTEMPATH\View\View.php(227): CodeIgniter\View\View->CodeIgniter\View\{closure}()
 4 SYSTEMPATH\Common.php(1180): CodeIgniter\View\View->render('Compras/compras', [], true)
 5 APPPATH\Controllers\Home.php(18): view('Compras/compras')
 6 SYSTEMPATH\CodeIgniter.php(932): App\Controllers\Home->FormularioC()
 7 SYSTEMPATH\CodeIgniter.php(497): CodeIgniter\CodeIgniter->runController(Object(App\Controllers\Home))
 8 SYSTEMPATH\CodeIgniter.php(366): CodeIgniter\CodeIgniter->handleRequest(null, Object(Config\Cache), false)
 9 FCPATH\index.php(67): CodeIgniter\CodeIgniter->run()
CRITICAL - 2023-09-10 18:54:42 --> Undefined variable $personal
in APPPATH\Views\Compras\compras.php on line 258.
 1 APPPATH\Views\Compras\compras.php(258): CodeIgniter\Debug\Exceptions->errorHandler(2, 'Undefined variable $personal', 'C:\\xampp\\htdocs\\SistemaDeInventarios\\app\\Views\\Compras\\compras.php', 258)
 2 SYSTEMPATH\View\View.php(224): include('C:\\xampp\\htdocs\\SistemaDeInventarios\\app\\Views\\Compras\\compras.php')
 3 SYSTEMPATH\View\View.php(227): CodeIgniter\View\View->CodeIgniter\View\{closure}()
 4 SYSTEMPATH\Common.php(1180): CodeIgniter\View\View->render('Compras/compras', [], true)
 5 APPPATH\Controllers\Home.php(18): view('Compras/compras')
 6 SYSTEMPATH\CodeIgniter.php(932): App\Controllers\Home->FormularioC()
 7 SYSTEMPATH\CodeIgniter.php(497): CodeIgniter\CodeIgniter->runController(Object(App\Controllers\Home))
 8 SYSTEMPATH\CodeIgniter.php(366): CodeIgniter\CodeIgniter->handleRequest(null, Object(Config\Cache), false)
 9 FCPATH\index.php(67): CodeIgniter\CodeIgniter->run()
