CRITICAL - 2023-09-26 23:42:37 --> Trying to access array offset on value of type null
in APPPATH/Views/Compras/HomeCompras.php on line 295.
 1 APPPATH/Views/Compras/HomeCompras.php(295): CodeIgniter\Debug\Exceptions->errorHandler(2, 'Trying to access array offset on value of type null', '/www/SistemaDeInventarios/app/Views/Compras/HomeCompras.php', 295)
 2 SYSTEMPATH/View/View.php(224): include('/www/SistemaDeInventarios/app/Views/Compras/HomeCompras.php')
 3 SYSTEMPATH/View/View.php(227): CodeIgniter\View\View->CodeIgniter\View\{closure}()
 4 SYSTEMPATH/Common.php(1180): CodeIgniter\View\View->render('Compras/HomeCompras', [], true)
 5 APPPATH/Controllers/Compras.php(20): view('Compras/HomeCompras', [...])
 6 SYSTEMPATH/CodeIgniter.php(932): App\Controllers\Compras->InicioCompras()
 7 SYSTEMPATH/CodeIgniter.php(497): CodeIgniter\CodeIgniter->runController(Object(App\Controllers\Compras))
 8 SYSTEMPATH/CodeIgniter.php(366): CodeIgniter\CodeIgniter->handleRequest(null, Object(Config\Cache), false)
 9 FCPATH/index.php(67): CodeIgniter\CodeIgniter->run()
CRITICAL - 2023-09-26 23:43:21 --> Trying to access array offset on value of type null
in APPPATH/Views/Compras/HomeCompras.php on line 295.
 1 APPPATH/Views/Compras/HomeCompras.php(295): CodeIgniter\Debug\Exceptions->errorHandler(2, 'Trying to access array offset on value of type null', '/www/SistemaDeInventarios/app/Views/Compras/HomeCompras.php', 295)
 2 SYSTEMPATH/View/View.php(224): include('/www/SistemaDeInventarios/app/Views/Compras/HomeCompras.php')
 3 SYSTEMPATH/View/View.php(227): CodeIgniter\View\View->CodeIgniter\View\{closure}()
 4 SYSTEMPATH/Common.php(1180): CodeIgniter\View\View->render('Compras/HomeCompras', [], true)
 5 APPPATH/Controllers/Compras.php(20): view('Compras/HomeCompras', [...])
 6 SYSTEMPATH/CodeIgniter.php(932): App\Controllers\Compras->InicioCompras()
 7 SYSTEMPATH/CodeIgniter.php(497): CodeIgniter\CodeIgniter->runController(Object(App\Controllers\Compras))
 8 SYSTEMPATH/CodeIgniter.php(366): CodeIgniter\CodeIgniter->handleRequest(null, Object(Config\Cache), false)
 9 FCPATH/index.php(67): CodeIgniter\CodeIgniter->run()
CRITICAL - 2023-09-26 23:43:53 --> Trying to access array offset on value of type null
in APPPATH/Views/Compras/HomeCompras.php on line 295.
 1 APPPATH/Views/Compras/HomeCompras.php(295): CodeIgniter\Debug\Exceptions->errorHandler(2, 'Trying to access array offset on value of type null', '/www/SistemaDeInventarios/app/Views/Compras/HomeCompras.php', 295)
 2 SYSTEMPATH/View/View.php(224): include('/www/SistemaDeInventarios/app/Views/Compras/HomeCompras.php')
 3 SYSTEMPATH/View/View.php(227): CodeIgniter\View\View->CodeIgniter\View\{closure}()
 4 SYSTEMPATH/Common.php(1180): CodeIgniter\View\View->render('Compras/HomeCompras', [], true)
 5 APPPATH/Controllers/Compras.php(20): view('Compras/HomeCompras', [...])
 6 SYSTEMPATH/CodeIgniter.php(932): App\Controllers\Compras->InicioCompras()
 7 SYSTEMPATH/CodeIgniter.php(497): CodeIgniter\CodeIgniter->runController(Object(App\Controllers\Compras))
 8 SYSTEMPATH/CodeIgniter.php(366): CodeIgniter\CodeIgniter->handleRequest(null, Object(Config\Cache), false)
 9 FCPATH/index.php(67): CodeIgniter\CodeIgniter->run()
CRITICAL - 2023-09-26 23:46:43 --> Cannot use object of type stdClass as array
in APPPATH/Views/Compras/HomeCompras.php on line 295.
 1 SYSTEMPATH/View/View.php(224): include()
 2 SYSTEMPATH/View/View.php(227): CodeIgniter\View\View->CodeIgniter\View\{closure}()
 3 SYSTEMPATH/Common.php(1180): CodeIgniter\View\View->render('Compras/HomeCompras', [], true)
 4 APPPATH/Controllers/Compras.php(20): view('Compras/HomeCompras', [...])
 5 SYSTEMPATH/CodeIgniter.php(932): App\Controllers\Compras->InicioCompras()
 6 SYSTEMPATH/CodeIgniter.php(497): CodeIgniter\CodeIgniter->runController(Object(App\Controllers\Compras))
 7 SYSTEMPATH/CodeIgniter.php(366): CodeIgniter\CodeIgniter->handleRequest(null, Object(Config\Cache), false)
 8 FCPATH/index.php(67): CodeIgniter\CodeIgniter->run()
CRITICAL - 2023-09-26 23:48:28 --> Attempt to read property "tco_formulario" on null
in APPPATH/Views/Compras/HomeCompras.php on line 295.
 1 APPPATH/Views/Compras/HomeCompras.php(295): CodeIgniter\Debug\Exceptions->errorHandler(2, 'Attempt to read property "tco_formulario" on null', '/www/SistemaDeInventarios/app/Views/Compras/HomeCompras.php', 295)
 2 SYSTEMPATH/View/View.php(224): include('/www/SistemaDeInventarios/app/Views/Compras/HomeCompras.php')
 3 SYSTEMPATH/View/View.php(227): CodeIgniter\View\View->CodeIgniter\View\{closure}()
 4 SYSTEMPATH/Common.php(1180): CodeIgniter\View\View->render('Compras/HomeCompras', [], true)
 5 APPPATH/Controllers/Compras.php(20): view('Compras/HomeCompras', [...])
 6 SYSTEMPATH/CodeIgniter.php(932): App\Controllers\Compras->InicioCompras()
 7 SYSTEMPATH/CodeIgniter.php(497): CodeIgniter\CodeIgniter->runController(Object(App\Controllers\Compras))
 8 SYSTEMPATH/CodeIgniter.php(366): CodeIgniter\CodeIgniter->handleRequest(null, Object(Config\Cache), false)
 9 FCPATH/index.php(67): CodeIgniter\CodeIgniter->run()
