INFO - 2023-09-29 01:02:32 --> Session: Class initialized using 'CodeIgniter\Session\Handlers\FileHandler' driver.
INFO - 2023-09-29 01:02:35 --> Session: Class initialized using 'CodeIgniter\Session\Handlers\FileHandler' driver.
INFO - 2023-09-29 01:02:39 --> Session: Class initialized using 'CodeIgniter\Session\Handlers\FileHandler' driver.
INFO - 2023-09-29 01:02:40 --> Session: Class initialized using 'CodeIgniter\Session\Handlers\FileHandler' driver.
INFO - 2023-09-29 01:02:41 --> Session: Class initialized using 'CodeIgniter\Session\Handlers\FileHandler' driver.
INFO - 2023-09-29 01:03:11 --> Session: Class initialized using 'CodeIgniter\Session\Handlers\FileHandler' driver.
INFO - 2023-09-29 01:03:11 --> Session: Class initialized using 'CodeIgniter\Session\Handlers\FileHandler' driver.
INFO - 2023-09-29 01:03:26 --> Session: Class initialized using 'CodeIgniter\Session\Handlers\FileHandler' driver.
INFO - 2023-09-29 01:03:26 --> Session: Class initialized using 'CodeIgniter\Session\Handlers\FileHandler' driver.
INFO - 2023-09-29 01:04:24 --> Session: Class initialized using 'CodeIgniter\Session\Handlers\FileHandler' driver.
INFO - 2023-09-29 01:10:33 --> Session: Class initialized using 'CodeIgniter\Session\Handlers\FileHandler' driver.
INFO - 2023-09-29 01:10:33 --> Session: Class initialized using 'CodeIgniter\Session\Handlers\FileHandler' driver.
INFO - 2023-09-29 01:15:34 --> Session: Class initialized using 'CodeIgniter\Session\Handlers\FileHandler' driver.
INFO - 2023-09-29 01:16:07 --> Session: Class initialized using 'CodeIgniter\Session\Handlers\FileHandler' driver.
INFO - 2023-09-29 01:16:07 --> Session: Class initialized using 'CodeIgniter\Session\Handlers\FileHandler' driver.
INFO - 2023-09-29 01:22:05 --> Session: Class initialized using 'CodeIgniter\Session\Handlers\FileHandler' driver.
INFO - 2023-09-29 01:22:24 --> Session: Class initialized using 'CodeIgniter\Session\Handlers\FileHandler' driver.
INFO - 2023-09-29 01:22:24 --> Session: Class initialized using 'CodeIgniter\Session\Handlers\FileHandler' driver.
INFO - 2023-09-29 01:26:22 --> Session: Class initialized using 'CodeIgniter\Session\Handlers\FileHandler' driver.
INFO - 2023-09-29 01:37:18 --> Session: Class initialized using 'CodeIgniter\Session\Handlers\FileHandler' driver.
INFO - 2023-09-29 01:37:21 --> Session: Class initialized using 'CodeIgniter\Session\Handlers\FileHandler' driver.
INFO - 2023-09-29 01:37:21 --> Session: Class initialized using 'CodeIgniter\Session\Handlers\FileHandler' driver.
INFO - 2023-09-29 01:39:16 --> Session: Class initialized using 'CodeIgniter\Session\Handlers\FileHandler' driver.
INFO - 2023-09-29 01:39:57 --> Session: Class initialized using 'CodeIgniter\Session\Handlers\FileHandler' driver.
INFO - 2023-09-29 01:40:09 --> Session: Class initialized using 'CodeIgniter\Session\Handlers\FileHandler' driver.
INFO - 2023-09-29 01:40:09 --> Session: Class initialized using 'CodeIgniter\Session\Handlers\FileHandler' driver.
INFO - 2023-09-29 01:43:21 --> Session: Class initialized using 'CodeIgniter\Session\Handlers\FileHandler' driver.
INFO - 2023-09-29 01:43:26 --> Session: Class initialized using 'CodeIgniter\Session\Handlers\FileHandler' driver.
INFO - 2023-09-29 01:43:26 --> Session: Class initialized using 'CodeIgniter\Session\Handlers\FileHandler' driver.
INFO - 2023-09-29 01:43:40 --> Session: Class initialized using 'CodeIgniter\Session\Handlers\FileHandler' driver.
INFO - 2023-09-29 01:43:40 --> Session: Class initialized using 'CodeIgniter\Session\Handlers\FileHandler' driver.
INFO - 2023-09-29 01:44:08 --> Session: Class initialized using 'CodeIgniter\Session\Handlers\FileHandler' driver.
INFO - 2023-09-29 01:44:08 --> Session: Class initialized using 'CodeIgniter\Session\Handlers\FileHandler' driver.
INFO - 2023-09-29 01:44:13 --> Session: Class initialized using 'CodeIgniter\Session\Handlers\FileHandler' driver.
INFO - 2023-09-29 02:04:36 --> Session: Class initialized using 'CodeIgniter\Session\Handlers\FileHandler' driver.
INFO - 2023-09-29 02:04:44 --> Session: Class initialized using 'CodeIgniter\Session\Handlers\FileHandler' driver.
INFO - 2023-09-29 02:04:44 --> Session: Class initialized using 'CodeIgniter\Session\Handlers\FileHandler' driver.
INFO - 2023-09-29 02:06:58 --> Session: Class initialized using 'CodeIgniter\Session\Handlers\FileHandler' driver.
INFO - 2023-09-29 02:26:44 --> Session: Class initialized using 'CodeIgniter\Session\Handlers\FileHandler' driver.
INFO - 2023-09-29 02:27:19 --> Session: Class initialized using 'CodeIgniter\Session\Handlers\FileHandler' driver.
INFO - 2023-09-29 02:27:19 --> Session: Class initialized using 'CodeIgniter\Session\Handlers\FileHandler' driver.
INFO - 2023-09-29 03:40:19 --> Session: Class initialized using 'CodeIgniter\Session\Handlers\FileHandler' driver.
INFO - 2023-09-29 03:40:26 --> Session: Class initialized using 'CodeIgniter\Session\Handlers\FileHandler' driver.
INFO - 2023-09-29 03:40:33 --> Session: Class initialized using 'CodeIgniter\Session\Handlers\FileHandler' driver.
INFO - 2023-09-29 03:40:33 --> Session: Class initialized using 'CodeIgniter\Session\Handlers\FileHandler' driver.
INFO - 2023-09-29 03:40:47 --> Session: Class initialized using 'CodeIgniter\Session\Handlers\FileHandler' driver.
INFO - 2023-09-29 03:40:47 --> Session: Class initialized using 'CodeIgniter\Session\Handlers\FileHandler' driver.
INFO - 2023-09-29 03:41:06 --> Session: Class initialized using 'CodeIgniter\Session\Handlers\FileHandler' driver.
INFO - 2023-09-29 03:41:06 --> Session: Class initialized using 'CodeIgniter\Session\Handlers\FileHandler' driver.
INFO - 2023-09-29 03:42:09 --> Session: Class initialized using 'CodeIgniter\Session\Handlers\FileHandler' driver.
INFO - 2023-09-29 03:44:29 --> Session: Class initialized using 'CodeIgniter\Session\Handlers\FileHandler' driver.
INFO - 2023-09-29 03:45:59 --> Session: Class initialized using 'CodeIgniter\Session\Handlers\FileHandler' driver.
INFO - 2023-09-29 03:46:15 --> Session: Class initialized using 'CodeIgniter\Session\Handlers\FileHandler' driver.
INFO - 2023-09-29 03:48:41 --> Session: Class initialized using 'CodeIgniter\Session\Handlers\FileHandler' driver.
INFO - 2023-09-29 04:26:35 --> Session: Class initialized using 'CodeIgniter\Session\Handlers\FileHandler' driver.
INFO - 2023-09-29 04:27:32 --> Session: Class initialized using 'CodeIgniter\Session\Handlers\FileHandler' driver.
INFO - 2023-09-29 04:27:51 --> Session: Class initialized using 'CodeIgniter\Session\Handlers\FileHandler' driver.
INFO - 2023-09-29 04:28:06 --> Session: Class initialized using 'CodeIgniter\Session\Handlers\FileHandler' driver.
INFO - 2023-09-29 04:28:07 --> Session: Class initialized using 'CodeIgniter\Session\Handlers\FileHandler' driver.
INFO - 2023-09-29 04:28:15 --> Session: Class initialized using 'CodeIgniter\Session\Handlers\FileHandler' driver.
INFO - 2023-09-29 04:28:52 --> Session: Class initialized using 'CodeIgniter\Session\Handlers\FileHandler' driver.
INFO - 2023-09-29 04:29:02 --> Session: Class initialized using 'CodeIgniter\Session\Handlers\FileHandler' driver.
INFO - 2023-09-29 04:29:16 --> Session: Class initialized using 'CodeIgniter\Session\Handlers\FileHandler' driver.
INFO - 2023-09-29 04:32:04 --> Session: Class initialized using 'CodeIgniter\Session\Handlers\FileHandler' driver.
INFO - 2023-09-29 04:32:27 --> Session: Class initialized using 'CodeIgniter\Session\Handlers\FileHandler' driver.
INFO - 2023-09-29 04:32:27 --> Session: Class initialized using 'CodeIgniter\Session\Handlers\FileHandler' driver.
INFO - 2023-09-29 04:33:19 --> Session: Class initialized using 'CodeIgniter\Session\Handlers\FileHandler' driver.
INFO - 2023-09-29 04:34:06 --> Session: Class initialized using 'CodeIgniter\Session\Handlers\FileHandler' driver.
INFO - 2023-09-29 04:34:06 --> Session: Class initialized using 'CodeIgniter\Session\Handlers\FileHandler' driver.
INFO - 2023-09-29 04:34:09 --> Session: Class initialized using 'CodeIgniter\Session\Handlers\FileHandler' driver.
INFO - 2023-09-29 04:34:10 --> Session: Class initialized using 'CodeIgniter\Session\Handlers\FileHandler' driver.
INFO - 2023-09-29 04:34:10 --> Session: Class initialized using 'CodeIgniter\Session\Handlers\FileHandler' driver.
INFO - 2023-09-29 04:34:12 --> Session: Class initialized using 'CodeIgniter\Session\Handlers\FileHandler' driver.
INFO - 2023-09-29 04:34:16 --> Session: Class initialized using 'CodeIgniter\Session\Handlers\FileHandler' driver.
INFO - 2023-09-29 04:41:42 --> Session: Class initialized using 'CodeIgniter\Session\Handlers\FileHandler' driver.
INFO - 2023-09-29 04:41:43 --> Session: Class initialized using 'CodeIgniter\Session\Handlers\FileHandler' driver.
INFO - 2023-09-29 04:41:49 --> Session: Class initialized using 'CodeIgniter\Session\Handlers\FileHandler' driver.
INFO - 2023-09-29 04:41:54 --> Session: Class initialized using 'CodeIgniter\Session\Handlers\FileHandler' driver.
INFO - 2023-09-29 04:41:54 --> Session: Class initialized using 'CodeIgniter\Session\Handlers\FileHandler' driver.
INFO - 2023-09-29 04:41:56 --> Session: Class initialized using 'CodeIgniter\Session\Handlers\FileHandler' driver.
INFO - 2023-09-29 04:42:59 --> Session: Class initialized using 'CodeIgniter\Session\Handlers\FileHandler' driver.
INFO - 2023-09-29 04:43:03 --> Session: Class initialized using 'CodeIgniter\Session\Handlers\FileHandler' driver.
INFO - 2023-09-29 04:56:32 --> Session: Class initialized using 'CodeIgniter\Session\Handlers\FileHandler' driver.
INFO - 2023-09-29 04:56:33 --> Session: Class initialized using 'CodeIgniter\Session\Handlers\FileHandler' driver.
INFO - 2023-09-29 04:56:39 --> Session: Class initialized using 'CodeIgniter\Session\Handlers\FileHandler' driver.
INFO - 2023-09-29 04:56:39 --> Session: Class initialized using 'CodeIgniter\Session\Handlers\FileHandler' driver.
INFO - 2023-09-29 04:56:45 --> Session: Class initialized using 'CodeIgniter\Session\Handlers\FileHandler' driver.
INFO - 2023-09-29 04:56:58 --> Session: Class initialized using 'CodeIgniter\Session\Handlers\FileHandler' driver.
INFO - 2023-09-29 04:57:23 --> Session: Class initialized using 'CodeIgniter\Session\Handlers\FileHandler' driver.
INFO - 2023-09-29 04:57:23 --> Session: Class initialized using 'CodeIgniter\Session\Handlers\FileHandler' driver.
INFO - 2023-09-29 04:57:26 --> Session: Class initialized using 'CodeIgniter\Session\Handlers\FileHandler' driver.
INFO - 2023-09-29 04:57:41 --> Session: Class initialized using 'CodeIgniter\Session\Handlers\FileHandler' driver.
INFO - 2023-09-29 04:57:41 --> Session: Class initialized using 'CodeIgniter\Session\Handlers\FileHandler' driver.
INFO - 2023-09-29 04:57:45 --> Session: Class initialized using 'CodeIgniter\Session\Handlers\FileHandler' driver.
INFO - 2023-09-29 04:57:45 --> Session: Class initialized using 'CodeIgniter\Session\Handlers\FileHandler' driver.
INFO - 2023-09-29 04:57:50 --> Session: Class initialized using 'CodeIgniter\Session\Handlers\FileHandler' driver.
INFO - 2023-09-29 04:57:50 --> Session: Class initialized using 'CodeIgniter\Session\Handlers\FileHandler' driver.
INFO - 2023-09-29 04:57:52 --> Session: Class initialized using 'CodeIgniter\Session\Handlers\FileHandler' driver.
ERROR - 2023-09-29 05:01:52 --> mysqli_sql_exception: Unknown column 'tco_cod_formulario' in 'field list' in C:\xampp\htdocs\SistemaDeInventarios\system\Database\MySQLi\Connection.php:295
Stack trace:
#0 C:\xampp\htdocs\SistemaDeInventarios\system\Database\MySQLi\Connection.php(295): mysqli->query('INSERT INTO `tc...', 0)
#1 C:\xampp\htdocs\SistemaDeInventarios\system\Database\BaseConnection.php(692): CodeIgniter\Database\MySQLi\Connection->execute('INSERT INTO `tc...')
#2 C:\xampp\htdocs\SistemaDeInventarios\system\Database\BaseConnection.php(606): CodeIgniter\Database\BaseConnection->simpleQuery('INSERT INTO `tc...')
#3 C:\xampp\htdocs\SistemaDeInventarios\system\Database\BaseBuilder.php(2309): CodeIgniter\Database\BaseConnection->query('INSERT INTO `tc...', Array, false)
#4 C:\xampp\htdocs\SistemaDeInventarios\system\Model.php(330): CodeIgniter\Database\BaseBuilder->insert()
#5 C:\xampp\htdocs\SistemaDeInventarios\system\BaseModel.php(782): CodeIgniter\Model->doInsert(Array)
#6 C:\xampp\htdocs\SistemaDeInventarios\system\Model.php(730): CodeIgniter\BaseModel->insert(Array, true)
#7 C:\xampp\htdocs\SistemaDeInventarios\app\Controllers\Compras.php(104): CodeIgniter\Model->insert(Array)
#8 C:\xampp\htdocs\SistemaDeInventarios\system\CodeIgniter.php(932): App\Controllers\Compras->registrarcompra()
#9 C:\xampp\htdocs\SistemaDeInventarios\system\CodeIgniter.php(497): CodeIgniter\CodeIgniter->runController(Object(App\Controllers\Compras))
#10 C:\xampp\htdocs\SistemaDeInventarios\system\CodeIgniter.php(366): CodeIgniter\CodeIgniter->handleRequest(NULL, Object(Config\Cache), false)
#11 C:\xampp\htdocs\SistemaDeInventarios\index.php(67): CodeIgniter\CodeIgniter->run()
#12 {main}
CRITICAL - 2023-09-29 05:01:52 --> Unknown column 'tco_cod_formulario' in 'field list'
in SYSTEMPATH\Database\MySQLi\Connection.php on line 295.
 1 SYSTEMPATH\Database\MySQLi\Connection.php(295): mysqli->query('INSERT INTO `tco_transaccion_compra` (`tco_cod_formulario`, `tco_version`, `tco_fecha_ingreso`, `tco_lugar`, `tco_numero`, `tco_unidad_admin`, `tco_cantidad`, `tco_formulario`, `tco_dependencia`, `tco_programa`, `tco_proveedor`, `tco_cod_reglon`, `tco_folio_almacen`, `tco_nomen_cuenta`, `tco_observacion`, `tco_valor`, `tco_valor_total`, `tco_Fnombre_almacen`, `tco_Fnombre_depto`, `tco_Fnombre_inventario`, `tco_ob_invetario`, `tco_doc1`, `tco_doc2`, `tco_doc3`, `tco_idetr`, `tco_idper_registro`) VALUES (\'213213dddsss\', \'1\', \'2023-09-21\', \'Guatemala\', \'122\', \'Compras\', \'20\', \'sadsaddsawq32\', \'Instituto Nacional De Bosques\', \'xd\', \'Stark Industries\', \'1\', \'2\', \'3\', \'Son 20 escritorios\', \'50\', \'1000\', \'Manuel Ordoñez\', \'Carlos Galindo\', \'bernie\', NULL, \'EMANUEL ORDOÑEZ FACTURA (1).pdf\', \'ORDEN DE COMPRA MUNUEL EDUARDO ORDONEZ (1).pdf\', \'Grades INTER 1 - INTENSIVE T & TH - CICLO 6 CLASSROOM (1) (2).pdf\', NULL, \'4\')', 0)
 2 SYSTEMPATH\Database\BaseConnection.php(692): CodeIgniter\Database\MySQLi\Connection->execute('INSERT INTO `tco_transaccion_compra` (`tco_cod_formulario`, `tco_version`, `tco_fecha_ingreso`, `tco_lugar`, `tco_numero`, `tco_unidad_admin`, `tco_cantidad`, `tco_formulario`, `tco_dependencia`, `tco_programa`, `tco_proveedor`, `tco_cod_reglon`, `tco_folio_almacen`, `tco_nomen_cuenta`, `tco_observacion`, `tco_valor`, `tco_valor_total`, `tco_Fnombre_almacen`, `tco_Fnombre_depto`, `tco_Fnombre_inventario`, `tco_ob_invetario`, `tco_doc1`, `tco_doc2`, `tco_doc3`, `tco_idetr`, `tco_idper_registro`) VALUES (\'213213dddsss\', \'1\', \'2023-09-21\', \'Guatemala\', \'122\', \'Compras\', \'20\', \'sadsaddsawq32\', \'Instituto Nacional De Bosques\', \'xd\', \'Stark Industries\', \'1\', \'2\', \'3\', \'Son 20 escritorios\', \'50\', \'1000\', \'Manuel Ordoñez\', \'Carlos Galindo\', \'bernie\', NULL, \'EMANUEL ORDOÑEZ FACTURA (1).pdf\', \'ORDEN DE COMPRA MUNUEL EDUARDO ORDONEZ (1).pdf\', \'Grades INTER 1 - INTENSIVE T & TH - CICLO 6 CLASSROOM (1) (2).pdf\', NULL, \'4\')')
 3 SYSTEMPATH\Database\BaseConnection.php(606): CodeIgniter\Database\BaseConnection->simpleQuery('INSERT INTO `tco_transaccion_compra` (`tco_cod_formulario`, `tco_version`, `tco_fecha_ingreso`, `tco_lugar`, `tco_numero`, `tco_unidad_admin`, `tco_cantidad`, `tco_formulario`, `tco_dependencia`, `tco_programa`, `tco_proveedor`, `tco_cod_reglon`, `tco_folio_almacen`, `tco_nomen_cuenta`, `tco_observacion`, `tco_valor`, `tco_valor_total`, `tco_Fnombre_almacen`, `tco_Fnombre_depto`, `tco_Fnombre_inventario`, `tco_ob_invetario`, `tco_doc1`, `tco_doc2`, `tco_doc3`, `tco_idetr`, `tco_idper_registro`) VALUES (\'213213dddsss\', \'1\', \'2023-09-21\', \'Guatemala\', \'122\', \'Compras\', \'20\', \'sadsaddsawq32\', \'Instituto Nacional De Bosques\', \'xd\', \'Stark Industries\', \'1\', \'2\', \'3\', \'Son 20 escritorios\', \'50\', \'1000\', \'Manuel Ordoñez\', \'Carlos Galindo\', \'bernie\', NULL, \'EMANUEL ORDOÑEZ FACTURA (1).pdf\', \'ORDEN DE COMPRA MUNUEL EDUARDO ORDONEZ (1).pdf\', \'Grades INTER 1 - INTENSIVE T & TH - CICLO 6 CLASSROOM (1) (2).pdf\', NULL, \'4\')')
 4 SYSTEMPATH\Database\BaseBuilder.php(2309): CodeIgniter\Database\BaseConnection->query('INSERT INTO `tco_transaccion_compra` (`tco_cod_formulario`, `tco_version`, `tco_fecha_ingreso`, `tco_lugar`, `tco_numero`, `tco_unidad_admin`, `tco_cantidad`, `tco_formulario`, `tco_dependencia`, `tco_programa`, `tco_proveedor`, `tco_cod_reglon`, `tco_folio_almacen`, `tco_nomen_cuenta`, `tco_observacion`, `tco_valor`, `tco_valor_total`, `tco_Fnombre_almacen`, `tco_Fnombre_depto`, `tco_Fnombre_inventario`, `tco_ob_invetario`, `tco_doc1`, `tco_doc2`, `tco_doc3`, `tco_idetr`, `tco_idper_registro`) VALUES (:tco_cod_formulario:, :tco_version:, :tco_fecha_ingreso:, :tco_lugar:, :tco_numero:, :tco_unidad_admin:, :tco_cantidad:, :tco_formulario:, :tco_dependencia:, :tco_programa:, :tco_proveedor:, :tco_cod_reglon:, :tco_folio_almacen:, :tco_nomen_cuenta:, :tco_observacion:, :tco_valor:, :tco_valor_total:, :tco_Fnombre_almacen:, :tco_Fnombre_depto:, :tco_Fnombre_inventario:, :tco_ob_invetario:, :tco_doc1:, :tco_doc2:, :tco_doc3:, :tco_idetr:, :tco_idper_registro:)', [...], false)
 5 SYSTEMPATH\Model.php(330): CodeIgniter\Database\BaseBuilder->insert()
 6 SYSTEMPATH\BaseModel.php(782): CodeIgniter\Model->doInsert([...])
 7 SYSTEMPATH\Model.php(730): CodeIgniter\BaseModel->insert([...], true)
 8 APPPATH\Controllers\Compras.php(104): CodeIgniter\Model->insert([...])
 9 SYSTEMPATH\CodeIgniter.php(932): App\Controllers\Compras->registrarcompra()
10 SYSTEMPATH\CodeIgniter.php(497): CodeIgniter\CodeIgniter->runController(Object(App\Controllers\Compras))
11 SYSTEMPATH\CodeIgniter.php(366): CodeIgniter\CodeIgniter->handleRequest(null, Object(Config\Cache), false)
12 FCPATH\index.php(67): CodeIgniter\CodeIgniter->run()
INFO - 2023-09-29 05:02:07 --> Session: Class initialized using 'CodeIgniter\Session\Handlers\FileHandler' driver.
ERROR - 2023-09-29 05:06:22 --> mysqli_sql_exception: Unknown column 'tco_cod_formulario' in 'field list' in C:\xampp\htdocs\SistemaDeInventarios\system\Database\MySQLi\Connection.php:295
Stack trace:
#0 C:\xampp\htdocs\SistemaDeInventarios\system\Database\MySQLi\Connection.php(295): mysqli->query('INSERT INTO `tc...', 0)
#1 C:\xampp\htdocs\SistemaDeInventarios\system\Database\BaseConnection.php(692): CodeIgniter\Database\MySQLi\Connection->execute('INSERT INTO `tc...')
#2 C:\xampp\htdocs\SistemaDeInventarios\system\Database\BaseConnection.php(606): CodeIgniter\Database\BaseConnection->simpleQuery('INSERT INTO `tc...')
#3 C:\xampp\htdocs\SistemaDeInventarios\system\Database\BaseBuilder.php(2309): CodeIgniter\Database\BaseConnection->query('INSERT INTO `tc...', Array, false)
#4 C:\xampp\htdocs\SistemaDeInventarios\system\Model.php(330): CodeIgniter\Database\BaseBuilder->insert()
#5 C:\xampp\htdocs\SistemaDeInventarios\system\BaseModel.php(782): CodeIgniter\Model->doInsert(Array)
#6 C:\xampp\htdocs\SistemaDeInventarios\system\Model.php(730): CodeIgniter\BaseModel->insert(Array, true)
#7 C:\xampp\htdocs\SistemaDeInventarios\app\Controllers\Compras.php(104): CodeIgniter\Model->insert(Array)
#8 C:\xampp\htdocs\SistemaDeInventarios\system\CodeIgniter.php(932): App\Controllers\Compras->registrarcompra()
#9 C:\xampp\htdocs\SistemaDeInventarios\system\CodeIgniter.php(497): CodeIgniter\CodeIgniter->runController(Object(App\Controllers\Compras))
#10 C:\xampp\htdocs\SistemaDeInventarios\system\CodeIgniter.php(366): CodeIgniter\CodeIgniter->handleRequest(NULL, Object(Config\Cache), false)
#11 C:\xampp\htdocs\SistemaDeInventarios\index.php(67): CodeIgniter\CodeIgniter->run()
#12 {main}
CRITICAL - 2023-09-29 05:06:22 --> Unknown column 'tco_cod_formulario' in 'field list'
in SYSTEMPATH\Database\MySQLi\Connection.php on line 295.
 1 SYSTEMPATH\Database\MySQLi\Connection.php(295): mysqli->query('INSERT INTO `tco_transaccion_compra` (`tco_cod_formulario`, `tco_version`, `tco_fecha_ingreso`, `tco_lugar`, `tco_numero`, `tco_unidad_admin`, `tco_cantidad`, `tco_formulario`, `tco_dependencia`, `tco_programa`, `tco_proveedor`, `tco_cod_reglon`, `tco_folio_almacen`, `tco_nomen_cuenta`, `tco_observacion`, `tco_valor`, `tco_valor_total`, `tco_Fnombre_almacen`, `tco_Fnombre_depto`, `tco_Fnombre_inventario`, `tco_ob_invetario`, `tco_doc1`, `tco_doc2`, `tco_doc3`, `tco_idetr`, `tco_idper_registro`) VALUES (\'213213dddsss\', \'1\', \'2023-09-21\', \'Guatemala\', \'122\', \'Compras\', \'20\', \'sadsaddsawq32\', \'Instituto Nacional De Bosques\', \'xd\', \'Stark Industries\', \'1\', \'2\', \'3\', \'Son 20 escritorios\', \'50\', \'1000\', \'Manuel Ordoñez\', \'Carlos Galindo\', \'bernie\', NULL, \'EMANUEL ORDOÑEZ FACTURA (1)_1.pdf\', \'ORDEN DE COMPRA MUNUEL EDUARDO ORDONEZ (1)_1.pdf\', \'Grades INTER 1 - INTENSIVE T & TH - CICLO 6 CLASSROOM (1) (2)_1.pdf\', NULL, \'4\')', 0)
 2 SYSTEMPATH\Database\BaseConnection.php(692): CodeIgniter\Database\MySQLi\Connection->execute('INSERT INTO `tco_transaccion_compra` (`tco_cod_formulario`, `tco_version`, `tco_fecha_ingreso`, `tco_lugar`, `tco_numero`, `tco_unidad_admin`, `tco_cantidad`, `tco_formulario`, `tco_dependencia`, `tco_programa`, `tco_proveedor`, `tco_cod_reglon`, `tco_folio_almacen`, `tco_nomen_cuenta`, `tco_observacion`, `tco_valor`, `tco_valor_total`, `tco_Fnombre_almacen`, `tco_Fnombre_depto`, `tco_Fnombre_inventario`, `tco_ob_invetario`, `tco_doc1`, `tco_doc2`, `tco_doc3`, `tco_idetr`, `tco_idper_registro`) VALUES (\'213213dddsss\', \'1\', \'2023-09-21\', \'Guatemala\', \'122\', \'Compras\', \'20\', \'sadsaddsawq32\', \'Instituto Nacional De Bosques\', \'xd\', \'Stark Industries\', \'1\', \'2\', \'3\', \'Son 20 escritorios\', \'50\', \'1000\', \'Manuel Ordoñez\', \'Carlos Galindo\', \'bernie\', NULL, \'EMANUEL ORDOÑEZ FACTURA (1)_1.pdf\', \'ORDEN DE COMPRA MUNUEL EDUARDO ORDONEZ (1)_1.pdf\', \'Grades INTER 1 - INTENSIVE T & TH - CICLO 6 CLASSROOM (1) (2)_1.pdf\', NULL, \'4\')')
 3 SYSTEMPATH\Database\BaseConnection.php(606): CodeIgniter\Database\BaseConnection->simpleQuery('INSERT INTO `tco_transaccion_compra` (`tco_cod_formulario`, `tco_version`, `tco_fecha_ingreso`, `tco_lugar`, `tco_numero`, `tco_unidad_admin`, `tco_cantidad`, `tco_formulario`, `tco_dependencia`, `tco_programa`, `tco_proveedor`, `tco_cod_reglon`, `tco_folio_almacen`, `tco_nomen_cuenta`, `tco_observacion`, `tco_valor`, `tco_valor_total`, `tco_Fnombre_almacen`, `tco_Fnombre_depto`, `tco_Fnombre_inventario`, `tco_ob_invetario`, `tco_doc1`, `tco_doc2`, `tco_doc3`, `tco_idetr`, `tco_idper_registro`) VALUES (\'213213dddsss\', \'1\', \'2023-09-21\', \'Guatemala\', \'122\', \'Compras\', \'20\', \'sadsaddsawq32\', \'Instituto Nacional De Bosques\', \'xd\', \'Stark Industries\', \'1\', \'2\', \'3\', \'Son 20 escritorios\', \'50\', \'1000\', \'Manuel Ordoñez\', \'Carlos Galindo\', \'bernie\', NULL, \'EMANUEL ORDOÑEZ FACTURA (1)_1.pdf\', \'ORDEN DE COMPRA MUNUEL EDUARDO ORDONEZ (1)_1.pdf\', \'Grades INTER 1 - INTENSIVE T & TH - CICLO 6 CLASSROOM (1) (2)_1.pdf\', NULL, \'4\')')
 4 SYSTEMPATH\Database\BaseBuilder.php(2309): CodeIgniter\Database\BaseConnection->query('INSERT INTO `tco_transaccion_compra` (`tco_cod_formulario`, `tco_version`, `tco_fecha_ingreso`, `tco_lugar`, `tco_numero`, `tco_unidad_admin`, `tco_cantidad`, `tco_formulario`, `tco_dependencia`, `tco_programa`, `tco_proveedor`, `tco_cod_reglon`, `tco_folio_almacen`, `tco_nomen_cuenta`, `tco_observacion`, `tco_valor`, `tco_valor_total`, `tco_Fnombre_almacen`, `tco_Fnombre_depto`, `tco_Fnombre_inventario`, `tco_ob_invetario`, `tco_doc1`, `tco_doc2`, `tco_doc3`, `tco_idetr`, `tco_idper_registro`) VALUES (:tco_cod_formulario:, :tco_version:, :tco_fecha_ingreso:, :tco_lugar:, :tco_numero:, :tco_unidad_admin:, :tco_cantidad:, :tco_formulario:, :tco_dependencia:, :tco_programa:, :tco_proveedor:, :tco_cod_reglon:, :tco_folio_almacen:, :tco_nomen_cuenta:, :tco_observacion:, :tco_valor:, :tco_valor_total:, :tco_Fnombre_almacen:, :tco_Fnombre_depto:, :tco_Fnombre_inventario:, :tco_ob_invetario:, :tco_doc1:, :tco_doc2:, :tco_doc3:, :tco_idetr:, :tco_idper_registro:)', [...], false)
 5 SYSTEMPATH\Model.php(330): CodeIgniter\Database\BaseBuilder->insert()
 6 SYSTEMPATH\BaseModel.php(782): CodeIgniter\Model->doInsert([...])
 7 SYSTEMPATH\Model.php(730): CodeIgniter\BaseModel->insert([...], true)
 8 APPPATH\Controllers\Compras.php(104): CodeIgniter\Model->insert([...])
 9 SYSTEMPATH\CodeIgniter.php(932): App\Controllers\Compras->registrarcompra()
10 SYSTEMPATH\CodeIgniter.php(497): CodeIgniter\CodeIgniter->runController(Object(App\Controllers\Compras))
11 SYSTEMPATH\CodeIgniter.php(366): CodeIgniter\CodeIgniter->handleRequest(null, Object(Config\Cache), false)
12 FCPATH\index.php(67): CodeIgniter\CodeIgniter->run()
INFO - 2023-09-29 05:06:28 --> Session: Class initialized using 'CodeIgniter\Session\Handlers\FileHandler' driver.
ERROR - 2023-09-29 05:06:33 --> mysqli_sql_exception: Unknown column 'tco_cod_formulario' in 'field list' in C:\xampp\htdocs\SistemaDeInventarios\system\Database\MySQLi\Connection.php:295
Stack trace:
#0 C:\xampp\htdocs\SistemaDeInventarios\system\Database\MySQLi\Connection.php(295): mysqli->query('INSERT INTO `tc...', 0)
#1 C:\xampp\htdocs\SistemaDeInventarios\system\Database\BaseConnection.php(692): CodeIgniter\Database\MySQLi\Connection->execute('INSERT INTO `tc...')
#2 C:\xampp\htdocs\SistemaDeInventarios\system\Database\BaseConnection.php(606): CodeIgniter\Database\BaseConnection->simpleQuery('INSERT INTO `tc...')
#3 C:\xampp\htdocs\SistemaDeInventarios\system\Database\BaseBuilder.php(2309): CodeIgniter\Database\BaseConnection->query('INSERT INTO `tc...', Array, false)
#4 C:\xampp\htdocs\SistemaDeInventarios\system\Model.php(330): CodeIgniter\Database\BaseBuilder->insert()
#5 C:\xampp\htdocs\SistemaDeInventarios\system\BaseModel.php(782): CodeIgniter\Model->doInsert(Array)
#6 C:\xampp\htdocs\SistemaDeInventarios\system\Model.php(730): CodeIgniter\BaseModel->insert(Array, true)
#7 C:\xampp\htdocs\SistemaDeInventarios\app\Controllers\Compras.php(104): CodeIgniter\Model->insert(Array)
#8 C:\xampp\htdocs\SistemaDeInventarios\system\CodeIgniter.php(932): App\Controllers\Compras->registrarcompra()
#9 C:\xampp\htdocs\SistemaDeInventarios\system\CodeIgniter.php(497): CodeIgniter\CodeIgniter->runController(Object(App\Controllers\Compras))
#10 C:\xampp\htdocs\SistemaDeInventarios\system\CodeIgniter.php(366): CodeIgniter\CodeIgniter->handleRequest(NULL, Object(Config\Cache), false)
#11 C:\xampp\htdocs\SistemaDeInventarios\index.php(67): CodeIgniter\CodeIgniter->run()
#12 {main}
CRITICAL - 2023-09-29 05:06:33 --> Unknown column 'tco_cod_formulario' in 'field list'
in SYSTEMPATH\Database\MySQLi\Connection.php on line 295.
 1 SYSTEMPATH\Database\MySQLi\Connection.php(295): mysqli->query('INSERT INTO `tco_transaccion_compra` (`tco_cod_formulario`, `tco_version`, `tco_fecha_ingreso`, `tco_lugar`, `tco_numero`, `tco_unidad_admin`, `tco_cantidad`, `tco_formulario`, `tco_dependencia`, `tco_programa`, `tco_proveedor`, `tco_cod_reglon`, `tco_folio_almacen`, `tco_nomen_cuenta`, `tco_observacion`, `tco_valor`, `tco_valor_total`, `tco_Fnombre_almacen`, `tco_Fnombre_depto`, `tco_Fnombre_inventario`, `tco_ob_invetario`, `tco_doc1`, `tco_doc2`, `tco_doc3`, `tco_idetr`, `tco_idper_registro`) VALUES (\'213213dddsss\', \'1\', \'2023-09-21\', \'Guatemala\', \'122\', \'Compras\', \'20\', \'sadsaddsawq32\', \'Instituto Nacional De Bosques\', \'xd\', \'Stark Industries\', \'1\', \'2\', \'3\', \'Son 20 escritorios\', \'50\', \'1000\', \'Manuel Ordoñez\', \'Carlos Galindo\', \'bernie\', NULL, \'EMANUEL ORDOÑEZ FACTURA (1)_2.pdf\', \'ORDEN DE COMPRA MUNUEL EDUARDO ORDONEZ (1)_2.pdf\', \'Grades INTER 1 - INTENSIVE T & TH - CICLO 6 CLASSROOM (1) (2)_2.pdf\', NULL, \'4\')', 0)
 2 SYSTEMPATH\Database\BaseConnection.php(692): CodeIgniter\Database\MySQLi\Connection->execute('INSERT INTO `tco_transaccion_compra` (`tco_cod_formulario`, `tco_version`, `tco_fecha_ingreso`, `tco_lugar`, `tco_numero`, `tco_unidad_admin`, `tco_cantidad`, `tco_formulario`, `tco_dependencia`, `tco_programa`, `tco_proveedor`, `tco_cod_reglon`, `tco_folio_almacen`, `tco_nomen_cuenta`, `tco_observacion`, `tco_valor`, `tco_valor_total`, `tco_Fnombre_almacen`, `tco_Fnombre_depto`, `tco_Fnombre_inventario`, `tco_ob_invetario`, `tco_doc1`, `tco_doc2`, `tco_doc3`, `tco_idetr`, `tco_idper_registro`) VALUES (\'213213dddsss\', \'1\', \'2023-09-21\', \'Guatemala\', \'122\', \'Compras\', \'20\', \'sadsaddsawq32\', \'Instituto Nacional De Bosques\', \'xd\', \'Stark Industries\', \'1\', \'2\', \'3\', \'Son 20 escritorios\', \'50\', \'1000\', \'Manuel Ordoñez\', \'Carlos Galindo\', \'bernie\', NULL, \'EMANUEL ORDOÑEZ FACTURA (1)_2.pdf\', \'ORDEN DE COMPRA MUNUEL EDUARDO ORDONEZ (1)_2.pdf\', \'Grades INTER 1 - INTENSIVE T & TH - CICLO 6 CLASSROOM (1) (2)_2.pdf\', NULL, \'4\')')
 3 SYSTEMPATH\Database\BaseConnection.php(606): CodeIgniter\Database\BaseConnection->simpleQuery('INSERT INTO `tco_transaccion_compra` (`tco_cod_formulario`, `tco_version`, `tco_fecha_ingreso`, `tco_lugar`, `tco_numero`, `tco_unidad_admin`, `tco_cantidad`, `tco_formulario`, `tco_dependencia`, `tco_programa`, `tco_proveedor`, `tco_cod_reglon`, `tco_folio_almacen`, `tco_nomen_cuenta`, `tco_observacion`, `tco_valor`, `tco_valor_total`, `tco_Fnombre_almacen`, `tco_Fnombre_depto`, `tco_Fnombre_inventario`, `tco_ob_invetario`, `tco_doc1`, `tco_doc2`, `tco_doc3`, `tco_idetr`, `tco_idper_registro`) VALUES (\'213213dddsss\', \'1\', \'2023-09-21\', \'Guatemala\', \'122\', \'Compras\', \'20\', \'sadsaddsawq32\', \'Instituto Nacional De Bosques\', \'xd\', \'Stark Industries\', \'1\', \'2\', \'3\', \'Son 20 escritorios\', \'50\', \'1000\', \'Manuel Ordoñez\', \'Carlos Galindo\', \'bernie\', NULL, \'EMANUEL ORDOÑEZ FACTURA (1)_2.pdf\', \'ORDEN DE COMPRA MUNUEL EDUARDO ORDONEZ (1)_2.pdf\', \'Grades INTER 1 - INTENSIVE T & TH - CICLO 6 CLASSROOM (1) (2)_2.pdf\', NULL, \'4\')')
 4 SYSTEMPATH\Database\BaseBuilder.php(2309): CodeIgniter\Database\BaseConnection->query('INSERT INTO `tco_transaccion_compra` (`tco_cod_formulario`, `tco_version`, `tco_fecha_ingreso`, `tco_lugar`, `tco_numero`, `tco_unidad_admin`, `tco_cantidad`, `tco_formulario`, `tco_dependencia`, `tco_programa`, `tco_proveedor`, `tco_cod_reglon`, `tco_folio_almacen`, `tco_nomen_cuenta`, `tco_observacion`, `tco_valor`, `tco_valor_total`, `tco_Fnombre_almacen`, `tco_Fnombre_depto`, `tco_Fnombre_inventario`, `tco_ob_invetario`, `tco_doc1`, `tco_doc2`, `tco_doc3`, `tco_idetr`, `tco_idper_registro`) VALUES (:tco_cod_formulario:, :tco_version:, :tco_fecha_ingreso:, :tco_lugar:, :tco_numero:, :tco_unidad_admin:, :tco_cantidad:, :tco_formulario:, :tco_dependencia:, :tco_programa:, :tco_proveedor:, :tco_cod_reglon:, :tco_folio_almacen:, :tco_nomen_cuenta:, :tco_observacion:, :tco_valor:, :tco_valor_total:, :tco_Fnombre_almacen:, :tco_Fnombre_depto:, :tco_Fnombre_inventario:, :tco_ob_invetario:, :tco_doc1:, :tco_doc2:, :tco_doc3:, :tco_idetr:, :tco_idper_registro:)', [...], false)
 5 SYSTEMPATH\Model.php(330): CodeIgniter\Database\BaseBuilder->insert()
 6 SYSTEMPATH\BaseModel.php(782): CodeIgniter\Model->doInsert([...])
 7 SYSTEMPATH\Model.php(730): CodeIgniter\BaseModel->insert([...], true)
 8 APPPATH\Controllers\Compras.php(104): CodeIgniter\Model->insert([...])
 9 SYSTEMPATH\CodeIgniter.php(932): App\Controllers\Compras->registrarcompra()
10 SYSTEMPATH\CodeIgniter.php(497): CodeIgniter\CodeIgniter->runController(Object(App\Controllers\Compras))
11 SYSTEMPATH\CodeIgniter.php(366): CodeIgniter\CodeIgniter->handleRequest(null, Object(Config\Cache), false)
12 FCPATH\index.php(67): CodeIgniter\CodeIgniter->run()
INFO - 2023-09-29 05:06:39 --> Session: Class initialized using 'CodeIgniter\Session\Handlers\FileHandler' driver.
INFO - 2023-09-29 05:06:55 --> Session: Class initialized using 'CodeIgniter\Session\Handlers\FileHandler' driver.
INFO - 2023-09-29 05:06:55 --> Session: Class initialized using 'CodeIgniter\Session\Handlers\FileHandler' driver.
INFO - 2023-09-29 05:07:00 --> Session: Class initialized using 'CodeIgniter\Session\Handlers\FileHandler' driver.
INFO - 2023-09-29 05:07:00 --> Session: Class initialized using 'CodeIgniter\Session\Handlers\FileHandler' driver.
INFO - 2023-09-29 05:09:47 --> Session: Class initialized using 'CodeIgniter\Session\Handlers\FileHandler' driver.
INFO - 2023-09-29 05:11:59 --> Session: Class initialized using 'CodeIgniter\Session\Handlers\FileHandler' driver.
INFO - 2023-09-29 05:12:22 --> Session: Class initialized using 'CodeIgniter\Session\Handlers\FileHandler' driver.
INFO - 2023-09-29 05:12:22 --> Session: Class initialized using 'CodeIgniter\Session\Handlers\FileHandler' driver.
INFO - 2023-09-29 05:12:30 --> Session: Class initialized using 'CodeIgniter\Session\Handlers\FileHandler' driver.
INFO - 2023-09-29 05:12:30 --> Session: Class initialized using 'CodeIgniter\Session\Handlers\FileHandler' driver.
INFO - 2023-09-29 05:12:35 --> Session: Class initialized using 'CodeIgniter\Session\Handlers\FileHandler' driver.
INFO - 2023-09-29 05:12:35 --> Session: Class initialized using 'CodeIgniter\Session\Handlers\FileHandler' driver.
INFO - 2023-09-29 05:12:36 --> Session: Class initialized using 'CodeIgniter\Session\Handlers\FileHandler' driver.
INFO - 2023-09-29 05:13:01 --> Session: Class initialized using 'CodeIgniter\Session\Handlers\FileHandler' driver.
INFO - 2023-09-29 05:13:01 --> Session: Class initialized using 'CodeIgniter\Session\Handlers\FileHandler' driver.
INFO - 2023-09-29 05:13:04 --> Session: Class initialized using 'CodeIgniter\Session\Handlers\FileHandler' driver.
INFO - 2023-09-29 05:13:05 --> Session: Class initialized using 'CodeIgniter\Session\Handlers\FileHandler' driver.
INFO - 2023-09-29 05:13:09 --> Session: Class initialized using 'CodeIgniter\Session\Handlers\FileHandler' driver.
INFO - 2023-09-29 05:13:09 --> Session: Class initialized using 'CodeIgniter\Session\Handlers\FileHandler' driver.
INFO - 2023-09-29 05:13:11 --> Session: Class initialized using 'CodeIgniter\Session\Handlers\FileHandler' driver.
INFO - 2023-09-29 05:13:12 --> Session: Class initialized using 'CodeIgniter\Session\Handlers\FileHandler' driver.
ERROR - 2023-09-29 05:14:12 --> mysqli_sql_exception: Column 'tco_idetr' cannot be null in C:\xampp\htdocs\SistemaDeInventarios\system\Database\MySQLi\Connection.php:295
Stack trace:
#0 C:\xampp\htdocs\SistemaDeInventarios\system\Database\MySQLi\Connection.php(295): mysqli->query('INSERT INTO `tc...', 0)
#1 C:\xampp\htdocs\SistemaDeInventarios\system\Database\BaseConnection.php(692): CodeIgniter\Database\MySQLi\Connection->execute('INSERT INTO `tc...')
#2 C:\xampp\htdocs\SistemaDeInventarios\system\Database\BaseConnection.php(606): CodeIgniter\Database\BaseConnection->simpleQuery('INSERT INTO `tc...')
#3 C:\xampp\htdocs\SistemaDeInventarios\system\Database\BaseBuilder.php(2309): CodeIgniter\Database\BaseConnection->query('INSERT INTO `tc...', Array, false)
#4 C:\xampp\htdocs\SistemaDeInventarios\system\Model.php(330): CodeIgniter\Database\BaseBuilder->insert()
#5 C:\xampp\htdocs\SistemaDeInventarios\system\BaseModel.php(782): CodeIgniter\Model->doInsert(Array)
#6 C:\xampp\htdocs\SistemaDeInventarios\system\Model.php(730): CodeIgniter\BaseModel->insert(Array, true)
#7 C:\xampp\htdocs\SistemaDeInventarios\app\Controllers\Compras.php(104): CodeIgniter\Model->insert(Array)
#8 C:\xampp\htdocs\SistemaDeInventarios\system\CodeIgniter.php(932): App\Controllers\Compras->registrarcompra()
#9 C:\xampp\htdocs\SistemaDeInventarios\system\CodeIgniter.php(497): CodeIgniter\CodeIgniter->runController(Object(App\Controllers\Compras))
#10 C:\xampp\htdocs\SistemaDeInventarios\system\CodeIgniter.php(366): CodeIgniter\CodeIgniter->handleRequest(NULL, Object(Config\Cache), false)
#11 C:\xampp\htdocs\SistemaDeInventarios\index.php(67): CodeIgniter\CodeIgniter->run()
#12 {main}
CRITICAL - 2023-09-29 05:14:12 --> Column 'tco_idetr' cannot be null
in SYSTEMPATH\Database\MySQLi\Connection.php on line 295.
 1 SYSTEMPATH\Database\MySQLi\Connection.php(295): mysqli->query('INSERT INTO `tco_transaccion_compra` (`tco_cod_formulario`, `tco_version`, `tco_fecha_ingreso`, `tco_lugar`, `tco_numero`, `tco_unidad_admin`, `tco_cantidad`, `tco_formulario`, `tco_dependencia`, `tco_programa`, `tco_proveedor`, `tco_cod_reglon`, `tco_folio_almacen`, `tco_nomen_cuenta`, `tco_observacion`, `tco_valor`, `tco_valor_total`, `tco_Fnombre_almacen`, `tco_Fnombre_depto`, `tco_Fnombre_inventario`, `tco_ob_invetario`, `tco_doc1`, `tco_doc2`, `tco_doc3`, `tco_idetr`, `tco_idper_registro`) VALUES (\'213213dddsss\', \'1\', \'2023-09-28\', \'Guatemala\', \'122\', \'Compras\', \'20\', \'sadsaddsawq32\', \'Instituto Nacional De Bosques\', \'xd\', \'Stark Industries\', \'1\', \'1\', \'2\', \'20 escritorios de mixco\', \'50\', \'1000\', \'Manuel Ordoñez\', \'Carlos Galindo\', \'bernie\', NULL, \'Cuestionario.pdf\', \'Proyecto Final S&A.pdf\', \'Proyecto Final S&A_1.pdf\', NULL, \'2\')', 0)
 2 SYSTEMPATH\Database\BaseConnection.php(692): CodeIgniter\Database\MySQLi\Connection->execute('INSERT INTO `tco_transaccion_compra` (`tco_cod_formulario`, `tco_version`, `tco_fecha_ingreso`, `tco_lugar`, `tco_numero`, `tco_unidad_admin`, `tco_cantidad`, `tco_formulario`, `tco_dependencia`, `tco_programa`, `tco_proveedor`, `tco_cod_reglon`, `tco_folio_almacen`, `tco_nomen_cuenta`, `tco_observacion`, `tco_valor`, `tco_valor_total`, `tco_Fnombre_almacen`, `tco_Fnombre_depto`, `tco_Fnombre_inventario`, `tco_ob_invetario`, `tco_doc1`, `tco_doc2`, `tco_doc3`, `tco_idetr`, `tco_idper_registro`) VALUES (\'213213dddsss\', \'1\', \'2023-09-28\', \'Guatemala\', \'122\', \'Compras\', \'20\', \'sadsaddsawq32\', \'Instituto Nacional De Bosques\', \'xd\', \'Stark Industries\', \'1\', \'1\', \'2\', \'20 escritorios de mixco\', \'50\', \'1000\', \'Manuel Ordoñez\', \'Carlos Galindo\', \'bernie\', NULL, \'Cuestionario.pdf\', \'Proyecto Final S&A.pdf\', \'Proyecto Final S&A_1.pdf\', NULL, \'2\')')
 3 SYSTEMPATH\Database\BaseConnection.php(606): CodeIgniter\Database\BaseConnection->simpleQuery('INSERT INTO `tco_transaccion_compra` (`tco_cod_formulario`, `tco_version`, `tco_fecha_ingreso`, `tco_lugar`, `tco_numero`, `tco_unidad_admin`, `tco_cantidad`, `tco_formulario`, `tco_dependencia`, `tco_programa`, `tco_proveedor`, `tco_cod_reglon`, `tco_folio_almacen`, `tco_nomen_cuenta`, `tco_observacion`, `tco_valor`, `tco_valor_total`, `tco_Fnombre_almacen`, `tco_Fnombre_depto`, `tco_Fnombre_inventario`, `tco_ob_invetario`, `tco_doc1`, `tco_doc2`, `tco_doc3`, `tco_idetr`, `tco_idper_registro`) VALUES (\'213213dddsss\', \'1\', \'2023-09-28\', \'Guatemala\', \'122\', \'Compras\', \'20\', \'sadsaddsawq32\', \'Instituto Nacional De Bosques\', \'xd\', \'Stark Industries\', \'1\', \'1\', \'2\', \'20 escritorios de mixco\', \'50\', \'1000\', \'Manuel Ordoñez\', \'Carlos Galindo\', \'bernie\', NULL, \'Cuestionario.pdf\', \'Proyecto Final S&A.pdf\', \'Proyecto Final S&A_1.pdf\', NULL, \'2\')')
 4 SYSTEMPATH\Database\BaseBuilder.php(2309): CodeIgniter\Database\BaseConnection->query('INSERT INTO `tco_transaccion_compra` (`tco_cod_formulario`, `tco_version`, `tco_fecha_ingreso`, `tco_lugar`, `tco_numero`, `tco_unidad_admin`, `tco_cantidad`, `tco_formulario`, `tco_dependencia`, `tco_programa`, `tco_proveedor`, `tco_cod_reglon`, `tco_folio_almacen`, `tco_nomen_cuenta`, `tco_observacion`, `tco_valor`, `tco_valor_total`, `tco_Fnombre_almacen`, `tco_Fnombre_depto`, `tco_Fnombre_inventario`, `tco_ob_invetario`, `tco_doc1`, `tco_doc2`, `tco_doc3`, `tco_idetr`, `tco_idper_registro`) VALUES (:tco_cod_formulario:, :tco_version:, :tco_fecha_ingreso:, :tco_lugar:, :tco_numero:, :tco_unidad_admin:, :tco_cantidad:, :tco_formulario:, :tco_dependencia:, :tco_programa:, :tco_proveedor:, :tco_cod_reglon:, :tco_folio_almacen:, :tco_nomen_cuenta:, :tco_observacion:, :tco_valor:, :tco_valor_total:, :tco_Fnombre_almacen:, :tco_Fnombre_depto:, :tco_Fnombre_inventario:, :tco_ob_invetario:, :tco_doc1:, :tco_doc2:, :tco_doc3:, :tco_idetr:, :tco_idper_registro:)', [...], false)
 5 SYSTEMPATH\Model.php(330): CodeIgniter\Database\BaseBuilder->insert()
 6 SYSTEMPATH\BaseModel.php(782): CodeIgniter\Model->doInsert([...])
 7 SYSTEMPATH\Model.php(730): CodeIgniter\BaseModel->insert([...], true)
 8 APPPATH\Controllers\Compras.php(104): CodeIgniter\Model->insert([...])
 9 SYSTEMPATH\CodeIgniter.php(932): App\Controllers\Compras->registrarcompra()
10 SYSTEMPATH\CodeIgniter.php(497): CodeIgniter\CodeIgniter->runController(Object(App\Controllers\Compras))
11 SYSTEMPATH\CodeIgniter.php(366): CodeIgniter\CodeIgniter->handleRequest(null, Object(Config\Cache), false)
12 FCPATH\index.php(67): CodeIgniter\CodeIgniter->run()
INFO - 2023-09-29 05:14:25 --> Session: Class initialized using 'CodeIgniter\Session\Handlers\FileHandler' driver.
INFO - 2023-09-29 05:14:55 --> Session: Class initialized using 'CodeIgniter\Session\Handlers\FileHandler' driver.
INFO - 2023-09-29 05:14:57 --> Session: Class initialized using 'CodeIgniter\Session\Handlers\FileHandler' driver.
INFO - 2023-09-29 05:15:01 --> Session: Class initialized using 'CodeIgniter\Session\Handlers\FileHandler' driver.
INFO - 2023-09-29 05:15:01 --> Session: Class initialized using 'CodeIgniter\Session\Handlers\FileHandler' driver.
INFO - 2023-09-29 05:15:02 --> Session: Class initialized using 'CodeIgniter\Session\Handlers\FileHandler' driver.
INFO - 2023-09-29 05:15:30 --> Session: Class initialized using 'CodeIgniter\Session\Handlers\FileHandler' driver.
INFO - 2023-09-29 05:15:30 --> Session: Class initialized using 'CodeIgniter\Session\Handlers\FileHandler' driver.
INFO - 2023-09-29 05:15:40 --> Session: Class initialized using 'CodeIgniter\Session\Handlers\FileHandler' driver.
INFO - 2023-09-29 05:15:40 --> Session: Class initialized using 'CodeIgniter\Session\Handlers\FileHandler' driver.
ERROR - 2023-09-29 05:15:53 --> mysqli_sql_exception: Column 'tco_idetr' cannot be null in C:\xampp\htdocs\SistemaDeInventarios\system\Database\MySQLi\Connection.php:295
Stack trace:
#0 C:\xampp\htdocs\SistemaDeInventarios\system\Database\MySQLi\Connection.php(295): mysqli->query('INSERT INTO `tc...', 0)
#1 C:\xampp\htdocs\SistemaDeInventarios\system\Database\BaseConnection.php(692): CodeIgniter\Database\MySQLi\Connection->execute('INSERT INTO `tc...')
#2 C:\xampp\htdocs\SistemaDeInventarios\system\Database\BaseConnection.php(606): CodeIgniter\Database\BaseConnection->simpleQuery('INSERT INTO `tc...')
#3 C:\xampp\htdocs\SistemaDeInventarios\system\Database\BaseBuilder.php(2309): CodeIgniter\Database\BaseConnection->query('INSERT INTO `tc...', Array, false)
#4 C:\xampp\htdocs\SistemaDeInventarios\system\Model.php(330): CodeIgniter\Database\BaseBuilder->insert()
#5 C:\xampp\htdocs\SistemaDeInventarios\system\BaseModel.php(782): CodeIgniter\Model->doInsert(Array)
#6 C:\xampp\htdocs\SistemaDeInventarios\system\Model.php(730): CodeIgniter\BaseModel->insert(Array, true)
#7 C:\xampp\htdocs\SistemaDeInventarios\app\Controllers\Compras.php(104): CodeIgniter\Model->insert(Array)
#8 C:\xampp\htdocs\SistemaDeInventarios\system\CodeIgniter.php(932): App\Controllers\Compras->registrarcompra()
#9 C:\xampp\htdocs\SistemaDeInventarios\system\CodeIgniter.php(497): CodeIgniter\CodeIgniter->runController(Object(App\Controllers\Compras))
#10 C:\xampp\htdocs\SistemaDeInventarios\system\CodeIgniter.php(366): CodeIgniter\CodeIgniter->handleRequest(NULL, Object(Config\Cache), false)
#11 C:\xampp\htdocs\SistemaDeInventarios\index.php(67): CodeIgniter\CodeIgniter->run()
#12 {main}
CRITICAL - 2023-09-29 05:15:53 --> Column 'tco_idetr' cannot be null
in SYSTEMPATH\Database\MySQLi\Connection.php on line 295.
 1 SYSTEMPATH\Database\MySQLi\Connection.php(295): mysqli->query('INSERT INTO `tco_transaccion_compra` (`tco_cod_formulario`, `tco_version`, `tco_fecha_ingreso`, `tco_lugar`, `tco_numero`, `tco_unidad_admin`, `tco_cantidad`, `tco_formulario`, `tco_dependencia`, `tco_programa`, `tco_proveedor`, `tco_cod_reglon`, `tco_folio_almacen`, `tco_nomen_cuenta`, `tco_observacion`, `tco_valor`, `tco_valor_total`, `tco_Fnombre_almacen`, `tco_Fnombre_depto`, `tco_Fnombre_inventario`, `tco_ob_invetario`, `tco_doc1`, `tco_doc2`, `tco_doc3`, `tco_idetr`, `tco_idper_registro`) VALUES (\'213213dddsss\', \'1\', \'2023-09-28\', \'Guatemala\', \'122\', \'Compras\', \'20\', \'sadsaddsawq32\', \'Instituto Nacional De Bosques\', \'xd\', \'Stark Industries\', \'1\', \'1\', \'2\', \'20 escritorios de mixco\', \'50\', \'1000\', \'Manuel Ordoñez\', \'Carlos Galindo\', \'bernie\', NULL, \'Cuestionario_1.pdf\', \'Proyecto Final S&A_2.pdf\', \'Proyecto Final S&A_3.pdf\', NULL, \'2\')', 0)
 2 SYSTEMPATH\Database\BaseConnection.php(692): CodeIgniter\Database\MySQLi\Connection->execute('INSERT INTO `tco_transaccion_compra` (`tco_cod_formulario`, `tco_version`, `tco_fecha_ingreso`, `tco_lugar`, `tco_numero`, `tco_unidad_admin`, `tco_cantidad`, `tco_formulario`, `tco_dependencia`, `tco_programa`, `tco_proveedor`, `tco_cod_reglon`, `tco_folio_almacen`, `tco_nomen_cuenta`, `tco_observacion`, `tco_valor`, `tco_valor_total`, `tco_Fnombre_almacen`, `tco_Fnombre_depto`, `tco_Fnombre_inventario`, `tco_ob_invetario`, `tco_doc1`, `tco_doc2`, `tco_doc3`, `tco_idetr`, `tco_idper_registro`) VALUES (\'213213dddsss\', \'1\', \'2023-09-28\', \'Guatemala\', \'122\', \'Compras\', \'20\', \'sadsaddsawq32\', \'Instituto Nacional De Bosques\', \'xd\', \'Stark Industries\', \'1\', \'1\', \'2\', \'20 escritorios de mixco\', \'50\', \'1000\', \'Manuel Ordoñez\', \'Carlos Galindo\', \'bernie\', NULL, \'Cuestionario_1.pdf\', \'Proyecto Final S&A_2.pdf\', \'Proyecto Final S&A_3.pdf\', NULL, \'2\')')
 3 SYSTEMPATH\Database\BaseConnection.php(606): CodeIgniter\Database\BaseConnection->simpleQuery('INSERT INTO `tco_transaccion_compra` (`tco_cod_formulario`, `tco_version`, `tco_fecha_ingreso`, `tco_lugar`, `tco_numero`, `tco_unidad_admin`, `tco_cantidad`, `tco_formulario`, `tco_dependencia`, `tco_programa`, `tco_proveedor`, `tco_cod_reglon`, `tco_folio_almacen`, `tco_nomen_cuenta`, `tco_observacion`, `tco_valor`, `tco_valor_total`, `tco_Fnombre_almacen`, `tco_Fnombre_depto`, `tco_Fnombre_inventario`, `tco_ob_invetario`, `tco_doc1`, `tco_doc2`, `tco_doc3`, `tco_idetr`, `tco_idper_registro`) VALUES (\'213213dddsss\', \'1\', \'2023-09-28\', \'Guatemala\', \'122\', \'Compras\', \'20\', \'sadsaddsawq32\', \'Instituto Nacional De Bosques\', \'xd\', \'Stark Industries\', \'1\', \'1\', \'2\', \'20 escritorios de mixco\', \'50\', \'1000\', \'Manuel Ordoñez\', \'Carlos Galindo\', \'bernie\', NULL, \'Cuestionario_1.pdf\', \'Proyecto Final S&A_2.pdf\', \'Proyecto Final S&A_3.pdf\', NULL, \'2\')')
 4 SYSTEMPATH\Database\BaseBuilder.php(2309): CodeIgniter\Database\BaseConnection->query('INSERT INTO `tco_transaccion_compra` (`tco_cod_formulario`, `tco_version`, `tco_fecha_ingreso`, `tco_lugar`, `tco_numero`, `tco_unidad_admin`, `tco_cantidad`, `tco_formulario`, `tco_dependencia`, `tco_programa`, `tco_proveedor`, `tco_cod_reglon`, `tco_folio_almacen`, `tco_nomen_cuenta`, `tco_observacion`, `tco_valor`, `tco_valor_total`, `tco_Fnombre_almacen`, `tco_Fnombre_depto`, `tco_Fnombre_inventario`, `tco_ob_invetario`, `tco_doc1`, `tco_doc2`, `tco_doc3`, `tco_idetr`, `tco_idper_registro`) VALUES (:tco_cod_formulario:, :tco_version:, :tco_fecha_ingreso:, :tco_lugar:, :tco_numero:, :tco_unidad_admin:, :tco_cantidad:, :tco_formulario:, :tco_dependencia:, :tco_programa:, :tco_proveedor:, :tco_cod_reglon:, :tco_folio_almacen:, :tco_nomen_cuenta:, :tco_observacion:, :tco_valor:, :tco_valor_total:, :tco_Fnombre_almacen:, :tco_Fnombre_depto:, :tco_Fnombre_inventario:, :tco_ob_invetario:, :tco_doc1:, :tco_doc2:, :tco_doc3:, :tco_idetr:, :tco_idper_registro:)', [...], false)
 5 SYSTEMPATH\Model.php(330): CodeIgniter\Database\BaseBuilder->insert()
 6 SYSTEMPATH\BaseModel.php(782): CodeIgniter\Model->doInsert([...])
 7 SYSTEMPATH\Model.php(730): CodeIgniter\BaseModel->insert([...], true)
 8 APPPATH\Controllers\Compras.php(104): CodeIgniter\Model->insert([...])
 9 SYSTEMPATH\CodeIgniter.php(932): App\Controllers\Compras->registrarcompra()
10 SYSTEMPATH\CodeIgniter.php(497): CodeIgniter\CodeIgniter->runController(Object(App\Controllers\Compras))
11 SYSTEMPATH\CodeIgniter.php(366): CodeIgniter\CodeIgniter->handleRequest(null, Object(Config\Cache), false)
12 FCPATH\index.php(67): CodeIgniter\CodeIgniter->run()
ERROR - 2023-09-29 05:15:57 --> mysqli_sql_exception: Column 'tco_idetr' cannot be null in C:\xampp\htdocs\SistemaDeInventarios\system\Database\MySQLi\Connection.php:295
Stack trace:
#0 C:\xampp\htdocs\SistemaDeInventarios\system\Database\MySQLi\Connection.php(295): mysqli->query('INSERT INTO `tc...', 0)
#1 C:\xampp\htdocs\SistemaDeInventarios\system\Database\BaseConnection.php(692): CodeIgniter\Database\MySQLi\Connection->execute('INSERT INTO `tc...')
#2 C:\xampp\htdocs\SistemaDeInventarios\system\Database\BaseConnection.php(606): CodeIgniter\Database\BaseConnection->simpleQuery('INSERT INTO `tc...')
#3 C:\xampp\htdocs\SistemaDeInventarios\system\Database\BaseBuilder.php(2309): CodeIgniter\Database\BaseConnection->query('INSERT INTO `tc...', Array, false)
#4 C:\xampp\htdocs\SistemaDeInventarios\system\Model.php(330): CodeIgniter\Database\BaseBuilder->insert()
#5 C:\xampp\htdocs\SistemaDeInventarios\system\BaseModel.php(782): CodeIgniter\Model->doInsert(Array)
#6 C:\xampp\htdocs\SistemaDeInventarios\system\Model.php(730): CodeIgniter\BaseModel->insert(Array, true)
#7 C:\xampp\htdocs\SistemaDeInventarios\app\Controllers\Compras.php(104): CodeIgniter\Model->insert(Array)
#8 C:\xampp\htdocs\SistemaDeInventarios\system\CodeIgniter.php(932): App\Controllers\Compras->registrarcompra()
#9 C:\xampp\htdocs\SistemaDeInventarios\system\CodeIgniter.php(497): CodeIgniter\CodeIgniter->runController(Object(App\Controllers\Compras))
#10 C:\xampp\htdocs\SistemaDeInventarios\system\CodeIgniter.php(366): CodeIgniter\CodeIgniter->handleRequest(NULL, Object(Config\Cache), false)
#11 C:\xampp\htdocs\SistemaDeInventarios\index.php(67): CodeIgniter\CodeIgniter->run()
#12 {main}
CRITICAL - 2023-09-29 05:15:57 --> Column 'tco_idetr' cannot be null
in SYSTEMPATH\Database\MySQLi\Connection.php on line 295.
 1 SYSTEMPATH\Database\MySQLi\Connection.php(295): mysqli->query('INSERT INTO `tco_transaccion_compra` (`tco_cod_formulario`, `tco_version`, `tco_fecha_ingreso`, `tco_lugar`, `tco_numero`, `tco_unidad_admin`, `tco_cantidad`, `tco_formulario`, `tco_dependencia`, `tco_programa`, `tco_proveedor`, `tco_cod_reglon`, `tco_folio_almacen`, `tco_nomen_cuenta`, `tco_observacion`, `tco_valor`, `tco_valor_total`, `tco_Fnombre_almacen`, `tco_Fnombre_depto`, `tco_Fnombre_inventario`, `tco_ob_invetario`, `tco_doc1`, `tco_doc2`, `tco_doc3`, `tco_idetr`, `tco_idper_registro`) VALUES (\'213213dddsss\', \'1\', \'2023-09-28\', \'Guatemala\', \'122\', \'Compras\', \'20\', \'sadsaddsawq32\', \'Instituto Nacional De Bosques\', \'xd\', \'Stark Industries\', \'1\', \'1\', \'2\', \'20 escritorios de mixco\', \'50\', \'1000\', \'Manuel Ordoñez\', \'Carlos Galindo\', \'bernie\', NULL, \'Cuestionario_2.pdf\', \'Proyecto Final S&A_4.pdf\', \'Proyecto Final S&A_5.pdf\', NULL, \'2\')', 0)
 2 SYSTEMPATH\Database\BaseConnection.php(692): CodeIgniter\Database\MySQLi\Connection->execute('INSERT INTO `tco_transaccion_compra` (`tco_cod_formulario`, `tco_version`, `tco_fecha_ingreso`, `tco_lugar`, `tco_numero`, `tco_unidad_admin`, `tco_cantidad`, `tco_formulario`, `tco_dependencia`, `tco_programa`, `tco_proveedor`, `tco_cod_reglon`, `tco_folio_almacen`, `tco_nomen_cuenta`, `tco_observacion`, `tco_valor`, `tco_valor_total`, `tco_Fnombre_almacen`, `tco_Fnombre_depto`, `tco_Fnombre_inventario`, `tco_ob_invetario`, `tco_doc1`, `tco_doc2`, `tco_doc3`, `tco_idetr`, `tco_idper_registro`) VALUES (\'213213dddsss\', \'1\', \'2023-09-28\', \'Guatemala\', \'122\', \'Compras\', \'20\', \'sadsaddsawq32\', \'Instituto Nacional De Bosques\', \'xd\', \'Stark Industries\', \'1\', \'1\', \'2\', \'20 escritorios de mixco\', \'50\', \'1000\', \'Manuel Ordoñez\', \'Carlos Galindo\', \'bernie\', NULL, \'Cuestionario_2.pdf\', \'Proyecto Final S&A_4.pdf\', \'Proyecto Final S&A_5.pdf\', NULL, \'2\')')
 3 SYSTEMPATH\Database\BaseConnection.php(606): CodeIgniter\Database\BaseConnection->simpleQuery('INSERT INTO `tco_transaccion_compra` (`tco_cod_formulario`, `tco_version`, `tco_fecha_ingreso`, `tco_lugar`, `tco_numero`, `tco_unidad_admin`, `tco_cantidad`, `tco_formulario`, `tco_dependencia`, `tco_programa`, `tco_proveedor`, `tco_cod_reglon`, `tco_folio_almacen`, `tco_nomen_cuenta`, `tco_observacion`, `tco_valor`, `tco_valor_total`, `tco_Fnombre_almacen`, `tco_Fnombre_depto`, `tco_Fnombre_inventario`, `tco_ob_invetario`, `tco_doc1`, `tco_doc2`, `tco_doc3`, `tco_idetr`, `tco_idper_registro`) VALUES (\'213213dddsss\', \'1\', \'2023-09-28\', \'Guatemala\', \'122\', \'Compras\', \'20\', \'sadsaddsawq32\', \'Instituto Nacional De Bosques\', \'xd\', \'Stark Industries\', \'1\', \'1\', \'2\', \'20 escritorios de mixco\', \'50\', \'1000\', \'Manuel Ordoñez\', \'Carlos Galindo\', \'bernie\', NULL, \'Cuestionario_2.pdf\', \'Proyecto Final S&A_4.pdf\', \'Proyecto Final S&A_5.pdf\', NULL, \'2\')')
 4 SYSTEMPATH\Database\BaseBuilder.php(2309): CodeIgniter\Database\BaseConnection->query('INSERT INTO `tco_transaccion_compra` (`tco_cod_formulario`, `tco_version`, `tco_fecha_ingreso`, `tco_lugar`, `tco_numero`, `tco_unidad_admin`, `tco_cantidad`, `tco_formulario`, `tco_dependencia`, `tco_programa`, `tco_proveedor`, `tco_cod_reglon`, `tco_folio_almacen`, `tco_nomen_cuenta`, `tco_observacion`, `tco_valor`, `tco_valor_total`, `tco_Fnombre_almacen`, `tco_Fnombre_depto`, `tco_Fnombre_inventario`, `tco_ob_invetario`, `tco_doc1`, `tco_doc2`, `tco_doc3`, `tco_idetr`, `tco_idper_registro`) VALUES (:tco_cod_formulario:, :tco_version:, :tco_fecha_ingreso:, :tco_lugar:, :tco_numero:, :tco_unidad_admin:, :tco_cantidad:, :tco_formulario:, :tco_dependencia:, :tco_programa:, :tco_proveedor:, :tco_cod_reglon:, :tco_folio_almacen:, :tco_nomen_cuenta:, :tco_observacion:, :tco_valor:, :tco_valor_total:, :tco_Fnombre_almacen:, :tco_Fnombre_depto:, :tco_Fnombre_inventario:, :tco_ob_invetario:, :tco_doc1:, :tco_doc2:, :tco_doc3:, :tco_idetr:, :tco_idper_registro:)', [...], false)
 5 SYSTEMPATH\Model.php(330): CodeIgniter\Database\BaseBuilder->insert()
 6 SYSTEMPATH\BaseModel.php(782): CodeIgniter\Model->doInsert([...])
 7 SYSTEMPATH\Model.php(730): CodeIgniter\BaseModel->insert([...], true)
 8 APPPATH\Controllers\Compras.php(104): CodeIgniter\Model->insert([...])
 9 SYSTEMPATH\CodeIgniter.php(932): App\Controllers\Compras->registrarcompra()
10 SYSTEMPATH\CodeIgniter.php(497): CodeIgniter\CodeIgniter->runController(Object(App\Controllers\Compras))
11 SYSTEMPATH\CodeIgniter.php(366): CodeIgniter\CodeIgniter->handleRequest(null, Object(Config\Cache), false)
12 FCPATH\index.php(67): CodeIgniter\CodeIgniter->run()
INFO - 2023-09-29 05:15:58 --> Session: Class initialized using 'CodeIgniter\Session\Handlers\FileHandler' driver.
INFO - 2023-09-29 05:15:59 --> Session: Class initialized using 'CodeIgniter\Session\Handlers\FileHandler' driver.
INFO - 2023-09-29 05:16:06 --> Session: Class initialized using 'CodeIgniter\Session\Handlers\FileHandler' driver.
INFO - 2023-09-29 05:16:06 --> Session: Class initialized using 'CodeIgniter\Session\Handlers\FileHandler' driver.
INFO - 2023-09-29 05:16:08 --> Session: Class initialized using 'CodeIgniter\Session\Handlers\FileHandler' driver.
ERROR - 2023-09-29 05:17:27 --> mysqli_sql_exception: Column 'tco_idetr' cannot be null in C:\xampp\htdocs\SistemaDeInventarios\system\Database\MySQLi\Connection.php:295
Stack trace:
#0 C:\xampp\htdocs\SistemaDeInventarios\system\Database\MySQLi\Connection.php(295): mysqli->query('INSERT INTO `tc...', 0)
#1 C:\xampp\htdocs\SistemaDeInventarios\system\Database\BaseConnection.php(692): CodeIgniter\Database\MySQLi\Connection->execute('INSERT INTO `tc...')
#2 C:\xampp\htdocs\SistemaDeInventarios\system\Database\BaseConnection.php(606): CodeIgniter\Database\BaseConnection->simpleQuery('INSERT INTO `tc...')
#3 C:\xampp\htdocs\SistemaDeInventarios\system\Database\BaseBuilder.php(2309): CodeIgniter\Database\BaseConnection->query('INSERT INTO `tc...', Array, false)
#4 C:\xampp\htdocs\SistemaDeInventarios\system\Model.php(330): CodeIgniter\Database\BaseBuilder->insert()
#5 C:\xampp\htdocs\SistemaDeInventarios\system\BaseModel.php(782): CodeIgniter\Model->doInsert(Array)
#6 C:\xampp\htdocs\SistemaDeInventarios\system\Model.php(730): CodeIgniter\BaseModel->insert(Array, true)
#7 C:\xampp\htdocs\SistemaDeInventarios\app\Controllers\Compras.php(104): CodeIgniter\Model->insert(Array)
#8 C:\xampp\htdocs\SistemaDeInventarios\system\CodeIgniter.php(932): App\Controllers\Compras->registrarcompra()
#9 C:\xampp\htdocs\SistemaDeInventarios\system\CodeIgniter.php(497): CodeIgniter\CodeIgniter->runController(Object(App\Controllers\Compras))
#10 C:\xampp\htdocs\SistemaDeInventarios\system\CodeIgniter.php(366): CodeIgniter\CodeIgniter->handleRequest(NULL, Object(Config\Cache), false)
#11 C:\xampp\htdocs\SistemaDeInventarios\index.php(67): CodeIgniter\CodeIgniter->run()
#12 {main}
CRITICAL - 2023-09-29 05:17:27 --> Column 'tco_idetr' cannot be null
in SYSTEMPATH\Database\MySQLi\Connection.php on line 295.
 1 SYSTEMPATH\Database\MySQLi\Connection.php(295): mysqli->query('INSERT INTO `tco_transaccion_compra` (`tco_cod_formulario`, `tco_version`, `tco_fecha_ingreso`, `tco_lugar`, `tco_numero`, `tco_unidad_admin`, `tco_cantidad`, `tco_formulario`, `tco_dependencia`, `tco_programa`, `tco_proveedor`, `tco_cod_reglon`, `tco_folio_almacen`, `tco_nomen_cuenta`, `tco_observacion`, `tco_valor`, `tco_valor_total`, `tco_Fnombre_almacen`, `tco_Fnombre_depto`, `tco_Fnombre_inventario`, `tco_ob_invetario`, `tco_doc1`, `tco_doc2`, `tco_doc3`, `tco_idetr`, `tco_idper_registro`) VALUES (\'213213dddsss\', \'1\', \'2023-09-24\', \'Guatemala\', \'122\', \'Compras\', \'20\', \'sadsaddsawq32\', \'Instituto Nacional De Bosques\', \'xd\', \'Stark Industries\', \'1\', \'2\', \'3\', \'20 xd\', \'50\', \'1000\', \'Manuel Ordoñez\', \'Carlos Galindo\', \'bernie\', NULL, \'Proyecto Final S&A_6.pdf\', \'Cuestionario_3.pdf\', \'Cuestionario_4.pdf\', NULL, \'2\')', 0)
 2 SYSTEMPATH\Database\BaseConnection.php(692): CodeIgniter\Database\MySQLi\Connection->execute('INSERT INTO `tco_transaccion_compra` (`tco_cod_formulario`, `tco_version`, `tco_fecha_ingreso`, `tco_lugar`, `tco_numero`, `tco_unidad_admin`, `tco_cantidad`, `tco_formulario`, `tco_dependencia`, `tco_programa`, `tco_proveedor`, `tco_cod_reglon`, `tco_folio_almacen`, `tco_nomen_cuenta`, `tco_observacion`, `tco_valor`, `tco_valor_total`, `tco_Fnombre_almacen`, `tco_Fnombre_depto`, `tco_Fnombre_inventario`, `tco_ob_invetario`, `tco_doc1`, `tco_doc2`, `tco_doc3`, `tco_idetr`, `tco_idper_registro`) VALUES (\'213213dddsss\', \'1\', \'2023-09-24\', \'Guatemala\', \'122\', \'Compras\', \'20\', \'sadsaddsawq32\', \'Instituto Nacional De Bosques\', \'xd\', \'Stark Industries\', \'1\', \'2\', \'3\', \'20 xd\', \'50\', \'1000\', \'Manuel Ordoñez\', \'Carlos Galindo\', \'bernie\', NULL, \'Proyecto Final S&A_6.pdf\', \'Cuestionario_3.pdf\', \'Cuestionario_4.pdf\', NULL, \'2\')')
 3 SYSTEMPATH\Database\BaseConnection.php(606): CodeIgniter\Database\BaseConnection->simpleQuery('INSERT INTO `tco_transaccion_compra` (`tco_cod_formulario`, `tco_version`, `tco_fecha_ingreso`, `tco_lugar`, `tco_numero`, `tco_unidad_admin`, `tco_cantidad`, `tco_formulario`, `tco_dependencia`, `tco_programa`, `tco_proveedor`, `tco_cod_reglon`, `tco_folio_almacen`, `tco_nomen_cuenta`, `tco_observacion`, `tco_valor`, `tco_valor_total`, `tco_Fnombre_almacen`, `tco_Fnombre_depto`, `tco_Fnombre_inventario`, `tco_ob_invetario`, `tco_doc1`, `tco_doc2`, `tco_doc3`, `tco_idetr`, `tco_idper_registro`) VALUES (\'213213dddsss\', \'1\', \'2023-09-24\', \'Guatemala\', \'122\', \'Compras\', \'20\', \'sadsaddsawq32\', \'Instituto Nacional De Bosques\', \'xd\', \'Stark Industries\', \'1\', \'2\', \'3\', \'20 xd\', \'50\', \'1000\', \'Manuel Ordoñez\', \'Carlos Galindo\', \'bernie\', NULL, \'Proyecto Final S&A_6.pdf\', \'Cuestionario_3.pdf\', \'Cuestionario_4.pdf\', NULL, \'2\')')
 4 SYSTEMPATH\Database\BaseBuilder.php(2309): CodeIgniter\Database\BaseConnection->query('INSERT INTO `tco_transaccion_compra` (`tco_cod_formulario`, `tco_version`, `tco_fecha_ingreso`, `tco_lugar`, `tco_numero`, `tco_unidad_admin`, `tco_cantidad`, `tco_formulario`, `tco_dependencia`, `tco_programa`, `tco_proveedor`, `tco_cod_reglon`, `tco_folio_almacen`, `tco_nomen_cuenta`, `tco_observacion`, `tco_valor`, `tco_valor_total`, `tco_Fnombre_almacen`, `tco_Fnombre_depto`, `tco_Fnombre_inventario`, `tco_ob_invetario`, `tco_doc1`, `tco_doc2`, `tco_doc3`, `tco_idetr`, `tco_idper_registro`) VALUES (:tco_cod_formulario:, :tco_version:, :tco_fecha_ingreso:, :tco_lugar:, :tco_numero:, :tco_unidad_admin:, :tco_cantidad:, :tco_formulario:, :tco_dependencia:, :tco_programa:, :tco_proveedor:, :tco_cod_reglon:, :tco_folio_almacen:, :tco_nomen_cuenta:, :tco_observacion:, :tco_valor:, :tco_valor_total:, :tco_Fnombre_almacen:, :tco_Fnombre_depto:, :tco_Fnombre_inventario:, :tco_ob_invetario:, :tco_doc1:, :tco_doc2:, :tco_doc3:, :tco_idetr:, :tco_idper_registro:)', [...], false)
 5 SYSTEMPATH\Model.php(330): CodeIgniter\Database\BaseBuilder->insert()
 6 SYSTEMPATH\BaseModel.php(782): CodeIgniter\Model->doInsert([...])
 7 SYSTEMPATH\Model.php(730): CodeIgniter\BaseModel->insert([...], true)
 8 APPPATH\Controllers\Compras.php(104): CodeIgniter\Model->insert([...])
 9 SYSTEMPATH\CodeIgniter.php(932): App\Controllers\Compras->registrarcompra()
10 SYSTEMPATH\CodeIgniter.php(497): CodeIgniter\CodeIgniter->runController(Object(App\Controllers\Compras))
11 SYSTEMPATH\CodeIgniter.php(366): CodeIgniter\CodeIgniter->handleRequest(null, Object(Config\Cache), false)
12 FCPATH\index.php(67): CodeIgniter\CodeIgniter->run()
INFO - 2023-09-29 05:18:04 --> Session: Class initialized using 'CodeIgniter\Session\Handlers\FileHandler' driver.
INFO - 2023-09-29 05:18:04 --> Session: Class initialized using 'CodeIgniter\Session\Handlers\FileHandler' driver.
INFO - 2023-09-29 05:18:06 --> Session: Class initialized using 'CodeIgniter\Session\Handlers\FileHandler' driver.
INFO - 2023-09-29 05:18:12 --> Session: Class initialized using 'CodeIgniter\Session\Handlers\FileHandler' driver.
INFO - 2023-09-29 05:18:12 --> Session: Class initialized using 'CodeIgniter\Session\Handlers\FileHandler' driver.
INFO - 2023-09-29 05:18:13 --> Session: Class initialized using 'CodeIgniter\Session\Handlers\FileHandler' driver.
INFO - 2023-09-29 05:18:14 --> Session: Class initialized using 'CodeIgniter\Session\Handlers\FileHandler' driver.
INFO - 2023-09-29 05:18:21 --> Session: Class initialized using 'CodeIgniter\Session\Handlers\FileHandler' driver.
INFO - 2023-09-29 05:18:21 --> Session: Class initialized using 'CodeIgniter\Session\Handlers\FileHandler' driver.
INFO - 2023-09-29 05:18:37 --> Session: Class initialized using 'CodeIgniter\Session\Handlers\FileHandler' driver.
INFO - 2023-09-29 05:18:37 --> Session: Class initialized using 'CodeIgniter\Session\Handlers\FileHandler' driver.
INFO - 2023-09-29 05:18:58 --> Session: Class initialized using 'CodeIgniter\Session\Handlers\FileHandler' driver.
INFO - 2023-09-29 05:18:58 --> Session: Class initialized using 'CodeIgniter\Session\Handlers\FileHandler' driver.
INFO - 2023-09-29 05:18:58 --> Session: Class initialized using 'CodeIgniter\Session\Handlers\FileHandler' driver.
INFO - 2023-09-29 05:19:09 --> Session: Class initialized using 'CodeIgniter\Session\Handlers\FileHandler' driver.
INFO - 2023-09-29 05:19:09 --> Session: Class initialized using 'CodeIgniter\Session\Handlers\FileHandler' driver.
INFO - 2023-09-29 05:19:45 --> Session: Class initialized using 'CodeIgniter\Session\Handlers\FileHandler' driver.
INFO - 2023-09-29 05:19:45 --> Session: Class initialized using 'CodeIgniter\Session\Handlers\FileHandler' driver.
INFO - 2023-09-29 05:20:19 --> Session: Class initialized using 'CodeIgniter\Session\Handlers\FileHandler' driver.
INFO - 2023-09-29 05:20:20 --> Session: Class initialized using 'CodeIgniter\Session\Handlers\FileHandler' driver.
INFO - 2023-09-29 05:21:30 --> Session: Class initialized using 'CodeIgniter\Session\Handlers\FileHandler' driver.
INFO - 2023-09-29 05:21:31 --> Session: Class initialized using 'CodeIgniter\Session\Handlers\FileHandler' driver.
INFO - 2023-09-29 05:22:08 --> Session: Class initialized using 'CodeIgniter\Session\Handlers\FileHandler' driver.
INFO - 2023-09-29 05:22:08 --> Session: Class initialized using 'CodeIgniter\Session\Handlers\FileHandler' driver.
INFO - 2023-09-29 14:17:28 --> Session: Class initialized using 'CodeIgniter\Session\Handlers\FileHandler' driver.
INFO - 2023-09-29 14:18:48 --> Session: Class initialized using 'CodeIgniter\Session\Handlers\FileHandler' driver.
INFO - 2023-09-29 14:22:54 --> Session: Class initialized using 'CodeIgniter\Session\Handlers\FileHandler' driver.
INFO - 2023-09-29 14:22:59 --> Session: Class initialized using 'CodeIgniter\Session\Handlers\FileHandler' driver.
INFO - 2023-09-29 14:22:59 --> Session: Class initialized using 'CodeIgniter\Session\Handlers\FileHandler' driver.
INFO - 2023-09-29 14:23:01 --> Session: Class initialized using 'CodeIgniter\Session\Handlers\FileHandler' driver.
INFO - 2023-09-29 14:29:45 --> Session: Class initialized using 'CodeIgniter\Session\Handlers\FileHandler' driver.
INFO - 2023-09-29 14:29:50 --> Session: Class initialized using 'CodeIgniter\Session\Handlers\FileHandler' driver.
INFO - 2023-09-29 14:29:50 --> Session: Class initialized using 'CodeIgniter\Session\Handlers\FileHandler' driver.
INFO - 2023-09-29 14:30:04 --> Session: Class initialized using 'CodeIgniter\Session\Handlers\FileHandler' driver.
INFO - 2023-09-29 14:31:38 --> Session: Class initialized using 'CodeIgniter\Session\Handlers\FileHandler' driver.
INFO - 2023-09-29 14:32:14 --> Session: Class initialized using 'CodeIgniter\Session\Handlers\FileHandler' driver.
INFO - 2023-09-29 14:32:15 --> Session: Class initialized using 'CodeIgniter\Session\Handlers\FileHandler' driver.
INFO - 2023-09-29 14:32:23 --> Session: Class initialized using 'CodeIgniter\Session\Handlers\FileHandler' driver.
INFO - 2023-09-29 14:32:28 --> Session: Class initialized using 'CodeIgniter\Session\Handlers\FileHandler' driver.
INFO - 2023-09-29 14:32:28 --> Session: Class initialized using 'CodeIgniter\Session\Handlers\FileHandler' driver.
INFO - 2023-09-29 14:34:31 --> Session: Class initialized using 'CodeIgniter\Session\Handlers\FileHandler' driver.
INFO - 2023-09-29 14:34:36 --> Session: Class initialized using 'CodeIgniter\Session\Handlers\FileHandler' driver.
INFO - 2023-09-29 14:34:36 --> Session: Class initialized using 'CodeIgniter\Session\Handlers\FileHandler' driver.
INFO - 2023-09-29 14:35:00 --> Session: Class initialized using 'CodeIgniter\Session\Handlers\FileHandler' driver.
INFO - 2023-09-29 14:35:12 --> Session: Class initialized using 'CodeIgniter\Session\Handlers\FileHandler' driver.
INFO - 2023-09-29 14:35:12 --> Session: Class initialized using 'CodeIgniter\Session\Handlers\FileHandler' driver.
INFO - 2023-09-29 14:35:35 --> Session: Class initialized using 'CodeIgniter\Session\Handlers\FileHandler' driver.
INFO - 2023-09-29 14:35:40 --> Session: Class initialized using 'CodeIgniter\Session\Handlers\FileHandler' driver.
INFO - 2023-09-29 14:35:40 --> Session: Class initialized using 'CodeIgniter\Session\Handlers\FileHandler' driver.
INFO - 2023-09-29 14:38:09 --> Session: Class initialized using 'CodeIgniter\Session\Handlers\FileHandler' driver.
INFO - 2023-09-29 14:38:14 --> Session: Class initialized using 'CodeIgniter\Session\Handlers\FileHandler' driver.
INFO - 2023-09-29 14:38:15 --> Session: Class initialized using 'CodeIgniter\Session\Handlers\FileHandler' driver.
INFO - 2023-09-29 14:41:38 --> Session: Class initialized using 'CodeIgniter\Session\Handlers\FileHandler' driver.
INFO - 2023-09-29 14:41:40 --> Session: Class initialized using 'CodeIgniter\Session\Handlers\FileHandler' driver.
INFO - 2023-09-29 14:41:40 --> Session: Class initialized using 'CodeIgniter\Session\Handlers\FileHandler' driver.
INFO - 2023-09-29 14:42:06 --> Session: Class initialized using 'CodeIgniter\Session\Handlers\FileHandler' driver.
INFO - 2023-09-29 14:42:06 --> Session: Class initialized using 'CodeIgniter\Session\Handlers\FileHandler' driver.
INFO - 2023-09-29 14:42:17 --> Session: Class initialized using 'CodeIgniter\Session\Handlers\FileHandler' driver.
INFO - 2023-09-29 14:42:17 --> Session: Class initialized using 'CodeIgniter\Session\Handlers\FileHandler' driver.
INFO - 2023-09-29 14:45:23 --> Session: Class initialized using 'CodeIgniter\Session\Handlers\FileHandler' driver.
INFO - 2023-09-29 14:45:32 --> Session: Class initialized using 'CodeIgniter\Session\Handlers\FileHandler' driver.
INFO - 2023-09-29 14:45:32 --> Session: Class initialized using 'CodeIgniter\Session\Handlers\FileHandler' driver.
INFO - 2023-09-29 14:45:43 --> Session: Class initialized using 'CodeIgniter\Session\Handlers\FileHandler' driver.
INFO - 2023-09-29 14:45:43 --> Session: Class initialized using 'CodeIgniter\Session\Handlers\FileHandler' driver.
INFO - 2023-09-29 14:45:50 --> Session: Class initialized using 'CodeIgniter\Session\Handlers\FileHandler' driver.
INFO - 2023-09-29 14:45:50 --> Session: Class initialized using 'CodeIgniter\Session\Handlers\FileHandler' driver.
INFO - 2023-09-29 14:47:02 --> Session: Class initialized using 'CodeIgniter\Session\Handlers\FileHandler' driver.
INFO - 2023-09-29 14:47:22 --> Session: Class initialized using 'CodeIgniter\Session\Handlers\FileHandler' driver.
INFO - 2023-09-29 14:47:22 --> Session: Class initialized using 'CodeIgniter\Session\Handlers\FileHandler' driver.
INFO - 2023-09-29 14:47:28 --> Session: Class initialized using 'CodeIgniter\Session\Handlers\FileHandler' driver.
INFO - 2023-09-29 14:47:28 --> Session: Class initialized using 'CodeIgniter\Session\Handlers\FileHandler' driver.
