INFO - 2023-09-21 18:38:49 --> Session: Class initialized using 'CodeIgniter\Session\Handlers\FileHandler' driver.
INFO - 2023-09-21 18:38:56 --> Session: Class initialized using 'CodeIgniter\Session\Handlers\FileHandler' driver.
INFO - 2023-09-21 18:38:56 --> Session: Class initialized using 'CodeIgniter\Session\Handlers\FileHandler' driver.
INFO - 2023-09-21 18:39:04 --> Session: Class initialized using 'CodeIgniter\Session\Handlers\FileHandler' driver.
INFO - 2023-09-21 18:39:04 --> Session: Class initialized using 'CodeIgniter\Session\Handlers\FileHandler' driver.
INFO - 2023-09-21 18:39:11 --> Session: Class initialized using 'CodeIgniter\Session\Handlers\FileHandler' driver.
INFO - 2023-09-21 18:39:20 --> Session: Class initialized using 'CodeIgniter\Session\Handlers\FileHandler' driver.
INFO - 2023-09-21 18:39:31 --> Session: Class initialized using 'CodeIgniter\Session\Handlers\FileHandler' driver.
INFO - 2023-09-21 18:39:33 --> Session: Class initialized using 'CodeIgniter\Session\Handlers\FileHandler' driver.
INFO - 2023-09-21 18:39:34 --> Session: Class initialized using 'CodeIgniter\Session\Handlers\FileHandler' driver.
INFO - 2023-09-21 18:39:35 --> Session: Class initialized using 'CodeIgniter\Session\Handlers\FileHandler' driver.
INFO - 2023-09-21 18:40:08 --> Session: Class initialized using 'CodeIgniter\Session\Handlers\FileHandler' driver.
INFO - 2023-09-21 18:40:11 --> Session: Class initialized using 'CodeIgniter\Session\Handlers\FileHandler' driver.
INFO - 2023-09-21 18:42:27 --> Session: Class initialized using 'CodeIgniter\Session\Handlers\FileHandler' driver.
INFO - 2023-09-21 18:43:13 --> Session: Class initialized using 'CodeIgniter\Session\Handlers\FileHandler' driver.
INFO - 2023-09-21 18:43:20 --> Session: Class initialized using 'CodeIgniter\Session\Handlers\FileHandler' driver.
INFO - 2023-09-21 18:45:50 --> Session: Class initialized using 'CodeIgniter\Session\Handlers\FileHandler' driver.
INFO - 2023-09-21 18:45:52 --> Session: Class initialized using 'CodeIgniter\Session\Handlers\FileHandler' driver.
INFO - 2023-09-21 18:46:14 --> Session: Class initialized using 'CodeIgniter\Session\Handlers\FileHandler' driver.
INFO - 2023-09-21 19:23:00 --> Session: Class initialized using 'CodeIgniter\Session\Handlers\FileHandler' driver.
CRITICAL - 2023-09-21 13:23:00 --> Undefined array key "tco_idetr "
in APPPATH/Views/Compras/HomeCompras.php on line 252.
 1 APPPATH/Views/Compras/HomeCompras.php(252): CodeIgniter\Debug\Exceptions->errorHandler(2, 'Undefined array key "tco_idetr "', '/opt/lampp/htdocs/SistemaDeInventarios/app/Views/Compras/HomeCompras.php', 252)
 2 SYSTEMPATH/View/View.php(224): include('/opt/lampp/htdocs/SistemaDeInventarios/app/Views/Compras/HomeCompras.php')
 3 SYSTEMPATH/View/View.php(227): CodeIgniter\View\View->CodeIgniter\View\{closure}()
 4 SYSTEMPATH/Common.php(1180): CodeIgniter\View\View->render('Compras/HomeCompras', [], true)
 5 APPPATH/Controllers/Compras.php(15): view('Compras/HomeCompras', [...])
 6 SYSTEMPATH/CodeIgniter.php(932): App\Controllers\Compras->InicioCompras()
 7 SYSTEMPATH/CodeIgniter.php(497): CodeIgniter\CodeIgniter->runController(Object(App\Controllers\Compras))
 8 SYSTEMPATH/CodeIgniter.php(366): CodeIgniter\CodeIgniter->handleRequest(null, Object(Config\Cache), false)
 9 FCPATH/index.php(67): CodeIgniter\CodeIgniter->run()
INFO - 2023-09-21 19:24:01 --> Session: Class initialized using 'CodeIgniter\Session\Handlers\FileHandler' driver.
INFO - 2023-09-21 19:24:28 --> Session: Class initialized using 'CodeIgniter\Session\Handlers\FileHandler' driver.
CRITICAL - 2023-09-21 22:48:38 --> Undefined array key "logged_in"
in APPPATH\Views\Compras\compras.php on line 5.
 1 APPPATH\Views\Compras\compras.php(5): CodeIgniter\Debug\Exceptions->errorHandler(2, 'Undefined array key "logged_in"', 'C:\\xampp\\htdocs\\SistemaDeInventarios\\app\\Views\\Compras\\compras.php', 5)
 2 SYSTEMPATH\View\View.php(224): include('C:\\xampp\\htdocs\\SistemaDeInventarios\\app\\Views\\Compras\\compras.php')
 3 SYSTEMPATH\View\View.php(227): CodeIgniter\View\View->CodeIgniter\View\{closure}()
 4 SYSTEMPATH\Common.php(1180): CodeIgniter\View\View->render('Compras/compras', [], true)
 5 APPPATH\Controllers\Compras.php(29): view('Compras/compras', [...])
 6 SYSTEMPATH\CodeIgniter.php(932): App\Controllers\Compras->ListarComprar()
 7 SYSTEMPATH\CodeIgniter.php(497): CodeIgniter\CodeIgniter->runController(Object(App\Controllers\Compras))
 8 SYSTEMPATH\CodeIgniter.php(366): CodeIgniter\CodeIgniter->handleRequest(null, Object(Config\Cache), false)
 9 FCPATH\index.php(67): CodeIgniter\CodeIgniter->run()
CRITICAL - 2023-09-21 22:48:50 --> Undefined array key "logged_in"
in APPPATH\Views\Compras\compras.php on line 5.
 1 APPPATH\Views\Compras\compras.php(5): CodeIgniter\Debug\Exceptions->errorHandler(2, 'Undefined array key "logged_in"', 'C:\\xampp\\htdocs\\SistemaDeInventarios\\app\\Views\\Compras\\compras.php', 5)
 2 SYSTEMPATH\View\View.php(224): include('C:\\xampp\\htdocs\\SistemaDeInventarios\\app\\Views\\Compras\\compras.php')
 3 SYSTEMPATH\View\View.php(227): CodeIgniter\View\View->CodeIgniter\View\{closure}()
 4 SYSTEMPATH\Common.php(1180): CodeIgniter\View\View->render('Compras/compras', [], true)
 5 APPPATH\Controllers\Compras.php(29): view('Compras/compras', [...])
 6 SYSTEMPATH\CodeIgniter.php(932): App\Controllers\Compras->ListarComprar()
 7 SYSTEMPATH\CodeIgniter.php(497): CodeIgniter\CodeIgniter->runController(Object(App\Controllers\Compras))
 8 SYSTEMPATH\CodeIgniter.php(366): CodeIgniter\CodeIgniter->handleRequest(null, Object(Config\Cache), false)
 9 FCPATH\index.php(67): CodeIgniter\CodeIgniter->run()
CRITICAL - 2023-09-21 22:48:52 --> Undefined array key "logged_in"
in APPPATH\Views\Compras\compras.php on line 5.
 1 APPPATH\Views\Compras\compras.php(5): CodeIgniter\Debug\Exceptions->errorHandler(2, 'Undefined array key "logged_in"', 'C:\\xampp\\htdocs\\SistemaDeInventarios\\app\\Views\\Compras\\compras.php', 5)
 2 SYSTEMPATH\View\View.php(224): include('C:\\xampp\\htdocs\\SistemaDeInventarios\\app\\Views\\Compras\\compras.php')
 3 SYSTEMPATH\View\View.php(227): CodeIgniter\View\View->CodeIgniter\View\{closure}()
 4 SYSTEMPATH\Common.php(1180): CodeIgniter\View\View->render('Compras/compras', [], true)
 5 APPPATH\Controllers\Compras.php(29): view('Compras/compras', [...])
 6 SYSTEMPATH\CodeIgniter.php(932): App\Controllers\Compras->ListarComprar()
 7 SYSTEMPATH\CodeIgniter.php(497): CodeIgniter\CodeIgniter->runController(Object(App\Controllers\Compras))
 8 SYSTEMPATH\CodeIgniter.php(366): CodeIgniter\CodeIgniter->handleRequest(null, Object(Config\Cache), false)
 9 FCPATH\index.php(67): CodeIgniter\CodeIgniter->run()
CRITICAL - 2023-09-21 22:48:52 --> Undefined array key "logged_in"
in APPPATH\Views\Compras\compras.php on line 5.
 1 APPPATH\Views\Compras\compras.php(5): CodeIgniter\Debug\Exceptions->errorHandler(2, 'Undefined array key "logged_in"', 'C:\\xampp\\htdocs\\SistemaDeInventarios\\app\\Views\\Compras\\compras.php', 5)
 2 SYSTEMPATH\View\View.php(224): include('C:\\xampp\\htdocs\\SistemaDeInventarios\\app\\Views\\Compras\\compras.php')
 3 SYSTEMPATH\View\View.php(227): CodeIgniter\View\View->CodeIgniter\View\{closure}()
 4 SYSTEMPATH\Common.php(1180): CodeIgniter\View\View->render('Compras/compras', [], true)
 5 APPPATH\Controllers\Compras.php(29): view('Compras/compras', [...])
 6 SYSTEMPATH\CodeIgniter.php(932): App\Controllers\Compras->ListarComprar()
 7 SYSTEMPATH\CodeIgniter.php(497): CodeIgniter\CodeIgniter->runController(Object(App\Controllers\Compras))
 8 SYSTEMPATH\CodeIgniter.php(366): CodeIgniter\CodeIgniter->handleRequest(null, Object(Config\Cache), false)
 9 FCPATH\index.php(67): CodeIgniter\CodeIgniter->run()
CRITICAL - 2023-09-21 22:51:50 --> Undefined array key "logged_in"
in APPPATH\Views\Compras\compras.php on line 5.
 1 APPPATH\Views\Compras\compras.php(5): CodeIgniter\Debug\Exceptions->errorHandler(2, 'Undefined array key "logged_in"', 'C:\\xampp\\htdocs\\SistemaDeInventarios\\app\\Views\\Compras\\compras.php', 5)
 2 SYSTEMPATH\View\View.php(224): include('C:\\xampp\\htdocs\\SistemaDeInventarios\\app\\Views\\Compras\\compras.php')
 3 SYSTEMPATH\View\View.php(227): CodeIgniter\View\View->CodeIgniter\View\{closure}()
 4 SYSTEMPATH\Common.php(1180): CodeIgniter\View\View->render('Compras/compras', [], true)
 5 APPPATH\Controllers\Compras.php(29): view('Compras/compras', [...])
 6 SYSTEMPATH\CodeIgniter.php(932): App\Controllers\Compras->ListarComprar()
 7 SYSTEMPATH\CodeIgniter.php(497): CodeIgniter\CodeIgniter->runController(Object(App\Controllers\Compras))
 8 SYSTEMPATH\CodeIgniter.php(366): CodeIgniter\CodeIgniter->handleRequest(null, Object(Config\Cache), false)
 9 FCPATH\index.php(67): CodeIgniter\CodeIgniter->run()
CRITICAL - 2023-09-21 22:51:51 --> Undefined array key "logged_in"
in APPPATH\Views\Compras\compras.php on line 5.
 1 APPPATH\Views\Compras\compras.php(5): CodeIgniter\Debug\Exceptions->errorHandler(2, 'Undefined array key "logged_in"', 'C:\\xampp\\htdocs\\SistemaDeInventarios\\app\\Views\\Compras\\compras.php', 5)
 2 SYSTEMPATH\View\View.php(224): include('C:\\xampp\\htdocs\\SistemaDeInventarios\\app\\Views\\Compras\\compras.php')
 3 SYSTEMPATH\View\View.php(227): CodeIgniter\View\View->CodeIgniter\View\{closure}()
 4 SYSTEMPATH\Common.php(1180): CodeIgniter\View\View->render('Compras/compras', [], true)
 5 APPPATH\Controllers\Compras.php(29): view('Compras/compras', [...])
 6 SYSTEMPATH\CodeIgniter.php(932): App\Controllers\Compras->ListarComprar()
 7 SYSTEMPATH\CodeIgniter.php(497): CodeIgniter\CodeIgniter->runController(Object(App\Controllers\Compras))
 8 SYSTEMPATH\CodeIgniter.php(366): CodeIgniter\CodeIgniter->handleRequest(null, Object(Config\Cache), false)
 9 FCPATH\index.php(67): CodeIgniter\CodeIgniter->run()
CRITICAL - 2023-09-21 22:51:52 --> Undefined array key "logged_in"
in APPPATH\Views\Compras\compras.php on line 5.
 1 APPPATH\Views\Compras\compras.php(5): CodeIgniter\Debug\Exceptions->errorHandler(2, 'Undefined array key "logged_in"', 'C:\\xampp\\htdocs\\SistemaDeInventarios\\app\\Views\\Compras\\compras.php', 5)
 2 SYSTEMPATH\View\View.php(224): include('C:\\xampp\\htdocs\\SistemaDeInventarios\\app\\Views\\Compras\\compras.php')
 3 SYSTEMPATH\View\View.php(227): CodeIgniter\View\View->CodeIgniter\View\{closure}()
 4 SYSTEMPATH\Common.php(1180): CodeIgniter\View\View->render('Compras/compras', [], true)
 5 APPPATH\Controllers\Compras.php(29): view('Compras/compras', [...])
 6 SYSTEMPATH\CodeIgniter.php(932): App\Controllers\Compras->ListarComprar()
 7 SYSTEMPATH\CodeIgniter.php(497): CodeIgniter\CodeIgniter->runController(Object(App\Controllers\Compras))
 8 SYSTEMPATH\CodeIgniter.php(366): CodeIgniter\CodeIgniter->handleRequest(null, Object(Config\Cache), false)
 9 FCPATH\index.php(67): CodeIgniter\CodeIgniter->run()
CRITICAL - 2023-09-21 23:45:33 --> Undefined variable $per_id
in APPPATH\Views\Compras\compras.php on line 7.
 1 APPPATH\Views\Compras\compras.php(7): CodeIgniter\Debug\Exceptions->errorHandler(2, 'Undefined variable $per_id', 'C:\\xampp\\htdocs\\SistemaDeInventarios\\app\\Views\\Compras\\compras.php', 7)
 2 SYSTEMPATH\View\View.php(224): include('C:\\xampp\\htdocs\\SistemaDeInventarios\\app\\Views\\Compras\\compras.php')
 3 SYSTEMPATH\View\View.php(227): CodeIgniter\View\View->CodeIgniter\View\{closure}()
 4 SYSTEMPATH\Common.php(1180): CodeIgniter\View\View->render('Compras/compras', [], true)
 5 APPPATH\Controllers\Compras.php(29): view('Compras/compras', [...])
 6 SYSTEMPATH\CodeIgniter.php(932): App\Controllers\Compras->ListarComprar()
 7 SYSTEMPATH\CodeIgniter.php(497): CodeIgniter\CodeIgniter->runController(Object(App\Controllers\Compras))
 8 SYSTEMPATH\CodeIgniter.php(366): CodeIgniter\CodeIgniter->handleRequest(null, Object(Config\Cache), false)
 9 FCPATH\index.php(67): CodeIgniter\CodeIgniter->run()
