CRITICAL - 2023-09-11 02:03:57 --> Undefined variable $personal
in APPPATH\Views\Compras\compras.php on line 258.
 1 APPPATH\Views\Compras\compras.php(258): CodeIgniter\Debug\Exceptions->errorHandler(2, 'Undefined variable $personal', 'C:\\xampp\\htdocs\\SistemaDeInventarios\\app\\Views\\Compras\\compras.php', 258)
 2 SYSTEMPATH\View\View.php(224): include('C:\\xampp\\htdocs\\SistemaDeInventarios\\app\\Views\\Compras\\compras.php')
 3 SYSTEMPATH\View\View.php(227): CodeIgniter\View\View->CodeIgniter\View\{closure}()
 4 SYSTEMPATH\Common.php(1180): CodeIgniter\View\View->render('Compras/compras', [], true)
 5 APPPATH\Controllers\Home.php(18): view('Compras/compras')
 6 SYSTEMPATH\CodeIgniter.php(932): App\Controllers\Home->FormularioC()
 7 SYSTEMPATH\CodeIgniter.php(497): CodeIgniter\CodeIgniter->runController(Object(App\Controllers\Home))
 8 SYSTEMPATH\CodeIgniter.php(366): CodeIgniter\CodeIgniter->handleRequest(null, Object(Config\Cache), false)
 9 FCPATH\index.php(67): CodeIgniter\CodeIgniter->run()
CRITICAL - 2023-09-11 02:05:12 --> Undefined variable $personal
in APPPATH\Views\Compras\compras.php on line 258.
 1 APPPATH\Views\Compras\compras.php(258): CodeIgniter\Debug\Exceptions->errorHandler(2, 'Undefined variable $personal', 'C:\\xampp\\htdocs\\SistemaDeInventarios\\app\\Views\\Compras\\compras.php', 258)
 2 SYSTEMPATH\View\View.php(224): include('C:\\xampp\\htdocs\\SistemaDeInventarios\\app\\Views\\Compras\\compras.php')
 3 SYSTEMPATH\View\View.php(227): CodeIgniter\View\View->CodeIgniter\View\{closure}()
 4 SYSTEMPATH\Common.php(1180): CodeIgniter\View\View->render('Compras/compras', [], true)
 5 APPPATH\Controllers\Home.php(18): view('Compras/compras')
 6 SYSTEMPATH\CodeIgniter.php(932): App\Controllers\Home->FormularioC()
 7 SYSTEMPATH\CodeIgniter.php(497): CodeIgniter\CodeIgniter->runController(Object(App\Controllers\Home))
 8 SYSTEMPATH\CodeIgniter.php(366): CodeIgniter\CodeIgniter->handleRequest(null, Object(Config\Cache), false)
 9 FCPATH\index.php(67): CodeIgniter\CodeIgniter->run()
CRITICAL - 2023-09-11 02:09:12 --> Undefined variable $personal
in APPPATH\Views\Compras\compras.php on line 258.
 1 APPPATH\Views\Compras\compras.php(258): CodeIgniter\Debug\Exceptions->errorHandler(2, 'Undefined variable $personal', 'C:\\xampp\\htdocs\\SistemaDeInventarios\\app\\Views\\Compras\\compras.php', 258)
 2 SYSTEMPATH\View\View.php(224): include('C:\\xampp\\htdocs\\SistemaDeInventarios\\app\\Views\\Compras\\compras.php')
 3 SYSTEMPATH\View\View.php(227): CodeIgniter\View\View->CodeIgniter\View\{closure}()
 4 SYSTEMPATH\Common.php(1180): CodeIgniter\View\View->render('Compras/compras', [], true)
 5 APPPATH\Controllers\Home.php(18): view('Compras/compras')
 6 SYSTEMPATH\CodeIgniter.php(932): App\Controllers\Home->FormularioC()
 7 SYSTEMPATH\CodeIgniter.php(497): CodeIgniter\CodeIgniter->runController(Object(App\Controllers\Home))
 8 SYSTEMPATH\CodeIgniter.php(366): CodeIgniter\CodeIgniter->handleRequest(null, Object(Config\Cache), false)
 9 FCPATH\index.php(67): CodeIgniter\CodeIgniter->run()
CRITICAL - 2023-09-11 02:09:56 --> Undefined variable $personal
in APPPATH\Views\Compras\compras.php on line 258.
 1 APPPATH\Views\Compras\compras.php(258): CodeIgniter\Debug\Exceptions->errorHandler(2, 'Undefined variable $personal', 'C:\\xampp\\htdocs\\SistemaDeInventarios\\app\\Views\\Compras\\compras.php', 258)
 2 SYSTEMPATH\View\View.php(224): include('C:\\xampp\\htdocs\\SistemaDeInventarios\\app\\Views\\Compras\\compras.php')
 3 SYSTEMPATH\View\View.php(227): CodeIgniter\View\View->CodeIgniter\View\{closure}()
 4 SYSTEMPATH\Common.php(1180): CodeIgniter\View\View->render('Compras/compras', [], true)
 5 APPPATH\Controllers\Home.php(18): view('Compras/compras')
 6 SYSTEMPATH\CodeIgniter.php(932): App\Controllers\Home->FormularioC()
 7 SYSTEMPATH\CodeIgniter.php(497): CodeIgniter\CodeIgniter->runController(Object(App\Controllers\Home))
 8 SYSTEMPATH\CodeIgniter.php(366): CodeIgniter\CodeIgniter->handleRequest(null, Object(Config\Cache), false)
 9 FCPATH\index.php(67): CodeIgniter\CodeIgniter->run()
CRITICAL - 2023-09-11 02:18:26 --> Undefined variable $personal
in APPPATH\Views\Compras\compras.php on line 258.
 1 APPPATH\Views\Compras\compras.php(258): CodeIgniter\Debug\Exceptions->errorHandler(2, 'Undefined variable $personal', 'C:\\xampp\\htdocs\\SistemaDeInventarios\\app\\Views\\Compras\\compras.php', 258)
 2 SYSTEMPATH\View\View.php(224): include('C:\\xampp\\htdocs\\SistemaDeInventarios\\app\\Views\\Compras\\compras.php')
 3 SYSTEMPATH\View\View.php(227): CodeIgniter\View\View->CodeIgniter\View\{closure}()
 4 SYSTEMPATH\Common.php(1180): CodeIgniter\View\View->render('Compras/compras', [], true)
 5 APPPATH\Controllers\Home.php(18): view('Compras/compras')
 6 SYSTEMPATH\CodeIgniter.php(932): App\Controllers\Home->FormularioC()
 7 SYSTEMPATH\CodeIgniter.php(497): CodeIgniter\CodeIgniter->runController(Object(App\Controllers\Home))
 8 SYSTEMPATH\CodeIgniter.php(366): CodeIgniter\CodeIgniter->handleRequest(null, Object(Config\Cache), false)
 9 FCPATH\index.php(67): CodeIgniter\CodeIgniter->run()
CRITICAL - 2023-09-11 02:22:29 --> Undefined variable $personal
in APPPATH\Views\Compras\compras.php on line 258.
 1 APPPATH\Views\Compras\compras.php(258): CodeIgniter\Debug\Exceptions->errorHandler(2, 'Undefined variable $personal', 'C:\\xampp\\htdocs\\SistemaDeInventarios\\app\\Views\\Compras\\compras.php', 258)
 2 SYSTEMPATH\View\View.php(224): include('C:\\xampp\\htdocs\\SistemaDeInventarios\\app\\Views\\Compras\\compras.php')
 3 SYSTEMPATH\View\View.php(227): CodeIgniter\View\View->CodeIgniter\View\{closure}()
 4 SYSTEMPATH\Common.php(1180): CodeIgniter\View\View->render('Compras/compras', [], true)
 5 APPPATH\Controllers\Home.php(18): view('Compras/compras')
 6 SYSTEMPATH\CodeIgniter.php(932): App\Controllers\Home->FormularioC()
 7 SYSTEMPATH\CodeIgniter.php(497): CodeIgniter\CodeIgniter->runController(Object(App\Controllers\Home))
 8 SYSTEMPATH\CodeIgniter.php(366): CodeIgniter\CodeIgniter->handleRequest(null, Object(Config\Cache), false)
 9 FCPATH\index.php(67): CodeIgniter\CodeIgniter->run()
CRITICAL - 2023-09-11 02:22:51 --> Undefined variable $est_transaccion
in APPPATH\Views\Compras\compras.php on line 257.
 1 APPPATH\Views\Compras\compras.php(257): CodeIgniter\Debug\Exceptions->errorHandler(2, 'Undefined variable $est_transaccion', 'C:\\xampp\\htdocs\\SistemaDeInventarios\\app\\Views\\Compras\\compras.php', 257)
 2 SYSTEMPATH\View\View.php(224): include('C:\\xampp\\htdocs\\SistemaDeInventarios\\app\\Views\\Compras\\compras.php')
 3 SYSTEMPATH\View\View.php(227): CodeIgniter\View\View->CodeIgniter\View\{closure}()
 4 SYSTEMPATH\Common.php(1180): CodeIgniter\View\View->render('Compras/compras', [], true)
 5 APPPATH\Controllers\Home.php(18): view('Compras/compras')
 6 SYSTEMPATH\CodeIgniter.php(932): App\Controllers\Home->FormularioC()
 7 SYSTEMPATH\CodeIgniter.php(497): CodeIgniter\CodeIgniter->runController(Object(App\Controllers\Home))
 8 SYSTEMPATH\CodeIgniter.php(366): CodeIgniter\CodeIgniter->handleRequest(null, Object(Config\Cache), false)
 9 FCPATH\index.php(67): CodeIgniter\CodeIgniter->run()
CRITICAL - 2023-09-11 02:28:18 --> Undefined variable $personal
in APPPATH\Views\Compras\compras.php on line 257.
 1 APPPATH\Views\Compras\compras.php(257): CodeIgniter\Debug\Exceptions->errorHandler(2, 'Undefined variable $personal', 'C:\\xampp\\htdocs\\SistemaDeInventarios\\app\\Views\\Compras\\compras.php', 257)
 2 SYSTEMPATH\View\View.php(224): include('C:\\xampp\\htdocs\\SistemaDeInventarios\\app\\Views\\Compras\\compras.php')
 3 SYSTEMPATH\View\View.php(227): CodeIgniter\View\View->CodeIgniter\View\{closure}()
 4 SYSTEMPATH\Common.php(1180): CodeIgniter\View\View->render('Compras/compras', [], true)
 5 APPPATH\Controllers\Home.php(18): view('Compras/compras')
 6 SYSTEMPATH\CodeIgniter.php(932): App\Controllers\Home->FormularioC()
 7 SYSTEMPATH\CodeIgniter.php(497): CodeIgniter\CodeIgniter->runController(Object(App\Controllers\Home))
 8 SYSTEMPATH\CodeIgniter.php(366): CodeIgniter\CodeIgniter->handleRequest(null, Object(Config\Cache), false)
 9 FCPATH\index.php(67): CodeIgniter\CodeIgniter->run()
CRITICAL - 2023-09-11 02:34:10 --> Undefined variable $personal
in APPPATH\Views\Compras\compras.php on line 257.
 1 APPPATH\Views\Compras\compras.php(257): CodeIgniter\Debug\Exceptions->errorHandler(2, 'Undefined variable $personal', 'C:\\xampp\\htdocs\\SistemaDeInventarios\\app\\Views\\Compras\\compras.php', 257)
 2 SYSTEMPATH\View\View.php(224): include('C:\\xampp\\htdocs\\SistemaDeInventarios\\app\\Views\\Compras\\compras.php')
 3 SYSTEMPATH\View\View.php(227): CodeIgniter\View\View->CodeIgniter\View\{closure}()
 4 SYSTEMPATH\Common.php(1180): CodeIgniter\View\View->render('Compras/compras', [], true)
 5 APPPATH\Controllers\Home.php(18): view('Compras/compras')
 6 SYSTEMPATH\CodeIgniter.php(932): App\Controllers\Home->FormularioC()
 7 SYSTEMPATH\CodeIgniter.php(497): CodeIgniter\CodeIgniter->runController(Object(App\Controllers\Home))
 8 SYSTEMPATH\CodeIgniter.php(366): CodeIgniter\CodeIgniter->handleRequest(null, Object(Config\Cache), false)
 9 FCPATH\index.php(67): CodeIgniter\CodeIgniter->run()
CRITICAL - 2023-09-11 02:34:11 --> Undefined variable $personal
in APPPATH\Views\Compras\compras.php on line 257.
 1 APPPATH\Views\Compras\compras.php(257): CodeIgniter\Debug\Exceptions->errorHandler(2, 'Undefined variable $personal', 'C:\\xampp\\htdocs\\SistemaDeInventarios\\app\\Views\\Compras\\compras.php', 257)
 2 SYSTEMPATH\View\View.php(224): include('C:\\xampp\\htdocs\\SistemaDeInventarios\\app\\Views\\Compras\\compras.php')
 3 SYSTEMPATH\View\View.php(227): CodeIgniter\View\View->CodeIgniter\View\{closure}()
 4 SYSTEMPATH\Common.php(1180): CodeIgniter\View\View->render('Compras/compras', [], true)
 5 APPPATH\Controllers\Home.php(18): view('Compras/compras')
 6 SYSTEMPATH\CodeIgniter.php(932): App\Controllers\Home->FormularioC()
 7 SYSTEMPATH\CodeIgniter.php(497): CodeIgniter\CodeIgniter->runController(Object(App\Controllers\Home))
 8 SYSTEMPATH\CodeIgniter.php(366): CodeIgniter\CodeIgniter->handleRequest(null, Object(Config\Cache), false)
 9 FCPATH\index.php(67): CodeIgniter\CodeIgniter->run()
CRITICAL - 2023-09-11 02:35:17 --> Undefined variable $personal
in APPPATH\Views\Compras\compras.php on line 255.
 1 APPPATH\Views\Compras\compras.php(255): CodeIgniter\Debug\Exceptions->errorHandler(2, 'Undefined variable $personal', 'C:\\xampp\\htdocs\\SistemaDeInventarios\\app\\Views\\Compras\\compras.php', 255)
 2 SYSTEMPATH\View\View.php(224): include('C:\\xampp\\htdocs\\SistemaDeInventarios\\app\\Views\\Compras\\compras.php')
 3 SYSTEMPATH\View\View.php(227): CodeIgniter\View\View->CodeIgniter\View\{closure}()
 4 SYSTEMPATH\Common.php(1180): CodeIgniter\View\View->render('Compras/compras', [], true)
 5 APPPATH\Controllers\Home.php(18): view('Compras/compras')
 6 SYSTEMPATH\CodeIgniter.php(932): App\Controllers\Home->FormularioC()
 7 SYSTEMPATH\CodeIgniter.php(497): CodeIgniter\CodeIgniter->runController(Object(App\Controllers\Home))
 8 SYSTEMPATH\CodeIgniter.php(366): CodeIgniter\CodeIgniter->handleRequest(null, Object(Config\Cache), false)
 9 FCPATH\index.php(67): CodeIgniter\CodeIgniter->run()
